{
  "stats": {
    "suites": 16,
    "tests": 71,
    "passes": 70,
    "pending": 1,
    "failures": 0,
    "start": "2025-08-27T09:57:53.918Z",
    "end": "2025-08-27T09:58:25.163Z",
    "duration": 31245,
    "testsRegistered": 179,
    "passPercent": 39.325842696629216,
    "pendingPercent": 0.5586592178770949,
    "other": 1,
    "hasOther": true,
    "skipped": 107,
    "hasSkipped": true
  },
  "results": [
    {
      "uuid": "324e3acd-a349-49a6-8e3a-24f29d9e916b",
      "title": "",
      "fullFile": "cypress/integration/page.spec.js",
      "file": "cypress/integration/page.spec.js",
      "beforeHooks": [],
      "afterHooks": [],
      "tests": [],
      "suites": [
        {
          "uuid": "67581cde-25e8-456c-8614-7e834e1297de",
          "title": "",
          "fullFile": "",
          "file": "",
          "beforeHooks": [],
          "afterHooks": [],
          "tests": [],
          "suites": [
            {
              "uuid": "d6ca4058-b3f5-489c-b973-362389e65fca",
              "title": "Page with no todos",
              "fullFile": "",
              "file": "",
              "beforeHooks": [],
              "afterHooks": [],
              "tests": [
                {
                  "title": "should send 1 todos request",
                  "fullTitle": " Page with no todos should send 1 todos request",
                  "timedOut": null,
                  "duration": 965,
                  "state": "passed",
                  "speed": "fast",
                  "pass": true,
                  "fail": false,
                  "pending": false,
                  "context": null,
                  "code": "const spy = cy.stub().callsFake(req => req.reply({\n  body: []\n})).as('loadCallback');\npage.mockLoad(spy).as('loadRequest');\npage.visit();\ncy.wait('@loadRequest');\ncy.wait(500);\ncy.get('@loadCallback').should('have.callCount', 1);",
                  "err": {},
                  "uuid": "276142f8-c276-4289-9053-b23262da9a41",
                  "parentUUID": "d6ca4058-b3f5-489c-b973-362389e65fca",
                  "isHook": false,
                  "skipped": false
                }
              ],
              "suites": [
                {
                  "uuid": "5ede1292-411a-46e6-b13a-d8bdf2b7559f",
                  "title": "",
                  "fullFile": "",
                  "file": "",
                  "beforeHooks": [],
                  "afterHooks": [],
                  "tests": [
                    {
                      "title": "should have NewTodoField",
                      "fullTitle": " Page with no todos  should have NewTodoField",
                      "timedOut": null,
                      "duration": 82,
                      "state": "passed",
                      "speed": "fast",
                      "pass": true,
                      "fail": false,
                      "pending": false,
                      "context": null,
                      "code": "page.newTodoField().should('exist');",
                      "err": {},
                      "uuid": "e873503d-070f-4d61-a47b-10bb33449c70",
                      "parentUUID": "5ede1292-411a-46e6-b13a-d8bdf2b7559f",
                      "isHook": false,
                      "skipped": false
                    },
                    {
                      "title": "should not have Todos",
                      "fullTitle": " Page with no todos  should not have Todos",
                      "timedOut": null,
                      "duration": 78,
                      "state": "passed",
                      "speed": "fast",
                      "pass": true,
                      "fail": false,
                      "pending": false,
                      "context": null,
                      "code": "todos.assertCount(0);",
                      "err": {},
                      "uuid": "6e0a34f1-1ed5-4175-a2e2-ce66580231f2",
                      "parentUUID": "5ede1292-411a-46e6-b13a-d8bdf2b7559f",
                      "isHook": false,
                      "skipped": false
                    },
                    {
                      "title": "should not have Footer",
                      "fullTitle": " Page with no todos  should not have Footer",
                      "timedOut": null,
                      "duration": 75,
                      "state": "passed",
                      "speed": "fast",
                      "pass": true,
                      "fail": false,
                      "pending": false,
                      "context": null,
                      "code": "filter.assertHidden();\npage.clearCompletedButton().should('not.exist');\npage.todosCounter().should('not.exist');",
                      "err": {},
                      "uuid": "0246fa7b-8e09-47bd-966e-08202c7e42a7",
                      "parentUUID": "5ede1292-411a-46e6-b13a-d8bdf2b7559f",
                      "isHook": false,
                      "skipped": false
                    },
                    {
                      "title": "should not show error message",
                      "fullTitle": " Page with no todos  should not show error message",
                      "timedOut": null,
                      "duration": 67,
                      "state": "passed",
                      "speed": "fast",
                      "pass": true,
                      "fail": false,
                      "pending": false,
                      "context": null,
                      "code": "errorMessage.assertHidden();",
                      "err": {},
                      "uuid": "00e02753-aa66-407c-84f9-48fad792f52d",
                      "parentUUID": "5ede1292-411a-46e6-b13a-d8bdf2b7559f",
                      "isHook": false,
                      "skipped": false
                    }
                  ],
                  "suites": [],
                  "passes": [
                    "e873503d-070f-4d61-a47b-10bb33449c70",
                    "6e0a34f1-1ed5-4175-a2e2-ce66580231f2",
                    "0246fa7b-8e09-47bd-966e-08202c7e42a7",
                    "00e02753-aa66-407c-84f9-48fad792f52d"
                  ],
                  "failures": [],
                  "pending": [],
                  "skipped": [],
                  "duration": 302,
                  "root": false,
                  "rootEmpty": false,
                  "_timeout": 2000
                },
                {
                  "uuid": "b3fd535d-2463-4976-92bb-3b5f8a6106ce",
                  "title": "on loading error",
                  "fullFile": "",
                  "file": "",
                  "beforeHooks": [],
                  "afterHooks": [],
                  "tests": [
                    {
                      "title": "should show error",
                      "fullTitle": " Page with no todos on loading error should show error",
                      "timedOut": null,
                      "duration": 70,
                      "state": "passed",
                      "speed": "fast",
                      "pass": true,
                      "fail": false,
                      "pending": false,
                      "context": null,
                      "code": "errorMessage.assertVisible();",
                      "err": {},
                      "uuid": "7df2d4be-c192-4885-b147-ac3486e74c07",
                      "parentUUID": "b3fd535d-2463-4976-92bb-3b5f8a6106ce",
                      "isHook": false,
                      "skipped": false
                    },
                    {
                      "title": "should show correct message",
                      "fullTitle": " Page with no todos on loading error should show correct message",
                      "timedOut": null,
                      "duration": 72,
                      "state": "passed",
                      "speed": "fast",
                      "pass": true,
                      "fail": false,
                      "pending": false,
                      "context": null,
                      "code": "errorMessage.assertText('Unable to load todos');",
                      "err": {},
                      "uuid": "b7d7f5f4-5788-4735-90da-fde4f8d20f32",
                      "parentUUID": "b3fd535d-2463-4976-92bb-3b5f8a6106ce",
                      "isHook": false,
                      "skipped": false
                    },
                    {
                      "title": "should hide error after 3 seconds",
                      "fullTitle": " Page with no todos on loading error should hide error after 3 seconds",
                      "timedOut": null,
                      "duration": 3072,
                      "state": "passed",
                      "speed": "fast",
                      "pass": true,
                      "fail": false,
                      "pending": false,
                      "context": null,
                      "code": "// just in case\ncy.wait(50);\ncy.clock();\ncy.tick(2500);\nerrorMessage.assertVisible();\ncy.tick(500);\nerrorMessage.assertHidden();",
                      "err": {},
                      "uuid": "baa05491-97d1-4471-aa22-2c303e154ace",
                      "parentUUID": "b3fd535d-2463-4976-92bb-3b5f8a6106ce",
                      "isHook": false,
                      "skipped": false
                    },
                    {
                      "title": "should hide error on close button click",
                      "fullTitle": " Page with no todos on loading error should hide error on close button click",
                      "timedOut": null,
                      "duration": 160,
                      "state": "passed",
                      "speed": "fast",
                      "pass": true,
                      "fail": false,
                      "pending": false,
                      "context": null,
                      "code": "errorMessage.closeButton().click();\nerrorMessage.assertHidden();",
                      "err": {},
                      "uuid": "45fa267a-bbb8-4788-a4b7-fb26e43b528e",
                      "parentUUID": "b3fd535d-2463-4976-92bb-3b5f8a6106ce",
                      "isHook": false,
                      "skipped": false
                    }
                  ],
                  "suites": [],
                  "passes": [
                    "7df2d4be-c192-4885-b147-ac3486e74c07",
                    "b7d7f5f4-5788-4735-90da-fde4f8d20f32",
                    "baa05491-97d1-4471-aa22-2c303e154ace",
                    "45fa267a-bbb8-4788-a4b7-fb26e43b528e"
                  ],
                  "failures": [],
                  "pending": [],
                  "skipped": [],
                  "duration": 3374,
                  "root": false,
                  "rootEmpty": false,
                  "_timeout": 2000
                }
              ],
              "passes": [
                "276142f8-c276-4289-9053-b23262da9a41"
              ],
              "failures": [],
              "pending": [],
              "skipped": [],
              "duration": 965,
              "root": false,
              "rootEmpty": false,
              "_timeout": 2000
            },
            {
              "uuid": "6c95d000-c406-44b7-8899-3dcc81897fec",
              "title": "Page with mixed todos",
              "fullFile": "",
              "file": "",
              "beforeHooks": [],
              "afterHooks": [],
              "tests": [
                {
                  "title": "should have NewTodoField",
                  "fullTitle": " Page with mixed todos should have NewTodoField",
                  "timedOut": null,
                  "duration": 77,
                  "state": "passed",
                  "speed": "fast",
                  "pass": true,
                  "fail": false,
                  "pending": false,
                  "context": null,
                  "code": "page.newTodoField().should('exist');",
                  "err": {},
                  "uuid": "70163443-4cd0-490f-8e9a-b19ec59e0a06",
                  "parentUUID": "6c95d000-c406-44b7-8899-3dcc81897fec",
                  "isHook": false,
                  "skipped": false
                },
                {
                  "title": "should have all loaded todos",
                  "fullTitle": " Page with mixed todos should have all loaded todos",
                  "timedOut": null,
                  "duration": 127,
                  "state": "passed",
                  "speed": "fast",
                  "pass": true,
                  "fail": false,
                  "pending": false,
                  "context": null,
                  "code": "todos.assertCount(5);",
                  "err": {},
                  "uuid": "ee53a8f6-f6bb-458f-aa76-7b9fc34a3455",
                  "parentUUID": "6c95d000-c406-44b7-8899-3dcc81897fec",
                  "isHook": false,
                  "skipped": false
                },
                {
                  "title": "should have delete buttons for every todo",
                  "fullTitle": " Page with mixed todos should have delete buttons for every todo",
                  "timedOut": null,
                  "duration": 72,
                  "state": "passed",
                  "speed": "fast",
                  "pass": true,
                  "fail": false,
                  "pending": false,
                  "context": null,
                  "code": "todos.deleteButton(0).should('exist');",
                  "err": {},
                  "uuid": "69b30358-b33b-4a36-a272-42f5fb28c967",
                  "parentUUID": "6c95d000-c406-44b7-8899-3dcc81897fec",
                  "isHook": false,
                  "skipped": false
                },
                {
                  "title": "should not have loaders",
                  "fullTitle": " Page with mixed todos should not have loaders",
                  "timedOut": null,
                  "duration": 83,
                  "state": "passed",
                  "speed": "fast",
                  "pass": true,
                  "fail": false,
                  "pending": false,
                  "context": null,
                  "code": "todos.assertNotLoading(0);\ntodos.assertNotLoading(1);\ntodos.assertNotLoading(2);\ntodos.assertNotLoading(3);\ntodos.assertNotLoading(4);",
                  "err": {},
                  "uuid": "5c561989-1b64-4047-bda4-51d264b32c84",
                  "parentUUID": "6c95d000-c406-44b7-8899-3dcc81897fec",
                  "isHook": false,
                  "skipped": false
                },
                {
                  "title": "should have correct todo titles",
                  "fullTitle": " Page with mixed todos should have correct todo titles",
                  "timedOut": null,
                  "duration": 85,
                  "state": "passed",
                  "speed": "fast",
                  "pass": true,
                  "fail": false,
                  "pending": false,
                  "context": null,
                  "code": "todos.assertTitle(0, 'HTML');\ntodos.assertTitle(1, 'CSS');\ntodos.assertTitle(2, 'JS');\ntodos.assertTitle(3, 'TypeScript');\ntodos.assertTitle(4, 'React');",
                  "err": {},
                  "uuid": "a0dfab76-e6ba-43e3-affa-9cc331ec9e81",
                  "parentUUID": "6c95d000-c406-44b7-8899-3dcc81897fec",
                  "isHook": false,
                  "skipped": false
                },
                {
                  "title": "should higlight all completed todos",
                  "fullTitle": " Page with mixed todos should higlight all completed todos",
                  "timedOut": null,
                  "duration": 72,
                  "state": "passed",
                  "speed": "fast",
                  "pass": true,
                  "fail": false,
                  "pending": false,
                  "context": null,
                  "code": "todos.assertCompleted(0);\ntodos.assertCompleted(1);\ntodos.assertCompleted(2);",
                  "err": {},
                  "uuid": "96b53611-0a8b-4d1b-b64d-da4a14659f0b",
                  "parentUUID": "6c95d000-c406-44b7-8899-3dcc81897fec",
                  "isHook": false,
                  "skipped": false
                },
                {
                  "title": "should not higlight not completed todos",
                  "fullTitle": " Page with mixed todos should not higlight not completed todos",
                  "timedOut": null,
                  "duration": 70,
                  "state": "passed",
                  "speed": "fast",
                  "pass": true,
                  "fail": false,
                  "pending": false,
                  "context": null,
                  "code": "todos.assertNotCompleted(3);\ntodos.assertNotCompleted(4);",
                  "err": {},
                  "uuid": "b1fac6bf-02f9-491b-9454-a169aa9109a3",
                  "parentUUID": "6c95d000-c406-44b7-8899-3dcc81897fec",
                  "isHook": false,
                  "skipped": false
                },
                {
                  "title": "should have correct completed statuses",
                  "fullTitle": " Page with mixed todos should have correct completed statuses",
                  "timedOut": null,
                  "duration": 83,
                  "state": "passed",
                  "speed": "fast",
                  "pass": true,
                  "fail": false,
                  "pending": false,
                  "context": null,
                  "code": "todos.statusToggler(0).should('be.checked');\ntodos.statusToggler(1).should('be.checked');\ntodos.statusToggler(2).should('be.checked');\ntodos.statusToggler(3).should('not.be.checked');\ntodos.statusToggler(4).should('not.be.checked');",
                  "err": {},
                  "uuid": "b9da7cc0-c5e2-4dee-b018-2c77f3a3da37",
                  "parentUUID": "6c95d000-c406-44b7-8899-3dcc81897fec",
                  "isHook": false,
                  "skipped": false
                },
                {
                  "title": "should have Filter",
                  "fullTitle": " Page with mixed todos should have Filter",
                  "timedOut": null,
                  "duration": 65,
                  "state": "passed",
                  "speed": "fast",
                  "pass": true,
                  "fail": false,
                  "pending": false,
                  "context": null,
                  "code": "filter.assertVisible();",
                  "err": {},
                  "uuid": "65cd945c-756b-4c8c-b2dd-1ab22b146000",
                  "parentUUID": "6c95d000-c406-44b7-8899-3dcc81897fec",
                  "isHook": false,
                  "skipped": false
                },
                {
                  "title": "should have todosCounter with a number of not completed todos",
                  "fullTitle": " Page with mixed todos should have todosCounter with a number of not completed todos",
                  "timedOut": null,
                  "duration": 96,
                  "state": "passed",
                  "speed": "fast",
                  "pass": true,
                  "fail": false,
                  "pending": false,
                  "context": null,
                  "code": "page.todosCounter().should('have.text', '2 items left');",
                  "err": {},
                  "uuid": "25c13d2e-33f7-4ef4-abbf-5b55be9b37c5",
                  "parentUUID": "6c95d000-c406-44b7-8899-3dcc81897fec",
                  "isHook": false,
                  "skipped": false
                },
                {
                  "title": "should have clearCompletedButton",
                  "fullTitle": " Page with mixed todos should have clearCompletedButton",
                  "timedOut": null,
                  "duration": 69,
                  "state": "passed",
                  "speed": "fast",
                  "pass": true,
                  "fail": false,
                  "pending": false,
                  "context": null,
                  "code": "page.clearCompletedButton().should('exist');",
                  "err": {},
                  "uuid": "87315883-b1b0-4809-ad79-d069f4195b9a",
                  "parentUUID": "6c95d000-c406-44b7-8899-3dcc81897fec",
                  "isHook": false,
                  "skipped": false
                },
                {
                  "title": "should have Filter",
                  "fullTitle": " Page with mixed todos should have Filter",
                  "timedOut": null,
                  "duration": 62,
                  "state": "passed",
                  "speed": "fast",
                  "pass": true,
                  "fail": false,
                  "pending": false,
                  "context": null,
                  "code": "filter.assertVisible();",
                  "err": {},
                  "uuid": "83518d9e-d25d-45cc-8452-6383779cf3e4",
                  "parentUUID": "6c95d000-c406-44b7-8899-3dcc81897fec",
                  "isHook": false,
                  "skipped": false
                },
                {
                  "title": "should not show error message",
                  "fullTitle": " Page with mixed todos should not show error message",
                  "timedOut": null,
                  "duration": 67,
                  "state": "passed",
                  "speed": "fast",
                  "pass": true,
                  "fail": false,
                  "pending": false,
                  "context": null,
                  "code": "errorMessage.assertHidden();",
                  "err": {},
                  "uuid": "d4f3d860-132c-4edc-a3e1-3721d4a712f0",
                  "parentUUID": "6c95d000-c406-44b7-8899-3dcc81897fec",
                  "isHook": false,
                  "skipped": false
                }
              ],
              "suites": [],
              "passes": [
                "70163443-4cd0-490f-8e9a-b19ec59e0a06",
                "ee53a8f6-f6bb-458f-aa76-7b9fc34a3455",
                "69b30358-b33b-4a36-a272-42f5fb28c967",
                "5c561989-1b64-4047-bda4-51d264b32c84",
                "a0dfab76-e6ba-43e3-affa-9cc331ec9e81",
                "96b53611-0a8b-4d1b-b64d-da4a14659f0b",
                "b1fac6bf-02f9-491b-9454-a169aa9109a3",
                "b9da7cc0-c5e2-4dee-b018-2c77f3a3da37",
                "65cd945c-756b-4c8c-b2dd-1ab22b146000",
                "25c13d2e-33f7-4ef4-abbf-5b55be9b37c5",
                "87315883-b1b0-4809-ad79-d069f4195b9a",
                "83518d9e-d25d-45cc-8452-6383779cf3e4",
                "d4f3d860-132c-4edc-a3e1-3721d4a712f0"
              ],
              "failures": [],
              "pending": [],
              "skipped": [],
              "duration": 1028,
              "root": false,
              "rootEmpty": false,
              "_timeout": 2000
            },
            {
              "uuid": "b1eedccb-1726-4e59-a945-a9214703a14b",
              "title": "Filtering",
              "fullFile": "",
              "file": "",
              "beforeHooks": [],
              "afterHooks": [],
              "tests": [],
              "suites": [
                {
                  "uuid": "0670e4e7-0ab6-45e6-8058-f4553d811382",
                  "title": "with mixed todos",
                  "fullFile": "",
                  "file": "",
                  "beforeHooks": [],
                  "afterHooks": [],
                  "tests": [
                    {
                      "title": "should have only filterLinkAll active",
                      "fullTitle": " Filtering with mixed todos should have only filterLinkAll active",
                      "timedOut": null,
                      "duration": 67,
                      "state": "passed",
                      "speed": "fast",
                      "pass": true,
                      "fail": false,
                      "pending": false,
                      "context": null,
                      "code": "filter.assertSelected('all');\nfilter.assertNotSelected('active');\nfilter.assertNotSelected('completed');",
                      "err": {},
                      "uuid": "6d8d5590-b48d-4411-9301-86d25b0360a5",
                      "parentUUID": "0670e4e7-0ab6-45e6-8058-f4553d811382",
                      "isHook": false,
                      "skipped": false
                    },
                    {
                      "title": "should allow to select the active filter",
                      "fullTitle": " Filtering with mixed todos should allow to select the active filter",
                      "timedOut": null,
                      "duration": 146,
                      "state": "passed",
                      "speed": "fast",
                      "pass": true,
                      "fail": false,
                      "pending": false,
                      "context": null,
                      "code": "filter.link('active').click();\nfilter.assertNotSelected('all');\nfilter.assertSelected('active');\nfilter.assertNotSelected('completed');",
                      "err": {},
                      "uuid": "10659d92-4002-411c-acb9-d618ef72eb39",
                      "parentUUID": "0670e4e7-0ab6-45e6-8058-f4553d811382",
                      "isHook": false,
                      "skipped": false
                    },
                    {
                      "title": "should show only active todos when active filter is selected",
                      "fullTitle": " Filtering with mixed todos should show only active todos when active filter is selected",
                      "timedOut": null,
                      "duration": 147,
                      "state": "passed",
                      "speed": "fast",
                      "pass": true,
                      "fail": false,
                      "pending": false,
                      "context": null,
                      "code": "filter.link('active').click();\ntodos.assertCount(2);\ntodos.assertTitle(0, 'TypeScript');\ntodos.assertTitle(1, 'React');",
                      "err": {},
                      "uuid": "c0edcb92-169e-45ca-b534-e18194106e60",
                      "parentUUID": "0670e4e7-0ab6-45e6-8058-f4553d811382",
                      "isHook": false,
                      "skipped": false
                    },
                    {
                      "title": "should keep footer when active todos are shown",
                      "fullTitle": " Filtering with mixed todos should keep footer when active todos are shown",
                      "timedOut": null,
                      "duration": 143,
                      "state": "passed",
                      "speed": "fast",
                      "pass": true,
                      "fail": false,
                      "pending": false,
                      "context": null,
                      "code": "filter.link('active').click();\npage.todosCounter().should('have.text', '2 items left');\nfilter.assertVisible();\npage.clearCompletedButton().should('exist');",
                      "err": {},
                      "uuid": "6406ce0f-48e9-436d-8e4c-676cb375c677",
                      "parentUUID": "0670e4e7-0ab6-45e6-8058-f4553d811382",
                      "isHook": false,
                      "skipped": false
                    },
                    {
                      "title": "should allow to select the completed filter",
                      "fullTitle": " Filtering with mixed todos should allow to select the completed filter",
                      "timedOut": null,
                      "duration": 146,
                      "state": "passed",
                      "speed": "fast",
                      "pass": true,
                      "fail": false,
                      "pending": false,
                      "context": null,
                      "code": "filter.link('completed').click();\nfilter.assertNotSelected('all');\nfilter.assertNotSelected('active');\nfilter.assertSelected('completed');",
                      "err": {},
                      "uuid": "f33bb70c-1e95-490b-a6b8-91a1be4dbd66",
                      "parentUUID": "0670e4e7-0ab6-45e6-8058-f4553d811382",
                      "isHook": false,
                      "skipped": false
                    },
                    {
                      "title": "should show only completed todos when completed filter is selected",
                      "fullTitle": " Filtering with mixed todos should show only completed todos when completed filter is selected",
                      "timedOut": null,
                      "duration": 149,
                      "state": "passed",
                      "speed": "fast",
                      "pass": true,
                      "fail": false,
                      "pending": false,
                      "context": null,
                      "code": "filter.link('completed').click();\ntodos.assertCount(3);\ntodos.assertTitle(0, 'HTML');\ntodos.assertTitle(1, 'CSS');\ntodos.assertTitle(2, 'JS');",
                      "err": {},
                      "uuid": "94c46307-ec79-4173-9bd2-3e47b6c4c496",
                      "parentUUID": "0670e4e7-0ab6-45e6-8058-f4553d811382",
                      "isHook": false,
                      "skipped": false
                    },
                    {
                      "title": "should keep footer when completed todos are shown",
                      "fullTitle": " Filtering with mixed todos should keep footer when completed todos are shown",
                      "timedOut": null,
                      "duration": 142,
                      "state": "passed",
                      "speed": "fast",
                      "pass": true,
                      "fail": false,
                      "pending": false,
                      "context": null,
                      "code": "filter.link('completed').click();\npage.todosCounter().should('have.text', '2 items left');\nfilter.assertVisible();\npage.clearCompletedButton().should('exist');",
                      "err": {},
                      "uuid": "711cb9a0-3c66-4d53-95f5-276c2fb14677",
                      "parentUUID": "0670e4e7-0ab6-45e6-8058-f4553d811382",
                      "isHook": false,
                      "skipped": false
                    },
                    {
                      "title": "should allow to reset filter",
                      "fullTitle": " Filtering with mixed todos should allow to reset filter",
                      "timedOut": null,
                      "duration": 223,
                      "state": "passed",
                      "speed": "fast",
                      "pass": true,
                      "fail": false,
                      "pending": false,
                      "context": null,
                      "code": "filter.link('completed').click();\nfilter.link('all').click();\ntodos.assertCount(5);\nfilter.assertSelected('all');\nfilter.assertNotSelected('active');\nfilter.assertNotSelected('completed');",
                      "err": {},
                      "uuid": "895bb6b1-279f-4e51-88d8-cef6e1d8bed0",
                      "parentUUID": "0670e4e7-0ab6-45e6-8058-f4553d811382",
                      "isHook": false,
                      "skipped": false
                    }
                  ],
                  "suites": [],
                  "passes": [
                    "6d8d5590-b48d-4411-9301-86d25b0360a5",
                    "10659d92-4002-411c-acb9-d618ef72eb39",
                    "c0edcb92-169e-45ca-b534-e18194106e60",
                    "6406ce0f-48e9-436d-8e4c-676cb375c677",
                    "f33bb70c-1e95-490b-a6b8-91a1be4dbd66",
                    "94c46307-ec79-4173-9bd2-3e47b6c4c496",
                    "711cb9a0-3c66-4d53-95f5-276c2fb14677",
                    "895bb6b1-279f-4e51-88d8-cef6e1d8bed0"
                  ],
                  "failures": [],
                  "pending": [],
                  "skipped": [],
                  "duration": 1163,
                  "root": false,
                  "rootEmpty": false,
                  "_timeout": 2000
                },
                {
                  "uuid": "3f9b64ee-149b-445d-908c-c2646eacc6b0",
                  "title": "with active todos only",
                  "fullFile": "",
                  "file": "",
                  "beforeHooks": [],
                  "afterHooks": [],
                  "tests": [
                    {
                      "title": "should hide todos on completed selection",
                      "fullTitle": " Filtering with active todos only should hide todos on completed selection",
                      "timedOut": null,
                      "duration": 159,
                      "state": "passed",
                      "speed": "fast",
                      "pass": true,
                      "fail": false,
                      "pending": false,
                      "context": null,
                      "code": "filter.link('completed').click();\ntodos.assertCount(0);",
                      "err": {},
                      "uuid": "dda42c9c-222a-4a4c-867d-ed77d8098eca",
                      "parentUUID": "3f9b64ee-149b-445d-908c-c2646eacc6b0",
                      "isHook": false,
                      "skipped": false
                    },
                    {
                      "title": "should keep footer on completed selection",
                      "fullTitle": " Filtering with active todos only should keep footer on completed selection",
                      "timedOut": null,
                      "duration": 143,
                      "state": "passed",
                      "speed": "fast",
                      "pass": true,
                      "fail": false,
                      "pending": false,
                      "context": null,
                      "code": "filter.link('completed').click();\nfilter.assertVisible();",
                      "err": {},
                      "uuid": "eccaebdc-d0d4-472a-8a07-6d9fd13da760",
                      "parentUUID": "3f9b64ee-149b-445d-908c-c2646eacc6b0",
                      "isHook": false,
                      "skipped": false
                    },
                    {
                      "title": "should keep todos counter on completed selection",
                      "fullTitle": " Filtering with active todos only should keep todos counter on completed selection",
                      "timedOut": null,
                      "duration": 141,
                      "state": "passed",
                      "speed": "fast",
                      "pass": true,
                      "fail": false,
                      "pending": false,
                      "context": null,
                      "code": "filter.link('completed').click();\npage.todosCounter().should('have.text', '5 items left');",
                      "err": {},
                      "uuid": "2b59ea24-c1ef-470e-8b24-8d6de5a4201a",
                      "parentUUID": "3f9b64ee-149b-445d-908c-c2646eacc6b0",
                      "isHook": false,
                      "skipped": false
                    }
                  ],
                  "suites": [],
                  "passes": [
                    "dda42c9c-222a-4a4c-867d-ed77d8098eca",
                    "eccaebdc-d0d4-472a-8a07-6d9fd13da760",
                    "2b59ea24-c1ef-470e-8b24-8d6de5a4201a"
                  ],
                  "failures": [],
                  "pending": [],
                  "skipped": [],
                  "duration": 443,
                  "root": false,
                  "rootEmpty": false,
                  "_timeout": 2000
                },
                {
                  "uuid": "759991f3-f29e-4404-9293-8b9eb94d6be1",
                  "title": "with completed todos only",
                  "fullFile": "",
                  "file": "",
                  "beforeHooks": [],
                  "afterHooks": [],
                  "tests": [
                    {
                      "title": "should hide todos on active selection",
                      "fullTitle": " Filtering with completed todos only should hide todos on active selection",
                      "timedOut": null,
                      "duration": 155,
                      "state": "passed",
                      "speed": "fast",
                      "pass": true,
                      "fail": false,
                      "pending": false,
                      "context": null,
                      "code": "filter.link('active').click();\ntodos.assertCount(0);",
                      "err": {},
                      "uuid": "d6d1b1c9-2a1b-449d-9f4d-da4579f00267",
                      "parentUUID": "759991f3-f29e-4404-9293-8b9eb94d6be1",
                      "isHook": false,
                      "skipped": false
                    },
                    {
                      "title": "should keep footer on active selection",
                      "fullTitle": " Filtering with completed todos only should keep footer on active selection",
                      "timedOut": null,
                      "duration": 155,
                      "state": "passed",
                      "speed": "fast",
                      "pass": true,
                      "fail": false,
                      "pending": false,
                      "context": null,
                      "code": "filter.link('active').click();\nfilter.assertVisible();",
                      "err": {},
                      "uuid": "7b00a7f9-f6a7-4dc7-8d6b-80679260f177",
                      "parentUUID": "759991f3-f29e-4404-9293-8b9eb94d6be1",
                      "isHook": false,
                      "skipped": false
                    },
                    {
                      "title": "should keep todos counter on active selection",
                      "fullTitle": " Filtering with completed todos only should keep todos counter on active selection",
                      "timedOut": null,
                      "duration": 153,
                      "state": "passed",
                      "speed": "fast",
                      "pass": true,
                      "fail": false,
                      "pending": false,
                      "context": null,
                      "code": "filter.link('active').click();\npage.todosCounter().should('have.text', '0 items left');",
                      "err": {},
                      "uuid": "e872cfee-29a3-4c20-982e-145a1ca73730",
                      "parentUUID": "759991f3-f29e-4404-9293-8b9eb94d6be1",
                      "isHook": false,
                      "skipped": false
                    }
                  ],
                  "suites": [],
                  "passes": [
                    "d6d1b1c9-2a1b-449d-9f4d-da4579f00267",
                    "7b00a7f9-f6a7-4dc7-8d6b-80679260f177",
                    "e872cfee-29a3-4c20-982e-145a1ca73730"
                  ],
                  "failures": [],
                  "pending": [],
                  "skipped": [],
                  "duration": 463,
                  "root": false,
                  "rootEmpty": false,
                  "_timeout": 2000
                }
              ],
              "passes": [],
              "failures": [],
              "pending": [],
              "skipped": [],
              "duration": 0,
              "root": false,
              "rootEmpty": false,
              "_timeout": 2000
            },
            {
              "uuid": "ddbb0766-f12e-48ba-bb0c-f035459097ed",
              "title": "Adding a todo",
              "fullFile": "",
              "file": "",
              "beforeHooks": [],
              "afterHooks": [],
              "tests": [
                {
                  "title": "should focus text field by default",
                  "fullTitle": " Adding a todo should focus text field by default",
                  "timedOut": null,
                  "duration": 66,
                  "state": "passed",
                  "speed": "fast",
                  "pass": true,
                  "fail": false,
                  "pending": false,
                  "context": null,
                  "code": "page.newTodoField().should('be.focused');",
                  "err": {},
                  "uuid": "a84bd77d-56a3-417e-ba75-793971becba6",
                  "parentUUID": "ddbb0766-f12e-48ba-bb0c-f035459097ed",
                  "isHook": false,
                  "skipped": false
                }
              ],
              "suites": [
                {
                  "uuid": "e676c701-d9f9-4999-bee0-5a66fae113bb",
                  "title": "if title is empty",
                  "fullFile": "",
                  "file": "",
                  "beforeHooks": [],
                  "afterHooks": [],
                  "tests": [
                    {
                      "title": "should not send a request",
                      "fullTitle": " Adding a todo if title is empty should not send a request",
                      "timedOut": null,
                      "duration": 141,
                      "state": "passed",
                      "speed": "fast",
                      "pass": true,
                      "fail": false,
                      "pending": false,
                      "context": null,
                      "code": "cy.get('@createCallback').should('not.be.called');",
                      "err": {},
                      "uuid": "6cd71914-b7f4-402d-bf97-b1b572cd2a87",
                      "parentUUID": "e676c701-d9f9-4999-bee0-5a66fae113bb",
                      "isHook": false,
                      "skipped": false
                    },
                    {
                      "title": "should keep text field focused",
                      "fullTitle": " Adding a todo if title is empty should keep text field focused",
                      "timedOut": null,
                      "duration": 136,
                      "state": "passed",
                      "speed": "fast",
                      "pass": true,
                      "fail": false,
                      "pending": false,
                      "context": null,
                      "code": "page.newTodoField().should('be.focused');",
                      "err": {},
                      "uuid": "b12d6fdd-4d34-4a68-b638-fc8f1bbed738",
                      "parentUUID": "e676c701-d9f9-4999-bee0-5a66fae113bb",
                      "isHook": false,
                      "skipped": false
                    },
                    {
                      "title": "should display an error message",
                      "fullTitle": " Adding a todo if title is empty should display an error message",
                      "timedOut": null,
                      "duration": 142,
                      "state": "passed",
                      "speed": "fast",
                      "pass": true,
                      "fail": false,
                      "pending": false,
                      "context": null,
                      "code": "errorMessage.assertVisible();\nerrorMessage.assertText('Title should not be empty');",
                      "err": {},
                      "uuid": "d6b1b80c-bf9d-49b0-a4a4-e77350d2d46c",
                      "parentUUID": "e676c701-d9f9-4999-bee0-5a66fae113bb",
                      "isHook": false,
                      "skipped": false
                    },
                    {
                      "title": "should hide an error message after 3 seconds",
                      "fullTitle": " Adding a todo if title is empty should hide an error message after 3 seconds",
                      "timedOut": null,
                      "duration": 3099,
                      "state": "passed",
                      "speed": "fast",
                      "pass": true,
                      "fail": false,
                      "pending": false,
                      "context": null,
                      "code": "// just in case\ncy.wait(50);\ncy.clock();\ncy.tick(3000);\nerrorMessage.assertHidden();",
                      "err": {},
                      "uuid": "fb9268d4-61d0-459c-a249-699a8f7989fc",
                      "parentUUID": "e676c701-d9f9-4999-bee0-5a66fae113bb",
                      "isHook": false,
                      "skipped": false
                    }
                  ],
                  "suites": [],
                  "passes": [
                    "6cd71914-b7f4-402d-bf97-b1b572cd2a87",
                    "b12d6fdd-4d34-4a68-b638-fc8f1bbed738",
                    "d6b1b80c-bf9d-49b0-a4a4-e77350d2d46c",
                    "fb9268d4-61d0-459c-a249-699a8f7989fc"
                  ],
                  "failures": [],
                  "pending": [],
                  "skipped": [],
                  "duration": 3518,
                  "root": false,
                  "rootEmpty": false,
                  "_timeout": 2000
                },
                {
                  "uuid": "b1961091-7313-4848-ba18-917f3380f336",
                  "title": "if title title has only whitespaces",
                  "fullFile": "",
                  "file": "",
                  "beforeHooks": [],
                  "afterHooks": [],
                  "tests": [
                    {
                      "title": "should not send a request",
                      "fullTitle": " Adding a todo if title title has only whitespaces should not send a request",
                      "timedOut": null,
                      "duration": 204,
                      "state": "passed",
                      "speed": "fast",
                      "pass": true,
                      "fail": false,
                      "pending": false,
                      "context": null,
                      "code": "cy.get('@createCallback').should('not.be.called');",
                      "err": {},
                      "uuid": "54c92467-0a7c-49a0-91d0-3ebdb4fd8757",
                      "parentUUID": "b1961091-7313-4848-ba18-917f3380f336",
                      "isHook": false,
                      "skipped": false
                    },
                    {
                      "title": "should keep text field focused",
                      "fullTitle": " Adding a todo if title title has only whitespaces should keep text field focused",
                      "timedOut": null,
                      "duration": 201,
                      "state": "passed",
                      "speed": "fast",
                      "pass": true,
                      "fail": false,
                      "pending": false,
                      "context": null,
                      "code": "page.newTodoField().should('be.focused');",
                      "err": {},
                      "uuid": "ef1392b1-e402-4c36-b3cc-a07d86a1b18c",
                      "parentUUID": "b1961091-7313-4848-ba18-917f3380f336",
                      "isHook": false,
                      "skipped": false
                    },
                    {
                      "title": "should display an error message",
                      "fullTitle": " Adding a todo if title title has only whitespaces should display an error message",
                      "timedOut": null,
                      "duration": 207,
                      "state": "passed",
                      "speed": "fast",
                      "pass": true,
                      "fail": false,
                      "pending": false,
                      "context": null,
                      "code": "errorMessage.assertVisible();\nerrorMessage.assertText('Title should not be empty');",
                      "err": {},
                      "uuid": "69d641f2-1778-46db-b20c-93cf63719824",
                      "parentUUID": "b1961091-7313-4848-ba18-917f3380f336",
                      "isHook": false,
                      "skipped": false
                    },
                    {
                      "title": "should hide an error message after 3 seconds",
                      "fullTitle": " Adding a todo if title title has only whitespaces should hide an error message after 3 seconds",
                      "timedOut": null,
                      "duration": 3149,
                      "state": "passed",
                      "speed": "fast",
                      "pass": true,
                      "fail": false,
                      "pending": false,
                      "context": null,
                      "code": "// just in case\ncy.wait(50);\ncy.clock();\ncy.tick(3000);\nerrorMessage.assertHidden();",
                      "err": {},
                      "uuid": "78fa200d-f6e9-48f1-9b6f-ce42dc7c4d14",
                      "parentUUID": "b1961091-7313-4848-ba18-917f3380f336",
                      "isHook": false,
                      "skipped": false
                    }
                  ],
                  "suites": [],
                  "passes": [
                    "54c92467-0a7c-49a0-91d0-3ebdb4fd8757",
                    "ef1392b1-e402-4c36-b3cc-a07d86a1b18c",
                    "69d641f2-1778-46db-b20c-93cf63719824",
                    "78fa200d-f6e9-48f1-9b6f-ce42dc7c4d14"
                  ],
                  "failures": [],
                  "pending": [],
                  "skipped": [],
                  "duration": 3761,
                  "root": false,
                  "rootEmpty": false,
                  "_timeout": 2000
                },
                {
                  "uuid": "75d5fef0-f0a9-441b-9dcf-1f8c1e6f1a87",
                  "title": "after form submition before response is received",
                  "fullFile": "",
                  "file": "",
                  "beforeHooks": [],
                  "afterHooks": [],
                  "tests": [
                    {
                      "title": "should send a create request",
                      "fullTitle": " Adding a todo after form submition before response is received should send a create request",
                      "timedOut": null,
                      "duration": 275,
                      "state": "passed",
                      "speed": "fast",
                      "pass": true,
                      "fail": false,
                      "pending": false,
                      "context": null,
                      "code": "cy.tick(1000);\ncy.get('@createCallback').should('have.callCount', 1);",
                      "err": {},
                      "uuid": "7f12457a-ff70-4a3c-854f-a734110d4c24",
                      "parentUUID": "75d5fef0-f0a9-441b-9dcf-1f8c1e6f1a87",
                      "isHook": false,
                      "skipped": false
                    },
                    {
                      "title": "should disable the input",
                      "fullTitle": " Adding a todo after form submition before response is received should disable the input",
                      "timedOut": null,
                      "duration": 255,
                      "state": "passed",
                      "speed": "fast",
                      "pass": true,
                      "fail": false,
                      "pending": false,
                      "context": null,
                      "code": "page.newTodoField().should('be.disabled');",
                      "err": {},
                      "uuid": "f53609e8-7e97-4a92-bdc2-16addbaf7c20",
                      "parentUUID": "75d5fef0-f0a9-441b-9dcf-1f8c1e6f1a87",
                      "isHook": false,
                      "skipped": false
                    },
                    {
                      "title": "should keep entered text",
                      "fullTitle": " Adding a todo after form submition before response is received should keep entered text",
                      "timedOut": null,
                      "duration": 252,
                      "state": "passed",
                      "speed": "fast",
                      "pass": true,
                      "fail": false,
                      "pending": false,
                      "context": null,
                      "code": "page.newTodoField().should('have.value', 'Test Todo');",
                      "err": {},
                      "uuid": "b3410474-ed86-4f5f-adcd-4bb03dfae648",
                      "parentUUID": "75d5fef0-f0a9-441b-9dcf-1f8c1e6f1a87",
                      "isHook": false,
                      "skipped": false
                    },
                    {
                      "title": "should create and show a temp TodoItem with Loader",
                      "fullTitle": " Adding a todo after form submition before response is received should create and show a temp TodoItem with Loader",
                      "timedOut": null,
                      "duration": 253,
                      "state": "passed",
                      "speed": "fast",
                      "pass": true,
                      "fail": false,
                      "pending": false,
                      "context": null,
                      "code": "todos.assertCount(6);\ntodos.assertLoading(5);",
                      "err": {},
                      "uuid": "cbd74394-f831-40fd-a4cc-cb2b7badf569",
                      "parentUUID": "75d5fef0-f0a9-441b-9dcf-1f8c1e6f1a87",
                      "isHook": false,
                      "skipped": false
                    },
                    {
                      "title": "should show a temp TodoItem with correct title",
                      "fullTitle": " Adding a todo after form submition before response is received should show a temp TodoItem with correct title",
                      "timedOut": null,
                      "duration": 281,
                      "state": "passed",
                      "speed": "fast",
                      "pass": true,
                      "fail": false,
                      "pending": false,
                      "context": null,
                      "code": "todos.assertTitle(5, 'Test Todo');",
                      "err": {},
                      "uuid": "a23acf2d-b923-430c-a5bd-713c71b7aad8",
                      "parentUUID": "75d5fef0-f0a9-441b-9dcf-1f8c1e6f1a87",
                      "isHook": false,
                      "skipped": false
                    },
                    {
                      "title": "should show a not completed temp TodoItem",
                      "fullTitle": " Adding a todo after form submition before response is received should show a not completed temp TodoItem",
                      "timedOut": null,
                      "duration": 253,
                      "state": "passed",
                      "speed": "fast",
                      "pass": true,
                      "fail": false,
                      "pending": false,
                      "context": null,
                      "code": "todos.assertNotCompleted(5);",
                      "err": {},
                      "uuid": "09397878-cffe-4df5-a34a-2656d736c8eb",
                      "parentUUID": "75d5fef0-f0a9-441b-9dcf-1f8c1e6f1a87",
                      "isHook": false,
                      "skipped": false
                    },
                    {
                      "title": "should not show loaders for existing todos",
                      "fullTitle": " Adding a todo after form submition before response is received should not show loaders for existing todos",
                      "timedOut": null,
                      "duration": 266,
                      "state": "passed",
                      "speed": "fast",
                      "pass": true,
                      "fail": false,
                      "pending": false,
                      "context": null,
                      "code": "todos.assertNotLoading(0);\ntodos.assertNotLoading(1);\ntodos.assertNotLoading(2);\ntodos.assertNotLoading(3);\ntodos.assertNotLoading(4);",
                      "err": {},
                      "uuid": "41166f54-657d-4d94-86cc-04b158f5e1c0",
                      "parentUUID": "75d5fef0-f0a9-441b-9dcf-1f8c1e6f1a87",
                      "isHook": false,
                      "skipped": false
                    },
                    {
                      "title": "should not update active counter",
                      "fullTitle": " Adding a todo after form submition before response is received should not update active counter",
                      "timedOut": null,
                      "duration": 250,
                      "state": "passed",
                      "speed": "fast",
                      "pass": true,
                      "fail": false,
                      "pending": false,
                      "context": null,
                      "code": "page.todosCounter().should('have.text', '2 items left');",
                      "err": {},
                      "uuid": "49f35bdc-0faf-4eaf-ad90-225d3a96fab2",
                      "parentUUID": "75d5fef0-f0a9-441b-9dcf-1f8c1e6f1a87",
                      "isHook": false,
                      "skipped": false
                    }
                  ],
                  "suites": [],
                  "passes": [
                    "7f12457a-ff70-4a3c-854f-a734110d4c24",
                    "f53609e8-7e97-4a92-bdc2-16addbaf7c20",
                    "b3410474-ed86-4f5f-adcd-4bb03dfae648",
                    "cbd74394-f831-40fd-a4cc-cb2b7badf569",
                    "a23acf2d-b923-430c-a5bd-713c71b7aad8",
                    "09397878-cffe-4df5-a34a-2656d736c8eb",
                    "41166f54-657d-4d94-86cc-04b158f5e1c0",
                    "49f35bdc-0faf-4eaf-ad90-225d3a96fab2"
                  ],
                  "failures": [],
                  "pending": [],
                  "skipped": [],
                  "duration": 2085,
                  "root": false,
                  "rootEmpty": false,
                  "_timeout": 2000
                },
                {
                  "uuid": "28fc15c7-f4ac-4b5e-a46a-6e8f9c61d514",
                  "title": "on success response",
                  "fullFile": "",
                  "file": "",
                  "beforeHooks": [],
                  "afterHooks": [],
                  "tests": [
                    {
                      "title": "should add trimmed title",
                      "fullTitle": " Adding a todo on success response should add trimmed title",
                      "timedOut": null,
                      "duration": 411,
                      "state": "passed",
                      "speed": "fast",
                      "pass": true,
                      "fail": false,
                      "pending": false,
                      "context": null,
                      "code": "page.mockCreate().as('createRequest');\npage.newTodoField().type('  Other Title    {enter}');\ncy.wait('@createRequest');\n// just in case\npage.flushJSTimers();\ntodos.assertTitle(5, 'Other Title');",
                      "err": {},
                      "uuid": "322b867e-771e-49ca-992e-080d2f1c90ce",
                      "parentUUID": "28fc15c7-f4ac-4b5e-a46a-6e8f9c61d514",
                      "isHook": false,
                      "skipped": false
                    },
                    {
                      "title": "should keep current filter",
                      "fullTitle": " Adding a todo on success response should keep current filter",
                      "timedOut": null,
                      "duration": 394,
                      "state": "passed",
                      "speed": "fast",
                      "pass": true,
                      "fail": false,
                      "pending": false,
                      "context": null,
                      "code": "page.mockCreate().as('createRequest');\nfilter.link('active').click();\npage.newTodoField().type('Test Todo{enter}');\ncy.wait('@createRequest');\nfilter.assertSelected('active');",
                      "err": {},
                      "uuid": "e8be618a-6327-4ad9-a29c-7242d1cc11dd",
                      "parentUUID": "28fc15c7-f4ac-4b5e-a46a-6e8f9c61d514",
                      "isHook": false,
                      "skipped": false
                    }
                  ],
                  "suites": [
                    {
                      "uuid": "37c8f743-b665-4650-b5f2-0c464993dc4c",
                      "title": "",
                      "fullFile": "",
                      "file": "",
                      "beforeHooks": [],
                      "afterHooks": [],
                      "tests": [
                        {
                          "title": "should replace loader with a created todo",
                          "fullTitle": " Adding a todo on success response  should replace loader with a created todo",
                          "timedOut": null,
                          "duration": 0,
                          "state": "pending",
                          "speed": null,
                          "pass": false,
                          "fail": false,
                          "pending": true,
                          "context": null,
                          "code": "page.flushJSTimers();\ntodos.assertCount(6);\ntodos.assertNotLoading(5);",
                          "err": {},
                          "uuid": "dfda7aca-822b-4390-a4ac-45922d327861",
                          "parentUUID": "37c8f743-b665-4650-b5f2-0c464993dc4c",
                          "isHook": false,
                          "skipped": false
                        },
                        {
                          "title": "should add a todo with a correct title",
                          "fullTitle": " Adding a todo on success response  should add a todo with a correct title",
                          "timedOut": null,
                          "duration": 254,
                          "state": "passed",
                          "speed": "fast",
                          "pass": true,
                          "fail": false,
                          "pending": false,
                          "context": null,
                          "code": "todos.assertTitle(5, 'Test Todo');",
                          "err": {},
                          "uuid": "241a1f01-2e8e-4906-8dd8-f3e1bbe46f99",
                          "parentUUID": "37c8f743-b665-4650-b5f2-0c464993dc4c",
                          "isHook": false,
                          "skipped": false
                        },
                        {
                          "title": "should add a not completed todo",
                          "fullTitle": " Adding a todo on success response  should add a not completed todo",
                          "timedOut": null,
                          "duration": 270,
                          "state": "passed",
                          "speed": "fast",
                          "pass": true,
                          "fail": false,
                          "pending": false,
                          "context": null,
                          "code": "todos.assertNotCompleted(5);",
                          "err": {},
                          "uuid": "fbb3b973-e715-4c04-ba58-466c819206f3",
                          "parentUUID": "37c8f743-b665-4650-b5f2-0c464993dc4c",
                          "isHook": false,
                          "skipped": false
                        },
                        {
                          "title": "should update active counter",
                          "fullTitle": " Adding a todo on success response  should update active counter",
                          "timedOut": null,
                          "duration": 250,
                          "state": "passed",
                          "speed": "fast",
                          "pass": true,
                          "fail": false,
                          "pending": false,
                          "context": null,
                          "code": "page.todosCounter().should('have.text', '3 items left');",
                          "err": {},
                          "uuid": "246fce48-8b98-40e8-97a0-2eaf45572340",
                          "parentUUID": "37c8f743-b665-4650-b5f2-0c464993dc4c",
                          "isHook": false,
                          "skipped": false
                        },
                        {
                          "title": "should enable the text field",
                          "fullTitle": " Adding a todo on success response  should enable the text field",
                          "timedOut": null,
                          "duration": 250,
                          "state": "passed",
                          "speed": "fast",
                          "pass": true,
                          "fail": false,
                          "pending": false,
                          "context": null,
                          "code": "page.newTodoField().should('not.be.disabled');",
                          "err": {},
                          "uuid": "22b122bc-5436-40b8-a39f-0338f0a4dd6f",
                          "parentUUID": "37c8f743-b665-4650-b5f2-0c464993dc4c",
                          "isHook": false,
                          "skipped": false
                        },
                        {
                          "title": "should not show error message",
                          "fullTitle": " Adding a todo on success response  should not show error message",
                          "timedOut": null,
                          "duration": 252,
                          "state": "passed",
                          "speed": "fast",
                          "pass": true,
                          "fail": false,
                          "pending": false,
                          "context": null,
                          "code": "errorMessage.assertHidden();",
                          "err": {},
                          "uuid": "9621c33c-d867-494e-add6-0893b0a3b155",
                          "parentUUID": "37c8f743-b665-4650-b5f2-0c464993dc4c",
                          "isHook": false,
                          "skipped": false
                        },
                        {
                          "title": "should clear text field",
                          "fullTitle": " Adding a todo on success response  should clear text field",
                          "timedOut": null,
                          "duration": 251,
                          "state": "passed",
                          "speed": "fast",
                          "pass": true,
                          "fail": false,
                          "pending": false,
                          "context": null,
                          "code": "page.newTodoField().should('have.value', '');",
                          "err": {},
                          "uuid": "34890213-8509-4df0-9b2c-c27bb170d3a2",
                          "parentUUID": "37c8f743-b665-4650-b5f2-0c464993dc4c",
                          "isHook": false,
                          "skipped": false
                        },
                        {
                          "title": "should focus text field",
                          "fullTitle": " Adding a todo on success response  should focus text field",
                          "timedOut": null,
                          "duration": 255,
                          "state": "passed",
                          "speed": "fast",
                          "pass": true,
                          "fail": false,
                          "pending": false,
                          "context": null,
                          "code": "page.newTodoField().should('be.focused');",
                          "err": {},
                          "uuid": "7124159c-2d9f-47c4-b358-5ce2ad6374ce",
                          "parentUUID": "37c8f743-b665-4650-b5f2-0c464993dc4c",
                          "isHook": false,
                          "skipped": false
                        },
                        {
                          "title": "should allow to add one more todo",
                          "fullTitle": " Adding a todo on success response  should allow to add one more todo",
                          "timedOut": null,
                          "duration": 513,
                          "state": "passed",
                          "speed": "fast",
                          "pass": true,
                          "fail": false,
                          "pending": false,
                          "context": null,
                          "code": "page.mockCreate().as('createRequest2');\npage.newTodoField().type('Hello world{enter}');\ncy.wait('@createRequest2');\npage.flushJSTimers();\ntodos.assertCount(7);\n// todos.assertNotLoading(6);\ntodos.assertNotCompleted(6);\ntodos.assertTitle(6, 'Hello world');\npage.todosCounter().should('have.text', '4 items left');",
                          "err": {},
                          "uuid": "1cfcb233-c3d7-45f5-b9e1-c5d1cb81da81",
                          "parentUUID": "37c8f743-b665-4650-b5f2-0c464993dc4c",
                          "isHook": false,
                          "skipped": false
                        }
                      ],
                      "suites": [],
                      "passes": [
                        "241a1f01-2e8e-4906-8dd8-f3e1bbe46f99",
                        "fbb3b973-e715-4c04-ba58-466c819206f3",
                        "246fce48-8b98-40e8-97a0-2eaf45572340",
                        "22b122bc-5436-40b8-a39f-0338f0a4dd6f",
                        "9621c33c-d867-494e-add6-0893b0a3b155",
                        "34890213-8509-4df0-9b2c-c27bb170d3a2",
                        "7124159c-2d9f-47c4-b358-5ce2ad6374ce",
                        "1cfcb233-c3d7-45f5-b9e1-c5d1cb81da81"
                      ],
                      "failures": [],
                      "pending": [
                        "dfda7aca-822b-4390-a4ac-45922d327861"
                      ],
                      "skipped": [],
                      "duration": 2295,
                      "root": false,
                      "rootEmpty": false,
                      "_timeout": 2000
                    }
                  ],
                  "passes": [
                    "322b867e-771e-49ca-992e-080d2f1c90ce",
                    "e8be618a-6327-4ad9-a29c-7242d1cc11dd"
                  ],
                  "failures": [],
                  "pending": [],
                  "skipped": [],
                  "duration": 805,
                  "root": false,
                  "rootEmpty": false,
                  "_timeout": 2000
                },
                {
                  "uuid": "09f6ede6-0bc3-4f96-a6bc-7369f025307a",
                  "title": "on request fail",
                  "fullFile": "",
                  "file": "",
                  "beforeHooks": [],
                  "afterHooks": [],
                  "tests": [
                    {
                      "title": "should show an error message",
                      "fullTitle": " Adding a todo on request fail should show an error message",
                      "timedOut": null,
                      "duration": 261,
                      "state": "passed",
                      "speed": "fast",
                      "pass": true,
                      "fail": false,
                      "pending": false,
                      "context": null,
                      "code": "errorMessage.assertVisible();\nerrorMessage.assertText('Unable to add a todo');",
                      "err": {},
                      "uuid": "f6ae5e45-96a3-4471-85c5-37ca49d23cb8",
                      "parentUUID": "09f6ede6-0bc3-4f96-a6bc-7369f025307a",
                      "isHook": false,
                      "skipped": false
                    },
                    {
                      "title": "should hide an error message in 3 seconds",
                      "fullTitle": " Adding a todo on request fail should hide an error message in 3 seconds",
                      "timedOut": null,
                      "duration": 3222,
                      "state": "passed",
                      "speed": "fast",
                      "pass": true,
                      "fail": false,
                      "pending": false,
                      "context": null,
                      "code": "// just in case\ncy.wait(50);\ncy.clock();\ncy.tick(2500);\nerrorMessage.assertVisible();\ncy.tick(500);\nerrorMessage.assertHidden();",
                      "err": {},
                      "uuid": "a3068877-ba48-4d31-b46c-5908303c88ee",
                      "parentUUID": "09f6ede6-0bc3-4f96-a6bc-7369f025307a",
                      "isHook": false,
                      "skipped": false
                    },
                    {
                      "title": "should remove a temp TodoItem on request fail",
                      "fullTitle": " Adding a todo on request fail should remove a temp TodoItem on request fail",
                      "timedOut": null,
                      "duration": 261,
                      "state": "passed",
                      "speed": "fast",
                      "pass": true,
                      "fail": false,
                      "pending": false,
                      "context": null,
                      "code": "todos.assertCount(5);\ntodos.assertTitle(4, 'React');",
                      "err": {},
                      "uuid": "8b900d4b-beb5-422a-93f1-7ed04870d119",
                      "parentUUID": "09f6ede6-0bc3-4f96-a6bc-7369f025307a",
                      "isHook": false,
                      "skipped": false
                    },
                    {
                      "title": "should enable the text field on request fail",
                      "fullTitle": " Adding a todo on request fail should enable the text field on request fail",
                      "timedOut": null,
                      "duration": 254,
                      "state": "passed",
                      "speed": "fast",
                      "pass": true,
                      "fail": false,
                      "pending": false,
                      "context": null,
                      "code": "page.newTodoField().should('not.be.disabled');",
                      "err": {},
                      "uuid": "3f661f99-7862-4d3b-be55-ba24c022d652",
                      "parentUUID": "09f6ede6-0bc3-4f96-a6bc-7369f025307a",
                      "isHook": false,
                      "skipped": false
                    },
                    {
                      "title": "should keep the entered text on request fail",
                      "fullTitle": " Adding a todo on request fail should keep the entered text on request fail",
                      "timedOut": null,
                      "duration": 248,
                      "state": "passed",
                      "speed": "fast",
                      "pass": true,
                      "fail": false,
                      "pending": false,
                      "context": null,
                      "code": "page.newTodoField().should('have.value', 'Test Todo');",
                      "err": {},
                      "uuid": "b211721a-685f-411c-b9c8-6d828f34c7ae",
                      "parentUUID": "09f6ede6-0bc3-4f96-a6bc-7369f025307a",
                      "isHook": false,
                      "skipped": false
                    },
                    {
                      "title": "should focus text field",
                      "fullTitle": " Adding a todo on request fail should focus text field",
                      "timedOut": null,
                      "duration": 252,
                      "state": "passed",
                      "speed": "fast",
                      "pass": true,
                      "fail": false,
                      "pending": false,
                      "context": null,
                      "code": "page.newTodoField().should('be.focused');",
                      "err": {},
                      "uuid": "889f647d-8634-4e0b-b8dc-3ee35f3f2ce2",
                      "parentUUID": "09f6ede6-0bc3-4f96-a6bc-7369f025307a",
                      "isHook": false,
                      "skipped": false
                    },
                    {
                      "title": "should not update active counter",
                      "fullTitle": " Adding a todo on request fail should not update active counter",
                      "timedOut": null,
                      "duration": 257,
                      "state": "passed",
                      "speed": "fast",
                      "pass": true,
                      "fail": false,
                      "pending": false,
                      "context": null,
                      "code": "page.todosCounter().should('have.text', '2 items left');",
                      "err": {},
                      "uuid": "fc4a1386-3a79-467a-80aa-812a85ad8c78",
                      "parentUUID": "09f6ede6-0bc3-4f96-a6bc-7369f025307a",
                      "isHook": false,
                      "skipped": false
                    },
                    {
                      "title": "should immediately hide an error message on new request",
                      "fullTitle": " Adding a todo on request fail should immediately hide an error message on new request",
                      "timedOut": null,
                      "duration": 4501,
                      "state": "failed",
                      "speed": null,
                      "pass": false,
                      "fail": true,
                      "pending": false,
                      "context": null,
                      "code": "page.newTodoField().type(`{enter}`);\nerrorMessage.assertHidden();",
                      "err": {
                        "message": "AssertionError: Timed out retrying after 4000ms: expected '<div.notification.is-danger.is-light.has-text-weight-normal>' to have class 'hidden'",
                        "estack": "AssertionError: Timed out retrying after 4000ms: expected '<div.notification.is-danger.is-light.has-text-weight-normal>' to have class 'hidden'\n    at Object.assertHidden (webpack://react_todo-app-with-api/./cypress/integration/page.spec.js:89:40)\n    at Context.eval (webpack://react_todo-app-with-api/./cypress/integration/page.spec.js:648:21)",
                        "diff": null
                      },
                      "uuid": "473626ff-5e07-472d-9dd5-6590560904ef",
                      "parentUUID": "09f6ede6-0bc3-4f96-a6bc-7369f025307a",
                      "isHook": false,
                      "skipped": false
                    },
                    {
                      "title": "should show an error message again on a next fail",
                      "fullTitle": " Adding a todo on request fail should show an error message again on a next fail",
                      "timedOut": null,
                      "duration": 0,
                      "state": "skipped",
                      "speed": null,
                      "pass": false,
                      "fail": false,
                      "pending": false,
                      "context": null,
[...]
                          "duration": 0,
                          "state": "skipped",
                          "speed": null,
                          "pass": false,
                          "fail": false,
                          "pending": false,
                          "context": null,
                          "code": "todos.title(0).trigger('dblclick');\ntodos.titleField(0).type('{enter}');\ntodos.titleField(0).should('not.exist');",
                          "err": {},
                          "uuid": "004e7df2-369c-4307-8722-a36ab5e5ca3f",
                          "parentUUID": null,
                          "isHook": false,
                          "skipped": true
                        },
                        {
                          "title": "should be closed on Escape",
                          "fullTitle": " Renaming Edit Form if title was not changed should be closed on Escape",
                          "timedOut": null,
                          "duration": 0,
                          "state": "skipped",
                          "speed": null,
                          "pass": false,
                          "fail": false,
                          "pending": false,
                          "context": null,
                          "code": "todos.title(0).trigger('dblclick');\ntodos.titleField(0).type('{esc}');\ntodos.titleField(0).should('not.exist');",
                          "err": {},
                          "uuid": "3139a706-9103-4609-b388-31add975f2ae",
                          "parentUUID": null,
                          "isHook": false,
                          "skipped": true
                        },
                        {
                          "title": "should preserve current title on save",
                          "fullTitle": " Renaming Edit Form if title was not changed should preserve current title on save",
                          "timedOut": null,
                          "duration": 0,
                          "state": "skipped",
                          "speed": null,
                          "pass": false,
                          "fail": false,
                          "pending": false,
                          "context": null,
                          "code": "todos.title(0).trigger('dblclick');\ntodos.titleField(0).type('{enter}');\ntodos.assertTitle(0, 'HTML');",
                          "err": {},
                          "uuid": "21dd6bd9-99df-4485-b2bd-649485ec0353",
                          "parentUUID": null,
                          "isHook": false,
                          "skipped": true
                        }
                      ],
                      "suites": [],
                      "passes": [],
                      "failures": [],
                      "pending": [],
                      "skipped": [
                        "fbb60edd-14b4-49d4-986a-18ff58073c0a",
                        "004e7df2-369c-4307-8722-a36ab5e5ca3f",
                        "3139a706-9103-4609-b388-31add975f2ae",
                        "21dd6bd9-99df-4485-b2bd-649485ec0353"
                      ],
                      "duration": 0,
                      "root": false,
                      "rootEmpty": false,
                      "_timeout": 2000
                    },
                    {
                      "uuid": "f4d45fec-2b9c-401a-a150-38edb9bf85bd",
                      "title": "if title became empty",
                      "fullFile": "",
                      "file": "",
                      "beforeHooks": [],
                      "afterHooks": [],
                      "tests": [
                        {
                          "title": "should not send an update request on enter",
                          "fullTitle": " Renaming Edit Form if title became empty should not send an update request on enter",
                          "timedOut": null,
                          "duration": 0,
                          "state": "skipped",
                          "speed": null,
                          "pass": false,
                          "fail": false,
                          "pending": false,
                          "context": null,
                          "code": "page.mockDelete(257334).as('deleteRequest');\ntodos.titleField(0).type('{enter}');\ncy.get('@renameCallback').should('not.be.called');",
                          "err": {},
                          "uuid": "324f0b2f-8403-4afd-b925-2d497fadab0d",
                          "parentUUID": null,
                          "isHook": false,
                          "skipped": true
                        },
                        {
                          "title": "should send a delete request on enter",
                          "fullTitle": " Renaming Edit Form if title became empty should send a delete request on enter",
                          "timedOut": null,
                          "duration": 0,
                          "state": "skipped",
                          "speed": null,
                          "pass": false,
                          "fail": false,
                          "pending": false,
                          "context": null,
                          "code": "page.mockDelete(257334).as('deleteRequest');\ntodos.titleField(0).type('{enter}');\ncy.wait('@deleteRequest');",
                          "err": {},
                          "uuid": "03c985d9-48e0-41a8-a7ca-a9914193665e",
                          "parentUUID": null,
                          "isHook": false,
                          "skipped": true
                        },
                        {
                          "title": "should show loading on enter",
                          "fullTitle": " Renaming Edit Form if title became empty should show loading on enter",
                          "timedOut": null,
                          "duration": 0,
                          "state": "skipped",
                          "speed": null,
                          "pass": false,
                          "fail": false,
                          "pending": false,
                          "context": null,
                          "code": "page.mockDelete(257334).as('deleteRequest');\npage.pauseTimers();\ntodos.titleField(0).type('{enter}');\ntodos.assertLoading(0);",
                          "err": {},
                          "uuid": "489840ae-1f6e-40d8-b7c8-aa5ed2bbb85e",
                          "parentUUID": null,
                          "isHook": false,
                          "skipped": true
                        },
                        {
                          "title": "should delete a todo on success",
                          "fullTitle": " Renaming Edit Form if title became empty should delete a todo on success",
                          "timedOut": null,
                          "duration": 0,
                          "state": "skipped",
                          "speed": null,
                          "pass": false,
                          "fail": false,
                          "pending": false,
                          "context": null,
                          "code": "page.mockDelete(257334).as('deleteRequest');\ntodos.titleField(0).type('{enter}');\ncy.wait('@deleteRequest');\ntodos.assertCount(4);\ntodos.assertTitle(0, 'CSS');",
                          "err": {},
                          "uuid": "c64efe69-a0a6-4cd1-b251-7b945a3743a0",
                          "parentUUID": null,
                          "isHook": false,
                          "skipped": true
                        },
                        {
                          "title": "should show deleting error message on fail",
                          "fullTitle": " Renaming Edit Form if title became empty should show deleting error message on fail",
                          "timedOut": null,
                          "duration": 0,
                          "state": "skipped",
                          "speed": null,
                          "pass": false,
                          "fail": false,
                          "pending": false,
                          "context": null,
                          "code": "// to prevent Cypress from failing the test on uncaught exception\ncy.once('uncaught:exception', () => false);\npage.mockDelete(257334, {\n  statusCode: 503\n}).as('deleteRequest');\ntodos.titleField(0).type('{enter}');\ncy.wait('@deleteRequest');\nerrorMessage.assertVisible();\nerrorMessage.assertText('Unable to delete a todo');",
                          "err": {},
                          "uuid": "4febf752-3edc-4cc9-a882-63604aa2583f",
                          "parentUUID": null,
                          "isHook": false,
                          "skipped": true
                        },
                        {
                          "title": "should hide loader on fail",
                          "fullTitle": " Renaming Edit Form if title became empty should hide loader on fail",
                          "timedOut": null,
                          "duration": 0,
                          "state": "skipped",
                          "speed": null,
                          "pass": false,
                          "fail": false,
                          "pending": false,
                          "context": null,
                          "code": "// to prevent Cypress from failing the test on uncaught exception\ncy.once('uncaught:exception', () => false);\npage.mockDelete(257334, {\n  statusCode: 503\n}).as('deleteRequest');\ntodos.titleField(0).type('{enter}');\ncy.wait('@deleteRequest');\npage.flushJSTimers();\ntodos.assertNotLoading(0);",
                          "err": {},
                          "uuid": "7a42fa5a-4965-4e7e-8b0a-fd06c267a9c9",
                          "parentUUID": null,
                          "isHook": false,
                          "skipped": true
                        },
                        {
                          "title": "should stay open on fail",
                          "fullTitle": " Renaming Edit Form if title became empty should stay open on fail",
                          "timedOut": null,
                          "duration": 0,
                          "state": "skipped",
                          "speed": null,
                          "pass": false,
                          "fail": false,
                          "pending": false,
                          "context": null,
                          "code": "// to prevent Cypress from failing the test on uncaught exception\ncy.once('uncaught:exception', () => false);\npage.mockDelete(257334, {\n  statusCode: 503\n}).as('deleteRequest');\ntodos.titleField(0).type('{enter}');\ncy.wait('@deleteRequest');\ntodos.titleField(0).should('exist');",
                          "err": {},
                          "uuid": "c1b954ce-7e9a-4391-bc8f-23c2903f56ab",
                          "parentUUID": null,
                          "isHook": false,
                          "skipped": true
                        },
                        {
                          "title": "should be closed on Escape",
                          "fullTitle": " Renaming Edit Form if title became empty should be closed on Escape",
                          "timedOut": null,
                          "duration": 0,
                          "state": "skipped",
                          "speed": null,
                          "pass": false,
                          "fail": false,
                          "pending": false,
                          "context": null,
                          "code": "todos.titleField(0).type('{esc}');\ntodos.titleField(0).should('not.exist');",
                          "err": {},
                          "uuid": "30f65341-7559-40dd-b4dc-cecfd1d1be75",
                          "parentUUID": null,
                          "isHook": false,
                          "skipped": true
                        },
                        {
                          "title": "should preserve current title on close",
                          "fullTitle": " Renaming Edit Form if title became empty should preserve current title on close",
                          "timedOut": null,
                          "duration": 0,
                          "state": "skipped",
                          "speed": null,
                          "pass": false,
                          "fail": false,
                          "pending": false,
                          "context": null,
                          "code": "todos.titleField(0).type('{esc}');\ntodos.title(0).should('have.text', 'HTML');",
                          "err": {},
                          "uuid": "2a5c2c67-6b84-441b-9179-ba3fc8b382ec",
                          "parentUUID": null,
                          "isHook": false,
                          "skipped": true
                        }
                      ],
                      "suites": [],
                      "passes": [],
                      "failures": [],
                      "pending": [],
                      "skipped": [
                        "324f0b2f-8403-4afd-b925-2d497fadab0d",
                        "03c985d9-48e0-41a8-a7ca-a9914193665e",
                        "489840ae-1f6e-40d8-b7c8-aa5ed2bbb85e",
                        "c64efe69-a0a6-4cd1-b251-7b945a3743a0",
                        "4febf752-3edc-4cc9-a882-63604aa2583f",
                        "7a42fa5a-4965-4e7e-8b0a-fd06c267a9c9",
                        "c1b954ce-7e9a-4391-bc8f-23c2903f56ab",
                        "30f65341-7559-40dd-b4dc-cecfd1d1be75",
                        "2a5c2c67-6b84-441b-9179-ba3fc8b382ec"
                      ],
                      "duration": 0,
                      "root": false,
                      "rootEmpty": false,
                      "_timeout": 2000
                    },
                    {
                      "uuid": "2cf9ff79-c288-40f9-90e6-fcbc85c1d6fc",
                      "title": "on Blur",
                      "fullFile": "",
                      "file": "",
                      "beforeHooks": [],
                      "afterHooks": [],
                      "tests": [
                        {
                          "title": "should save",
                          "fullTitle": " Renaming Edit Form on Blur should save",
                          "timedOut": null,
                          "duration": 0,
                          "state": "skipped",
                          "speed": null,
                          "pass": false,
                          "fail": false,
                          "pending": false,
                          "context": null,
                          "code": "page.mockUpdate(257334).as('renameRequest');\ntodos.title(0).trigger('dblclick');\ntodos.titleField(0).clear();\ntodos.titleField(0).type('New title');\ntodos.titleField(0).blur();\ncy.wait('@renameRequest');\n// just in case\npage.flushJSTimers();\ntodos.assertTitle(0, 'New title');",
                          "err": {},
                          "uuid": "8b57cc9b-5369-4486-bea7-fd61b44c8bb0",
                          "parentUUID": null,
                          "isHook": false,
                          "skipped": true
                        },
                        {
                          "title": "should cancel if title was not changed",
                          "fullTitle": " Renaming Edit Form on Blur should cancel if title was not changed",
                          "timedOut": null,
                          "duration": 0,
                          "state": "skipped",
                          "speed": null,
                          "pass": false,
                          "fail": false,
                          "pending": false,
                          "context": null,
                          "code": "const spy = cy.stub().callsFake(req => req.reply({\n  body: _objectSpread(_objectSpread({}, req.body), {}, {\n    id: 257334\n  })\n})).as('renameCallback');\npage.mockUpdate(257334, spy);\ntodos.title(0).trigger('dblclick');\ntodos.titleField(0).blur();\ncy.get('@renameCallback').should('not.be.called');\npage.flushJSTimers();\ntodos.titleField(0).should('not.exist');\ntodos.assertTitle(0, 'HTML');",
                          "err": {},
                          "uuid": "8d09ce6d-b85a-4f35-afed-723ee12bc4c0",
                          "parentUUID": null,
                          "isHook": false,
                          "skipped": true
                        },
                        {
                          "title": "should delete if title is empty",
                          "fullTitle": " Renaming Edit Form on Blur should delete if title is empty",
                          "timedOut": null,
                          "duration": 0,
                          "state": "skipped",
                          "speed": null,
                          "pass": false,
                          "fail": false,
                          "pending": false,
                          "context": null,
                          "code": "page.mockDelete(257334).as('deleteRequest');\ntodos.title(0).trigger('dblclick');\ntodos.titleField(0).clear();\ntodos.titleField(0).blur();\ncy.wait('@deleteRequest');\ntodos.assertCount(4);\ntodos.assertTitle(0, 'CSS');",
                          "err": {},
                          "uuid": "97839c88-b14f-4f87-86f1-1fc256afea57",
                          "parentUUID": null,
                          "isHook": false,
                          "skipped": true
                        }
                      ],
                      "suites": [],
                      "passes": [],
                      "failures": [],
                      "pending": [],
                      "skipped": [
                        "8b57cc9b-5369-4486-bea7-fd61b44c8bb0",
                        "8d09ce6d-b85a-4f35-afed-723ee12bc4c0",
                        "97839c88-b14f-4f87-86f1-1fc256afea57"
                      ],
                      "duration": 0,
                      "root": false,
                      "rootEmpty": false,
                      "_timeout": 2000
                    }
                  ],
                  "passes": [],
                  "failures": [],
                  "pending": [],
                  "skipped": [],
                  "duration": 0,
                  "root": false,
                  "rootEmpty": false,
                  "_timeout": 2000
                }
              ],
              "passes": [],
              "failures": [],
              "pending": [],
              "skipped": [
                "1ff91eb9-68b9-4f2d-9d74-abb90cf2afca"
              ],
              "duration": 0,
              "root": false,
              "rootEmpty": false,
              "_timeout": 2000
            }
          ],
          "passes": [],
          "failures": [],
          "pending": [],
          "skipped": [],
          "duration": 0,
          "root": false,
          "rootEmpty": false,
          "_timeout": 2000
        }
      ],
      "passes": [],
      "failures": [],
      "pending": [],
      "skipped": [],
      "duration": 0,
      "root": true,
      "rootEmpty": true,
      "_timeout": 2000
    }
  ],
  "meta": {
    "mocha": {
      "version": "7.0.1"
    },
    "mochawesome": {
      "options": {
        "quiet": false,
        "reportFilename": "mochawesome",
        "saveHtml": false,
        "saveJson": true,
        "consoleReporter": "spec",
        "useInlineDiffs": false,
        "code": true
      },
      "version": "7.1.3"
    },
    "marge": {
      "options": {
        "reportDir": "raw_reports",
        "overwrite": false,
        "html": false,
        "json": true
      },
      "version": "6.2.0"
    }
  }
}