{
  "stats": {
    "suites": 13,
    "tests": 47,
    "passes": 46,
    "pending": 0,
    "failures": 1,
    "start": "2025-08-27T09:41:09.489Z",
    "end": "2025-08-27T09:41:30.321Z",
    "duration": 20832,
    "testsRegistered": 179,
    "passPercent": 25.69832402234637,
    "pendingPercent": 0,
    "other": 0,
    "hasOther": false,
    "skipped": 132,
    "hasSkipped": true
  },
  "results": [
    {
      "uuid": "accdd547-a9c7-4cae-8f59-44adc3e381ce",
      "title": "",
      "fullFile": "cypress/integration/page.spec.js",
      "file": "cypress/integration/page.spec.js",
      "beforeHooks": [],
      "afterHooks": [],
      "tests": [],
      "suites": [
        {
          "uuid": "30b3184b-a254-4328-a939-808807b2a42b",
          "title": "",
          "fullFile": "",
          "file": "",
          "beforeHooks": [],
          "afterHooks": [],
          "tests": [],
          "suites": [
            {
              "uuid": "17d241d5-1142-4a5a-8065-5c13421d11c0",
              "title": "Page with no todos",
              "fullFile": "",
              "file": "",
              "beforeHooks": [],
              "afterHooks": [],
              "tests": [
                {
                  "title": "should send 1 todos request",
                  "fullTitle": " Page with no todos should send 1 todos request",
                  "timedOut": null,
                  "duration": 968,
                  "state": "passed",
                  "speed": "fast",
                  "pass": true,
                  "fail": false,
                  "pending": false,
                  "context": null,
                  "code": "const spy = cy.stub().callsFake(req => req.reply({\n  body: []\n})).as('loadCallback');\npage.mockLoad(spy).as('loadRequest');\npage.visit();\ncy.wait('@loadRequest');\ncy.wait(500);\ncy.get('@loadCallback').should('have.callCount', 1);",
                  "err": {},
                  "uuid": "81dae212-2fdb-46aa-88dc-481e6e5df686",
                  "parentUUID": "17d241d5-1142-4a5a-8065-5c13421d11c0",
                  "isHook": false,
                  "skipped": false
                }
              ],
              "suites": [
                {
                  "uuid": "709d3d07-f7bf-4659-8b98-bf14cac200a6",
                  "title": "",
                  "fullFile": "",
                  "file": "",
                  "beforeHooks": [],
                  "afterHooks": [],
                  "tests": [
                    {
                      "title": "should have NewTodoField",
                      "fullTitle": " Page with no todos  should have NewTodoField",
                      "timedOut": null,
                      "duration": 85,
                      "state": "passed",
                      "speed": "fast",
                      "pass": true,
                      "fail": false,
                      "pending": false,
                      "context": null,
                      "code": "page.newTodoField().should('exist');",
                      "err": {},
                      "uuid": "73d4c13c-918e-4b20-9d93-dee610fc5029",
                      "parentUUID": "709d3d07-f7bf-4659-8b98-bf14cac200a6",
                      "isHook": false,
                      "skipped": false
                    },
                    {
                      "title": "should not have Todos",
                      "fullTitle": " Page with no todos  should not have Todos",
                      "timedOut": null,
                      "duration": 72,
                      "state": "passed",
                      "speed": "fast",
                      "pass": true,
                      "fail": false,
                      "pending": false,
                      "context": null,
                      "code": "todos.assertCount(0);",
                      "err": {},
                      "uuid": "9d6cc407-62b0-4aed-ac2e-d1068ebf47c3",
                      "parentUUID": "709d3d07-f7bf-4659-8b98-bf14cac200a6",
                      "isHook": false,
                      "skipped": false
                    },
                    {
                      "title": "should not have Footer",
                      "fullTitle": " Page with no todos  should not have Footer",
                      "timedOut": null,
                      "duration": 77,
                      "state": "passed",
                      "speed": "fast",
                      "pass": true,
                      "fail": false,
                      "pending": false,
                      "context": null,
                      "code": "filter.assertHidden();\npage.clearCompletedButton().should('not.exist');\npage.todosCounter().should('not.exist');",
                      "err": {},
                      "uuid": "065e325a-38e0-4be8-a57b-65eb4cd1115d",
                      "parentUUID": "709d3d07-f7bf-4659-8b98-bf14cac200a6",
                      "isHook": false,
                      "skipped": false
                    },
                    {
                      "title": "should not show error message",
                      "fullTitle": " Page with no todos  should not show error message",
                      "timedOut": null,
                      "duration": 72,
                      "state": "passed",
                      "speed": "fast",
                      "pass": true,
                      "fail": false,
                      "pending": false,
                      "context": null,
                      "code": "errorMessage.assertHidden();",
                      "err": {},
                      "uuid": "891fc095-2308-46fd-b11b-1b7aedb16be1",
                      "parentUUID": "709d3d07-f7bf-4659-8b98-bf14cac200a6",
                      "isHook": false,
                      "skipped": false
                    }
                  ],
                  "suites": [],
                  "passes": [
                    "73d4c13c-918e-4b20-9d93-dee610fc5029",
                    "9d6cc407-62b0-4aed-ac2e-d1068ebf47c3",
                    "065e325a-38e0-4be8-a57b-65eb4cd1115d",
                    "891fc095-2308-46fd-b11b-1b7aedb16be1"
                  ],
                  "failures": [],
                  "pending": [],
                  "skipped": [],
                  "duration": 306,
                  "root": false,
                  "rootEmpty": false,
                  "_timeout": 2000
                },
                {
                  "uuid": "b96e7fc1-b4a8-4e50-8801-bfafab24ac18",
                  "title": "on loading error",
                  "fullFile": "",
                  "file": "",
                  "beforeHooks": [],
                  "afterHooks": [],
                  "tests": [
                    {
                      "title": "should show error",
                      "fullTitle": " Page with no todos on loading error should show error",
                      "timedOut": null,
                      "duration": 72,
                      "state": "passed",
                      "speed": "fast",
                      "pass": true,
                      "fail": false,
                      "pending": false,
                      "context": null,
                      "code": "errorMessage.assertVisible();",
                      "err": {},
                      "uuid": "2de90ec7-b276-4db3-9f7b-7a3cf01e4235",
                      "parentUUID": "b96e7fc1-b4a8-4e50-8801-bfafab24ac18",
                      "isHook": false,
                      "skipped": false
                    },
                    {
                      "title": "should show correct message",
                      "fullTitle": " Page with no todos on loading error should show correct message",
                      "timedOut": null,
                      "duration": 71,
                      "state": "passed",
                      "speed": "fast",
                      "pass": true,
                      "fail": false,
                      "pending": false,
                      "context": null,
                      "code": "errorMessage.assertText('Unable to load todos');",
                      "err": {},
                      "uuid": "1a19c0c3-4d39-4e18-be91-55009ec29910",
                      "parentUUID": "b96e7fc1-b4a8-4e50-8801-bfafab24ac18",
                      "isHook": false,
                      "skipped": false
                    },
                    {
                      "title": "should hide error after 3 seconds",
                      "fullTitle": " Page with no todos on loading error should hide error after 3 seconds",
                      "timedOut": null,
                      "duration": 3075,
                      "state": "passed",
                      "speed": "fast",
                      "pass": true,
                      "fail": false,
                      "pending": false,
                      "context": null,
                      "code": "// just in case\ncy.wait(50);\ncy.clock();\ncy.tick(2500);\nerrorMessage.assertVisible();\ncy.tick(500);\nerrorMessage.assertHidden();",
                      "err": {},
                      "uuid": "f9fbf259-a6c1-435e-a671-f7d825f747c7",
                      "parentUUID": "b96e7fc1-b4a8-4e50-8801-bfafab24ac18",
                      "isHook": false,
                      "skipped": false
                    },
                    {
                      "title": "should hide error on close button click",
                      "fullTitle": " Page with no todos on loading error should hide error on close button click",
                      "timedOut": null,
                      "duration": 164,
                      "state": "passed",
                      "speed": "fast",
                      "pass": true,
                      "fail": false,
                      "pending": false,
                      "context": null,
                      "code": "errorMessage.closeButton().click();\nerrorMessage.assertHidden();",
                      "err": {},
                      "uuid": "118b3dfb-ae82-431b-a883-464603eacdc4",
                      "parentUUID": "b96e7fc1-b4a8-4e50-8801-bfafab24ac18",
                      "isHook": false,
                      "skipped": false
                    }
                  ],
                  "suites": [],
                  "passes": [
                    "2de90ec7-b276-4db3-9f7b-7a3cf01e4235",
                    "1a19c0c3-4d39-4e18-be91-55009ec29910",
                    "f9fbf259-a6c1-435e-a671-f7d825f747c7",
                    "118b3dfb-ae82-431b-a883-464603eacdc4"
                  ],
                  "failures": [],
                  "pending": [],
                  "skipped": [],
                  "duration": 3382,
                  "root": false,
                  "rootEmpty": false,
                  "_timeout": 2000
                }
              ],
              "passes": [
                "81dae212-2fdb-46aa-88dc-481e6e5df686"
              ],
              "failures": [],
              "pending": [],
              "skipped": [],
              "duration": 968,
              "root": false,
              "rootEmpty": false,
              "_timeout": 2000
            },
            {
              "uuid": "abac738e-b50e-4e20-9846-c588eaa272b4",
              "title": "Page with mixed todos",
              "fullFile": "",
              "file": "",
              "beforeHooks": [],
              "afterHooks": [],
              "tests": [
                {
                  "title": "should have NewTodoField",
                  "fullTitle": " Page with mixed todos should have NewTodoField",
                  "timedOut": null,
                  "duration": 74,
                  "state": "passed",
                  "speed": "fast",
                  "pass": true,
                  "fail": false,
                  "pending": false,
                  "context": null,
                  "code": "page.newTodoField().should('exist');",
                  "err": {},
                  "uuid": "69152df6-a2ed-40b5-b81c-a307c444311e",
                  "parentUUID": "abac738e-b50e-4e20-9846-c588eaa272b4",
                  "isHook": false,
                  "skipped": false
                },
                {
                  "title": "should have all loaded todos",
                  "fullTitle": " Page with mixed todos should have all loaded todos",
                  "timedOut": null,
                  "duration": 71,
                  "state": "passed",
                  "speed": "fast",
                  "pass": true,
                  "fail": false,
                  "pending": false,
                  "context": null,
                  "code": "todos.assertCount(5);",
                  "err": {},
                  "uuid": "57c833e0-4a1d-44d8-88a7-07fba0dcccb0",
                  "parentUUID": "abac738e-b50e-4e20-9846-c588eaa272b4",
                  "isHook": false,
                  "skipped": false
                },
                {
                  "title": "should have delete buttons for every todo",
                  "fullTitle": " Page with mixed todos should have delete buttons for every todo",
                  "timedOut": null,
                  "duration": 69,
                  "state": "passed",
                  "speed": "fast",
                  "pass": true,
                  "fail": false,
                  "pending": false,
                  "context": null,
                  "code": "todos.deleteButton(0).should('exist');",
                  "err": {},
                  "uuid": "0b9ed928-bf8d-41f3-a2bd-cad451c20ce4",
                  "parentUUID": "abac738e-b50e-4e20-9846-c588eaa272b4",
                  "isHook": false,
                  "skipped": false
                },
                {
                  "title": "should not have loaders",
                  "fullTitle": " Page with mixed todos should not have loaders",
                  "timedOut": null,
                  "duration": 80,
                  "state": "passed",
                  "speed": "fast",
                  "pass": true,
                  "fail": false,
                  "pending": false,
                  "context": null,
                  "code": "todos.assertNotLoading(0);\ntodos.assertNotLoading(1);\ntodos.assertNotLoading(2);\ntodos.assertNotLoading(3);\ntodos.assertNotLoading(4);",
                  "err": {},
                  "uuid": "431975fc-d7c3-4af7-b438-c9944419df7e",
                  "parentUUID": "abac738e-b50e-4e20-9846-c588eaa272b4",
                  "isHook": false,
                  "skipped": false
                },
                {
                  "title": "should have correct todo titles",
                  "fullTitle": " Page with mixed todos should have correct todo titles",
                  "timedOut": null,
                  "duration": 87,
                  "state": "passed",
                  "speed": "fast",
                  "pass": true,
                  "fail": false,
                  "pending": false,
                  "context": null,
                  "code": "todos.assertTitle(0, 'HTML');\ntodos.assertTitle(1, 'CSS');\ntodos.assertTitle(2, 'JS');\ntodos.assertTitle(3, 'TypeScript');\ntodos.assertTitle(4, 'React');",
                  "err": {},
                  "uuid": "ed446f56-7521-48c1-8fde-fbd29d0f5856",
                  "parentUUID": "abac738e-b50e-4e20-9846-c588eaa272b4",
                  "isHook": false,
                  "skipped": false
                },
                {
                  "title": "should higlight all completed todos",
                  "fullTitle": " Page with mixed todos should higlight all completed todos",
                  "timedOut": null,
                  "duration": 79,
                  "state": "passed",
                  "speed": "fast",
                  "pass": true,
                  "fail": false,
                  "pending": false,
                  "context": null,
                  "code": "todos.assertCompleted(0);\ntodos.assertCompleted(1);\ntodos.assertCompleted(2);",
                  "err": {},
                  "uuid": "732059c0-bcca-467a-a626-5e4e804d5483",
                  "parentUUID": "abac738e-b50e-4e20-9846-c588eaa272b4",
                  "isHook": false,
                  "skipped": false
                },
                {
                  "title": "should not higlight not completed todos",
                  "fullTitle": " Page with mixed todos should not higlight not completed todos",
                  "timedOut": null,
                  "duration": 75,
                  "state": "passed",
                  "speed": "fast",
                  "pass": true,
                  "fail": false,
                  "pending": false,
                  "context": null,
                  "code": "todos.assertNotCompleted(3);\ntodos.assertNotCompleted(4);",
                  "err": {},
                  "uuid": "82639179-563f-4613-bc51-24f7923f1fc2",
                  "parentUUID": "abac738e-b50e-4e20-9846-c588eaa272b4",
                  "isHook": false,
                  "skipped": false
                },
                {
                  "title": "should have correct completed statuses",
                  "fullTitle": " Page with mixed todos should have correct completed statuses",
                  "timedOut": null,
                  "duration": 89,
                  "state": "passed",
                  "speed": "fast",
                  "pass": true,
                  "fail": false,
                  "pending": false,
                  "context": null,
                  "code": "todos.statusToggler(0).should('be.checked');\ntodos.statusToggler(1).should('be.checked');\ntodos.statusToggler(2).should('be.checked');\ntodos.statusToggler(3).should('not.be.checked');\ntodos.statusToggler(4).should('not.be.checked');",
                  "err": {},
                  "uuid": "a6639603-5c45-4d09-a479-ad3b1bc2a37a",
                  "parentUUID": "abac738e-b50e-4e20-9846-c588eaa272b4",
                  "isHook": false,
                  "skipped": false
                },
                {
                  "title": "should have Filter",
                  "fullTitle": " Page with mixed todos should have Filter",
                  "timedOut": null,
                  "duration": 75,
                  "state": "passed",
                  "speed": "fast",
                  "pass": true,
                  "fail": false,
                  "pending": false,
                  "context": null,
                  "code": "filter.assertVisible();",
                  "err": {},
                  "uuid": "cdc966e6-5b43-4979-8293-3719b95074bb",
                  "parentUUID": "abac738e-b50e-4e20-9846-c588eaa272b4",
                  "isHook": false,
                  "skipped": false
                },
                {
                  "title": "should have todosCounter with a number of not completed todos",
                  "fullTitle": " Page with mixed todos should have todosCounter with a number of not completed todos",
                  "timedOut": null,
                  "duration": 73,
                  "state": "passed",
                  "speed": "fast",
                  "pass": true,
                  "fail": false,
                  "pending": false,
                  "context": null,
                  "code": "page.todosCounter().should('have.text', '2 items left');",
                  "err": {},
                  "uuid": "0e1db0ef-c115-439c-98d1-5959ea1f1573",
                  "parentUUID": "abac738e-b50e-4e20-9846-c588eaa272b4",
                  "isHook": false,
                  "skipped": false
                },
                {
                  "title": "should have clearCompletedButton",
                  "fullTitle": " Page with mixed todos should have clearCompletedButton",
                  "timedOut": null,
                  "duration": 71,
                  "state": "passed",
                  "speed": "fast",
                  "pass": true,
                  "fail": false,
                  "pending": false,
                  "context": null,
                  "code": "page.clearCompletedButton().should('exist');",
                  "err": {},
                  "uuid": "d091c90f-0f34-4704-8602-3c38b0c5abe6",
                  "parentUUID": "abac738e-b50e-4e20-9846-c588eaa272b4",
                  "isHook": false,
                  "skipped": false
                },
                {
                  "title": "should have Filter",
                  "fullTitle": " Page with mixed todos should have Filter",
                  "timedOut": null,
                  "duration": 72,
                  "state": "passed",
                  "speed": "fast",
                  "pass": true,
                  "fail": false,
                  "pending": false,
                  "context": null,
                  "code": "filter.assertVisible();",
                  "err": {},
                  "uuid": "be9f3f23-466b-4070-95f1-cd77d739b9e6",
                  "parentUUID": "abac738e-b50e-4e20-9846-c588eaa272b4",
                  "isHook": false,
                  "skipped": false
                },
                {
                  "title": "should not show error message",
                  "fullTitle": " Page with mixed todos should not show error message",
                  "timedOut": null,
                  "duration": 97,
                  "state": "passed",
                  "speed": "fast",
                  "pass": true,
                  "fail": false,
                  "pending": false,
                  "context": null,
                  "code": "errorMessage.assertHidden();",
                  "err": {},
                  "uuid": "fd463bdd-4e90-49a0-80a1-144e88609831",
                  "parentUUID": "abac738e-b50e-4e20-9846-c588eaa272b4",
                  "isHook": false,
                  "skipped": false
                }
              ],
              "suites": [],
              "passes": [
                "69152df6-a2ed-40b5-b81c-a307c444311e",
                "57c833e0-4a1d-44d8-88a7-07fba0dcccb0",
                "0b9ed928-bf8d-41f3-a2bd-cad451c20ce4",
                "431975fc-d7c3-4af7-b438-c9944419df7e",
                "ed446f56-7521-48c1-8fde-fbd29d0f5856",
                "732059c0-bcca-467a-a626-5e4e804d5483",
                "82639179-563f-4613-bc51-24f7923f1fc2",
                "a6639603-5c45-4d09-a479-ad3b1bc2a37a",
                "cdc966e6-5b43-4979-8293-3719b95074bb",
                "0e1db0ef-c115-439c-98d1-5959ea1f1573",
                "d091c90f-0f34-4704-8602-3c38b0c5abe6",
                "be9f3f23-466b-4070-95f1-cd77d739b9e6",
                "fd463bdd-4e90-49a0-80a1-144e88609831"
              ],
              "failures": [],
              "pending": [],
              "skipped": [],
              "duration": 1012,
              "root": false,
              "rootEmpty": false,
              "_timeout": 2000
            },
            {
              "uuid": "4c78e4b4-0bb1-4609-af22-c4c6d2da94fe",
              "title": "Filtering",
              "fullFile": "",
              "file": "",
              "beforeHooks": [],
              "afterHooks": [],
              "tests": [],
              "suites": [
                {
                  "uuid": "cc02c1f1-e811-41ee-9f3e-86b619e72fbe",
                  "title": "with mixed todos",
                  "fullFile": "",
                  "file": "",
                  "beforeHooks": [],
                  "afterHooks": [],
                  "tests": [
                    {
                      "title": "should have only filterLinkAll active",
                      "fullTitle": " Filtering with mixed todos should have only filterLinkAll active",
                      "timedOut": null,
                      "duration": 77,
                      "state": "passed",
                      "speed": "fast",
                      "pass": true,
                      "fail": false,
                      "pending": false,
                      "context": null,
                      "code": "filter.assertSelected('all');\nfilter.assertNotSelected('active');\nfilter.assertNotSelected('completed');",
                      "err": {},
                      "uuid": "3434889b-a676-453e-b7fd-45fc6bcbf45f",
                      "parentUUID": "cc02c1f1-e811-41ee-9f3e-86b619e72fbe",
                      "isHook": false,
                      "skipped": false
                    },
                    {
                      "title": "should allow to select the active filter",
                      "fullTitle": " Filtering with mixed todos should allow to select the active filter",
                      "timedOut": null,
                      "duration": 147,
                      "state": "passed",
                      "speed": "fast",
                      "pass": true,
                      "fail": false,
                      "pending": false,
                      "context": null,
                      "code": "filter.link('active').click();\nfilter.assertNotSelected('all');\nfilter.assertSelected('active');\nfilter.assertNotSelected('completed');",
                      "err": {},
                      "uuid": "26e304a7-0690-4bb1-8dde-b4ba0288ce6e",
                      "parentUUID": "cc02c1f1-e811-41ee-9f3e-86b619e72fbe",
                      "isHook": false,
                      "skipped": false
                    },
                    {
                      "title": "should show only active todos when active filter is selected",
                      "fullTitle": " Filtering with mixed todos should show only active todos when active filter is selected",
                      "timedOut": null,
                      "duration": 147,
                      "state": "passed",
                      "speed": "fast",
                      "pass": true,
                      "fail": false,
                      "pending": false,
                      "context": null,
                      "code": "filter.link('active').click();\ntodos.assertCount(2);\ntodos.assertTitle(0, 'TypeScript');\ntodos.assertTitle(1, 'React');",
                      "err": {},
                      "uuid": "5971db36-7ca8-4973-b02b-fd9bf2b23e2a",
                      "parentUUID": "cc02c1f1-e811-41ee-9f3e-86b619e72fbe",
                      "isHook": false,
                      "skipped": false
                    },
                    {
                      "title": "should keep footer when active todos are shown",
                      "fullTitle": " Filtering with mixed todos should keep footer when active todos are shown",
                      "timedOut": null,
                      "duration": 142,
                      "state": "passed",
                      "speed": "fast",
                      "pass": true,
                      "fail": false,
                      "pending": false,
                      "context": null,
                      "code": "filter.link('active').click();\npage.todosCounter().should('have.text', '2 items left');\nfilter.assertVisible();\npage.clearCompletedButton().should('exist');",
                      "err": {},
                      "uuid": "d0e65855-6477-43db-ad94-dfcb0a4cee91",
                      "parentUUID": "cc02c1f1-e811-41ee-9f3e-86b619e72fbe",
                      "isHook": false,
                      "skipped": false
                    },
                    {
                      "title": "should allow to select the completed filter",
                      "fullTitle": " Filtering with mixed todos should allow to select the completed filter",
                      "timedOut": null,
                      "duration": 142,
                      "state": "passed",
                      "speed": "fast",
                      "pass": true,
                      "fail": false,
                      "pending": false,
                      "context": null,
                      "code": "filter.link('completed').click();\nfilter.assertNotSelected('all');\nfilter.assertNotSelected('active');\nfilter.assertSelected('completed');",
                      "err": {},
                      "uuid": "a5d59fc7-4a7e-4932-809f-a1536ef80f5c",
                      "parentUUID": "cc02c1f1-e811-41ee-9f3e-86b619e72fbe",
                      "isHook": false,
                      "skipped": false
                    },
                    {
                      "title": "should show only completed todos when completed filter is selected",
                      "fullTitle": " Filtering with mixed todos should show only completed todos when completed filter is selected",
                      "timedOut": null,
                      "duration": 148,
                      "state": "passed",
                      "speed": "fast",
                      "pass": true,
                      "fail": false,
                      "pending": false,
                      "context": null,
                      "code": "filter.link('completed').click();\ntodos.assertCount(3);\ntodos.assertTitle(0, 'HTML');\ntodos.assertTitle(1, 'CSS');\ntodos.assertTitle(2, 'JS');",
                      "err": {},
                      "uuid": "2e844cb0-9571-421f-a0ba-aaa604a3a947",
                      "parentUUID": "cc02c1f1-e811-41ee-9f3e-86b619e72fbe",
                      "isHook": false,
                      "skipped": false
                    },
                    {
                      "title": "should keep footer when completed todos are shown",
                      "fullTitle": " Filtering with mixed todos should keep footer when completed todos are shown",
                      "timedOut": null,
                      "duration": 143,
                      "state": "passed",
                      "speed": "fast",
                      "pass": true,
                      "fail": false,
                      "pending": false,
                      "context": null,
                      "code": "filter.link('completed').click();\npage.todosCounter().should('have.text', '2 items left');\nfilter.assertVisible();\npage.clearCompletedButton().should('exist');",
                      "err": {},
                      "uuid": "8149b7ac-2ca5-48f5-a0a7-1410609f7d82",
                      "parentUUID": "cc02c1f1-e811-41ee-9f3e-86b619e72fbe",
                      "isHook": false,
                      "skipped": false
                    },
                    {
                      "title": "should allow to reset filter",
                      "fullTitle": " Filtering with mixed todos should allow to reset filter",
                      "timedOut": null,
                      "duration": 218,
                      "state": "passed",
                      "speed": "fast",
                      "pass": true,
                      "fail": false,
                      "pending": false,
                      "context": null,
                      "code": "filter.link('completed').click();\nfilter.link('all').click();\ntodos.assertCount(5);\nfilter.assertSelected('all');\nfilter.assertNotSelected('active');\nfilter.assertNotSelected('completed');",
                      "err": {},
                      "uuid": "99c20e37-e0a6-4ec7-b57b-f6ac3c792e34",
                      "parentUUID": "cc02c1f1-e811-41ee-9f3e-86b619e72fbe",
                      "isHook": false,
                      "skipped": false
                    }
                  ],
                  "suites": [],
                  "passes": [
                    "3434889b-a676-453e-b7fd-45fc6bcbf45f",
                    "26e304a7-0690-4bb1-8dde-b4ba0288ce6e",
                    "5971db36-7ca8-4973-b02b-fd9bf2b23e2a",
                    "d0e65855-6477-43db-ad94-dfcb0a4cee91",
                    "a5d59fc7-4a7e-4932-809f-a1536ef80f5c",
                    "2e844cb0-9571-421f-a0ba-aaa604a3a947",
                    "8149b7ac-2ca5-48f5-a0a7-1410609f7d82",
                    "99c20e37-e0a6-4ec7-b57b-f6ac3c792e34"
                  ],
                  "failures": [],
                  "pending": [],
                  "skipped": [],
                  "duration": 1164,
                  "root": false,
                  "rootEmpty": false,
                  "_timeout": 2000
                },
                {
                  "uuid": "9b8cb9f8-66f0-4409-bafc-4821f7617059",
                  "title": "with active todos only",
                  "fullFile": "",
                  "file": "",
                  "beforeHooks": [],
                  "afterHooks": [],
                  "tests": [
                    {
                      "title": "should hide todos on completed selection",
                      "fullTitle": " Filtering with active todos only should hide todos on completed selection",
                      "timedOut": null,
                      "duration": 143,
                      "state": "passed",
                      "speed": "fast",
                      "pass": true,
                      "fail": false,
                      "pending": false,
                      "context": null,
                      "code": "filter.link('completed').click();\ntodos.assertCount(0);",
                      "err": {},
                      "uuid": "a371e36d-8cf1-4c94-8f02-3a80a4970034",
                      "parentUUID": "9b8cb9f8-66f0-4409-bafc-4821f7617059",
                      "isHook": false,
                      "skipped": false
                    },
                    {
                      "title": "should keep footer on completed selection",
                      "fullTitle": " Filtering with active todos only should keep footer on completed selection",
                      "timedOut": null,
                      "duration": 157,
                      "state": "passed",
                      "speed": "fast",
                      "pass": true,
                      "fail": false,
                      "pending": false,
                      "context": null,
                      "code": "filter.link('completed').click();\nfilter.assertVisible();",
                      "err": {},
                      "uuid": "8cf4229e-c0e2-48cd-85c9-db37451891e3",
                      "parentUUID": "9b8cb9f8-66f0-4409-bafc-4821f7617059",
                      "isHook": false,
                      "skipped": false
                    },
                    {
                      "title": "should keep todos counter on completed selection",
                      "fullTitle": " Filtering with active todos only should keep todos counter on completed selection",
                      "timedOut": null,
                      "duration": 140,
                      "state": "passed",
                      "speed": "fast",
                      "pass": true,
                      "fail": false,
                      "pending": false,
                      "context": null,
                      "code": "filter.link('completed').click();\npage.todosCounter().should('have.text', '5 items left');",
                      "err": {},
                      "uuid": "c940abde-ac57-4cd1-9f43-1bc3bfc624d3",
                      "parentUUID": "9b8cb9f8-66f0-4409-bafc-4821f7617059",
                      "isHook": false,
                      "skipped": false
                    }
                  ],
                  "suites": [],
                  "passes": [
                    "a371e36d-8cf1-4c94-8f02-3a80a4970034",
                    "8cf4229e-c0e2-48cd-85c9-db37451891e3",
                    "c940abde-ac57-4cd1-9f43-1bc3bfc624d3"
                  ],
                  "failures": [],
                  "pending": [],
                  "skipped": [],
                  "duration": 440,
                  "root": false,
                  "rootEmpty": false,
                  "_timeout": 2000
                },
                {
                  "uuid": "42a69513-ed29-4779-9235-4c2005c4985c",
                  "title": "with completed todos only",
                  "fullFile": "",
                  "file": "",
                  "beforeHooks": [],
                  "afterHooks": [],
                  "tests": [
                    {
                      "title": "should hide todos on active selection",
                      "fullTitle": " Filtering with completed todos only should hide todos on active selection",
                      "timedOut": null,
                      "duration": 148,
                      "state": "passed",
                      "speed": "fast",
                      "pass": true,
                      "fail": false,
                      "pending": false,
                      "context": null,
                      "code": "filter.link('active').click();\ntodos.assertCount(0);",
                      "err": {},
                      "uuid": "eb2e91fe-bddd-4b0c-ba6b-cf1ed07065c5",
                      "parentUUID": "42a69513-ed29-4779-9235-4c2005c4985c",
                      "isHook": false,
                      "skipped": false
                    },
                    {
                      "title": "should keep footer on active selection",
                      "fullTitle": " Filtering with completed todos only should keep footer on active selection",
                      "timedOut": null,
                      "duration": 143,
                      "state": "passed",
                      "speed": "fast",
                      "pass": true,
                      "fail": false,
                      "pending": false,
                      "context": null,
                      "code": "filter.link('active').click();\nfilter.assertVisible();",
                      "err": {},
                      "uuid": "ba71b25a-74a4-4fd4-900e-400a81ef1865",
                      "parentUUID": "42a69513-ed29-4779-9235-4c2005c4985c",
                      "isHook": false,
                      "skipped": false
                    },
                    {
                      "title": "should keep todos counter on active selection",
                      "fullTitle": " Filtering with completed todos only should keep todos counter on active selection",
                      "timedOut": null,
                      "duration": 148,
                      "state": "passed",
                      "speed": "fast",
                      "pass": true,
                      "fail": false,
                      "pending": false,
                      "context": null,
                      "code": "filter.link('active').click();\npage.todosCounter().should('have.text', '0 items left');",
                      "err": {},
                      "uuid": "53f2148f-e6ed-4147-a781-fd2c20946ed6",
                      "parentUUID": "42a69513-ed29-4779-9235-4c2005c4985c",
                      "isHook": false,
                      "skipped": false
                    }
                  ],
                  "suites": [],
                  "passes": [
                    "eb2e91fe-bddd-4b0c-ba6b-cf1ed07065c5",
                    "ba71b25a-74a4-4fd4-900e-400a81ef1865",
                    "53f2148f-e6ed-4147-a781-fd2c20946ed6"
                  ],
                  "failures": [],
                  "pending": [],
                  "skipped": [],
                  "duration": 439,
                  "root": false,
                  "rootEmpty": false,
                  "_timeout": 2000
                }
              ],
              "passes": [],
              "failures": [],
              "pending": [],
              "skipped": [],
              "duration": 0,
              "root": false,
              "rootEmpty": false,
              "_timeout": 2000
            },
            {
              "uuid": "746d7083-de87-4ed4-b3bf-1b253aabb1ac",
              "title": "Adding a todo",
              "fullFile": "",
              "file": "",
              "beforeHooks": [],
              "afterHooks": [],
              "tests": [
                {
                  "title": "should focus text field by default",
                  "fullTitle": " Adding a todo should focus text field by default",
                  "timedOut": null,
                  "duration": 71,
                  "state": "passed",
                  "speed": "fast",
                  "pass": true,
                  "fail": false,
                  "pending": false,
                  "context": null,
                  "code": "page.newTodoField().should('be.focused');",
                  "err": {},
                  "uuid": "1b6839db-baee-473c-b09a-00851f61e139",
                  "parentUUID": "746d7083-de87-4ed4-b3bf-1b253aabb1ac",
                  "isHook": false,
                  "skipped": false
                }
              ],
              "suites": [
                {
                  "uuid": "14a670c0-a1c4-4675-8223-2fea3422f579",
                  "title": "if title is empty",
                  "fullFile": "",
                  "file": "",
                  "beforeHooks": [],
                  "afterHooks": [],
                  "tests": [
                    {
                      "title": "should not send a request",
                      "fullTitle": " Adding a todo if title is empty should not send a request",
                      "timedOut": null,
                      "duration": 141,
                      "state": "passed",
                      "speed": "fast",
                      "pass": true,
                      "fail": false,
                      "pending": false,
                      "context": null,
                      "code": "cy.get('@createCallback').should('not.be.called');",
                      "err": {},
                      "uuid": "aa18e764-2845-4880-9850-697c518b2a82",
                      "parentUUID": "14a670c0-a1c4-4675-8223-2fea3422f579",
                      "isHook": false,
                      "skipped": false
                    },
                    {
                      "title": "should keep text field focused",
                      "fullTitle": " Adding a todo if title is empty should keep text field focused",
                      "timedOut": null,
                      "duration": 138,
                      "state": "passed",
                      "speed": "fast",
                      "pass": true,
                      "fail": false,
                      "pending": false,
                      "context": null,
                      "code": "page.newTodoField().should('be.focused');",
                      "err": {},
                      "uuid": "ac778322-02f6-4914-a800-5e68ed9b3132",
                      "parentUUID": "14a670c0-a1c4-4675-8223-2fea3422f579",
                      "isHook": false,
                      "skipped": false
                    },
                    {
                      "title": "should display an error message",
                      "fullTitle": " Adding a todo if title is empty should display an error message",
                      "timedOut": null,
                      "duration": 136,
                      "state": "passed",
                      "speed": "fast",
                      "pass": true,
                      "fail": false,
                      "pending": false,
                      "context": null,
                      "code": "errorMessage.assertVisible();\nerrorMessage.assertText('Title should not be empty');",
                      "err": {},
                      "uuid": "54a5d9c7-9593-417d-b4ad-24ac9e341483",
                      "parentUUID": "14a670c0-a1c4-4675-8223-2fea3422f579",
                      "isHook": false,
                      "skipped": false
                    },
                    {
                      "title": "should hide an error message after 3 seconds",
                      "fullTitle": " Adding a todo if title is empty should hide an error message after 3 seconds",
                      "timedOut": null,
                      "duration": 3081,
                      "state": "passed",
                      "speed": "fast",
                      "pass": true,
                      "fail": false,
                      "pending": false,
                      "context": null,
                      "code": "// just in case\ncy.wait(50);\ncy.clock();\ncy.tick(3000);\nerrorMessage.assertHidden();",
                      "err": {},
                      "uuid": "d1925fc5-6dad-4e50-925e-97f8f65219fb",
                      "parentUUID": "14a670c0-a1c4-4675-8223-2fea3422f579",
                      "isHook": false,
                      "skipped": false
                    }
                  ],
                  "suites": [],
                  "passes": [
                    "aa18e764-2845-4880-9850-697c518b2a82",
                    "ac778322-02f6-4914-a800-5e68ed9b3132",
                    "54a5d9c7-9593-417d-b4ad-24ac9e341483",
                    "d1925fc5-6dad-4e50-925e-97f8f65219fb"
                  ],
                  "failures": [],
                  "pending": [],
                  "skipped": [],
                  "duration": 3496,
                  "root": false,
                  "rootEmpty": false,
                  "_timeout": 2000
                },
                {
                  "uuid": "2852294b-3c46-46df-8989-f7932be3bcaa",
                  "title": "if title title has only whitespaces",
                  "fullFile": "",
                  "file": "",
                  "beforeHooks": [],
                  "afterHooks": [],
                  "tests": [
                    {
                      "title": "should not send a request",
                      "fullTitle": " Adding a todo if title title has only whitespaces should not send a request",
                      "timedOut": null,
                      "duration": 215,
                      "state": "passed",
                      "speed": "fast",
                      "pass": true,
                      "fail": false,
                      "pending": false,
                      "context": null,
                      "code": "cy.get('@createCallback').should('not.be.called');",
                      "err": {},
                      "uuid": "8ff3578d-7531-41cb-aef5-87aaa649c953",
                      "parentUUID": "2852294b-3c46-46df-8989-f7932be3bcaa",
                      "isHook": false,
                      "skipped": false
                    },
                    {
                      "title": "should keep text field focused",
                      "fullTitle": " Adding a todo if title title has only whitespaces should keep text field focused",
                      "timedOut": null,
                      "duration": 280,
                      "state": "passed",
                      "speed": "fast",
                      "pass": true,
                      "fail": false,
                      "pending": false,
                      "context": null,
                      "code": "page.newTodoField().should('be.focused');",
                      "err": {},
                      "uuid": "94b0241c-c6a0-4ca9-9129-79e6246b6561",
                      "parentUUID": "2852294b-3c46-46df-8989-f7932be3bcaa",
                      "isHook": false,
                      "skipped": false
                    },
                    {
                      "title": "should display an error message",
                      "fullTitle": " Adding a todo if title title has only whitespaces should display an error message",
                      "timedOut": null,
                      "duration": 208,
                      "state": "passed",
                      "speed": "fast",
                      "pass": true,
                      "fail": false,
                      "pending": false,
                      "context": null,
                      "code": "errorMessage.assertVisible();\nerrorMessage.assertText('Title should not be empty');",
                      "err": {},
                      "uuid": "e84fe7c5-b3ca-4d79-ab20-f136b5ce7046",
                      "parentUUID": "2852294b-3c46-46df-8989-f7932be3bcaa",
                      "isHook": false,
                      "skipped": false
                    },
                    {
                      "title": "should hide an error message after 3 seconds",
                      "fullTitle": " Adding a todo if title title has only whitespaces should hide an error message after 3 seconds",
                      "timedOut": null,
                      "duration": 3147,
                      "state": "passed",
                      "speed": "fast",
                      "pass": true,
                      "fail": false,
                      "pending": false,
                      "context": null,
                      "code": "// just in case\ncy.wait(50);\ncy.clock();\ncy.tick(3000);\nerrorMessage.assertHidden();",
                      "err": {},
                      "uuid": "de55d349-a057-4435-bbf5-45f17c4bc59b",
                      "parentUUID": "2852294b-3c46-46df-8989-f7932be3bcaa",
                      "isHook": false,
                      "skipped": false
                    }
                  ],
                  "suites": [],
                  "passes": [
                    "8ff3578d-7531-41cb-aef5-87aaa649c953",
                    "94b0241c-c6a0-4ca9-9129-79e6246b6561",
                    "e84fe7c5-b3ca-4d79-ab20-f136b5ce7046",
                    "de55d349-a057-4435-bbf5-45f17c4bc59b"
                  ],
                  "failures": [],
                  "pending": [],
                  "skipped": [],
                  "duration": 3850,
                  "root": false,
                  "rootEmpty": false,
                  "_timeout": 2000
                },
                {
                  "uuid": "6a977e38-22fe-4200-9b5d-d19eb8958e64",
                  "title": "after form submition before response is received",
                  "fullFile": "",
                  "file": "",
                  "beforeHooks": [],
                  "afterHooks": [],
                  "tests": [
                    {
                      "title": "should send a create request",
                      "fullTitle": " Adding a todo after form submition before response is received should send a create request",
                      "timedOut": null,
                      "duration": 254,
                      "state": "passed",
                      "speed": "fast",
                      "pass": true,
                      "fail": false,
                      "pending": false,
                      "context": null,
                      "code": "cy.tick(1000);\ncy.get('@createCallback').should('have.callCount', 1);",
                      "err": {},
                      "uuid": "3cd4b307-c17b-4e51-b204-f8f499806e12",
                      "parentUUID": "6a977e38-22fe-4200-9b5d-d19eb8958e64",
                      "isHook": false,
                      "skipped": false
                    },
                    {
                      "title": "should disable the input",
                      "fullTitle": " Adding a todo after form submition before response is received should disable the input",
                      "timedOut": null,
                      "duration": 4473,
                      "state": "failed",
                      "speed": null,
                      "pass": false,
                      "fail": true,
                      "pending": false,
                      "context": null,
                      "code": "page.newTodoField().should('be.disabled');",
                      "err": {
                        "message": "AssertionError: Timed out retrying after 4000ms: expected '<input.todoapp__new-todo>' to be 'disabled'",
                        "estack": "AssertionError: Timed out retrying after 4000ms: expected '<input.todoapp__new-todo>' to be 'disabled'\n    at Context.eval (webpack://react_todo-app-with-api/./cypress/integration/page.spec.js:479:28)",
                        "diff": null
                      },
                      "uuid": "46db89d5-6b40-47f3-bcc2-7a32c30d5a18",
                      "parentUUID": "6a977e38-22fe-4200-9b5d-d19eb8958e64",
                      "isHook": false,
                      "skipped": false
                    },
                    {
                      "title": "should keep entered text",
                      "fullTitle": " Adding a todo after form submition before response is received should keep entered text",
                      "timedOut": null,
                      "duration": 0,
                      "state": "skipped",
                      "speed": null,
                      "pass": false,
                      "fail": false,
                      "pending": false,
                      "context": null,
                      "code": "page.newTodoField().should('have.value', 'Test Todo');",
                      "err": {},
                      "uuid": "7c9b69fb-c4ac-4e10-99f7-8835a2e443a8",
                      "parentUUID": "6a977e38-22fe-4200-9b5d-d19eb8958e64",
                      "isHook": false,
                      "skipped": true
                    },
                    {
                      "title": "should create and show a temp TodoItem with Loader",
                      "fullTitle": " Adding a todo after form submition before response is received should create and show a temp TodoItem with Loader",
                      "timedOut": null,
                      "duration": 0,
                      "state": "skipped",
                      "speed": null,
                      "pass": false,
                      "fail": false,
                      "pending": false,
                      "context": null,
                      "code": "todos.assertCount(6);\ntodos.assertLoading(5);",
                      "err": {},
                      "uuid": "ed5d5616-c85c-4f68-99d0-b428030a6e34",
                      "parentUUID": "6a977e38-22fe-4200-9b5d-d19eb8958e64",
                      "isHook": false,
                      "skipped": true
                    },
                    {
                      "title": "should show a temp TodoItem with correct title",
                      "fullTitle": " Adding a todo after form submition before response is received should show a temp TodoItem with correct title",
                      "timedOut": null,
                      "duration": 0,
                      "state": "skipped",
                      "speed": null,
                      "pass": false,
                      "fail": false,
                      "pending": false,
                      "context": null,
                      "code": "todos.assertTitle(5, 'Test Todo');",
                      "err": {},
                      "uuid": "858b685a-127f-4a28-9a38-61a1041ed860",
                      "parentUUID": "6a977e38-22fe-4200-9b5d-d19eb8958e64",
                      "isHook": false,
                      "skipped": true
                    },
                    {
                      "title": "should show a not completed temp TodoItem",
                      "fullTitle": " Adding a todo after form submition before response is received should show a not completed temp TodoItem",
                      "timedOut": null,
                      "duration": 0,
                      "state": "skipped",
                      "speed": null,
                      "pass": false,
                      "fail": false,
                      "pending": false,
                      "context": null,
                      "code": "todos.assertNotCompleted(5);",
                      "err": {},
                      "uuid": "ffb60b0e-ba69-404a-b1ef-dd635c7be570",
                      "parentUUID": "6a977e38-22fe-4200-9b5d-d19eb8958e64",
                      "isHook": false,
                      "skipped": true
                    },
                    {
                      "title": "should not show loaders for existing todos",
                      "fullTitle": " Adding a todo after form submition before response is received should not show loaders for existing todos",
                      "timedOut": null,
                      "duration": 0,
                      "state": "skipped",
                      "speed": null,
                      "pass": false,
                      "fail": false,
                      "pending": false,
                      "context": null,
                      "code": "todos.assertNotLoading(0);\ntodos.assertNotLoading(1);\ntodos.assertNotLoading(2);\ntodos.assertNotLoading(3);\ntodos.assertNotLoading(4);",
                      "err": {},
                      "uuid": "ee0c560e-fb9d-4c6c-9877-ba0b80749dbc",
                      "parentUUID": "6a977e38-22fe-4200-9b5d-d19eb8958e64",
                      "isHook": false,
                      "skipped": true
                    },
                    {
                      "title": "should not update active counter",
                      "fullTitle": " Adding a todo after form submition before response is received should not update active counter",
                      "timedOut": null,
                      "duration": 0,
                      "state": "skipped",
                      "speed": null,
                      "pass": false,
                      "fail": false,
                      "pending": false,
                      "context": null,
                      "code": "page.todosCounter().should('have.text', '2 items left');",
                      "err": {},
                      "uuid": "78c9ead2-f9fa-4d11-bf96-2253c1ee410b",
                      "parentUUID": "6a977e38-22fe-4200-9b5d-d19eb8958e64",
                      "isHook": false,
                      "skipped": true
                    }
                  ],
                  "suites": [],
                  "passes": [
                    "3cd4b307-c17b-4e51-b204-f8f499806e12"
                  ],
                  "failures": [
                    "46db89d5-6b40-47f3-bcc2-7a32c30d5a18"
                  ],
                  "pending": [],
                  "skipped": [
                    "7c9b69fb-c4ac-4e10-99f7-8835a2e443a8",
                    "ed5d5616-c85c-4f68-99d0-b428030a6e34",
                    "858b685a-127f-4a28-9a38-61a1041ed860",
                    "ffb60b0e-ba69-404a-b1ef-dd635c7be570",
                    "ee0c560e-fb9d-4c6c-9877-ba0b80749dbc",
                    "78c9ead2-f9fa-4d11-bf96-2253c1ee410b"
                  ],
                  "duration": 4727,
                  "root": false,
                  "rootEmpty": false,
                  "_timeout": 2000
                },
                {
                  "uuid": "27e2f47c-0f39-4353-91d7-a9349f1e268f",
                  "title": "on success response",
                  "fullFile": "",
                  "file": "",
                  "beforeHooks": [],
                  "afterHooks": [],
                  "tests": [
                    {
                      "title": "should add trimmed title",
                      "fullTitle": " Adding a todo on success response should add trimmed title",
                      "timedOut": null,
                      "duration": 0,
                      "state": "skipped",
                      "speed": null,
                      "pass": false,
                      "fail": false,
                      "pending": false,
                      "context": null,
                      "code": "page.mockCreate().as('createRequest');\npage.newTodoField().type('  Other Title    {enter}');\ncy.wait('@createRequest');\n// just in case\npage.flushJSTimers();\ntodos.assertTitle(5, 'Other Title');",
                      "err": {},
                      "uuid": "f1532b8a-b457-472e-b14f-0374c6b0ba78",
                      "parentUUID": null,
                      "isHook": false,
                      "skipped": true
                    },
                    {
                      "title": "should keep current filter",
                      "fullTitle": " Adding a todo on success response should keep current filter",
                      "timedOut": null,
                      "duration": 0,
                      "state": "skipped",
                      "speed": null,
                      "pass": false,
                      "fail": false,
                      "pending": false,
                      "context": null,
                      "code": "page.mockCreate().as('createRequest');\nfilter.link('active').click();\npage.newTodoField().type('Test Todo{enter}');\ncy.wait('@createRequest');\nfilter.assertSelected('active');",
                      "err": {},
                      "uuid": "8d05cdf6-7c83-4d21-a6d7-6dfdeb824b39",
                      "parentUUID": null,
                      "isHook": false,
                      "skipped": true
                    }
                  ],
                  "suites": [
                    {
                      "uuid": "f7f34770-3eba-4fa9-a3e3-5ae451ae2c03",
                      "title": "",
                      "fullFile": "",
                      "file": "",
                      "beforeHooks": [],
                      "afterHooks": [],
                      "tests": [
                        {
                          "title": "should replace loader with a created todo",
                          "fullTitle": " Adding a todo on success response  should replace loader with a created todo",
                          "timedOut": null,
                          "duration": 0,
                          "state": "skipped",
                          "speed": null,
                          "pass": false,
                          "fail": false,
                          "pending": false,
                          "context": null,
                          "code": "page.flushJSTimers();\ntodos.assertCount(6);\ntodos.assertNotLoading(5);",
                          "err": {},
                          "uuid": "63b13531-ef3f-4843-9aca-5a1cb7cad93b",
                          "parentUUID": null,
                          "isHook": false,
                          "skipped": true
                        },
                        {
                          "title": "should add a todo with a correct title",
                          "fullTitle": " Adding a todo on success response  should add a todo with a correct title",
                          "timedOut": null,
                          "duration": 0,
                          "state": "skipped",
                          "speed": null,
                          "pass": false,
                          "fail": false,
                          "pending": false,
                          "context": null,
                          "code": "todos.assertTitle(5, 'Test Todo');",
                          "err": {},
                          "uuid": "e3e7ea4b-d97a-4ff5-b2c8-3f0d542d8da5",
                          "parentUUID": null,
                          "isHook": false,
                          "skipped": true
                        },
                        {
                          "title": "should add a not completed todo",
                          "fullTitle": " Adding a todo on success response  should add a not completed todo",
                          "timedOut": null,
                          "duration": 0,
                          "state": "skipped",
                          "speed": null,
                          "pass": false,
                          "fail": false,
                          "pending": false,
                          "context": null,
                          "code": "todos.assertNotCompleted(5);",
                          "err": {},
                          "uuid": "367d1a46-e402-43cb-98bd-657ba462fdfd",
                          "parentUUID": null,
                          "isHook": false,
                          "skipped": true
                        },
                        {
                          "title": "should update active counter",
                          "fullTitle": " Adding a todo on success response  should update active counter",
                          "timedOut": null,
                          "duration": 0,
                          "state": "skipped",
                          "speed": null,
                          "pass": false,
                          "fail": false,
                          "pending": false,
                          "context": null,
                          "code": "page.todosCounter().should('have.text', '3 items left');",
                          "err": {},
                          "uuid": "1b72468a-cda3-47de-971c-3789d0cff06c",
                          "parentUUID": null,
                          "isHook": false,
                          "skipped": true
                        },
                        {
                          "title": "should enable the text field",
                          "fullTitle": " Adding a todo on success response  should enable the text field",
                          "timedOut": null,
                          "duration": 0,
                          "state": "skipped",
                          "speed": null,
                          "pass": false,
                          "fail": false,
                          "pending": false,
                          "context": null,
                          "code": "page.newTodoField().should('not.be.disabled');",
                          "err": {},
                          "uuid": "77b72240-619d-47b1-a56d-f2025e1ddb24",
                          "parentUUID": null,
                          "isHook": false,
                          "skipped": true
                        },
                        {
                          "title": "should not show error message",
                          "fullTitle": " Adding a todo on success response  should not show error message",
                          "timedOut": null,
                          "duration": 0,
                          "state": "skipped",
                          "speed": null,
                          "pass": false,
                          "fail": false,
                          "pending": false,
                          "context": null,
                          "code": "errorMessage.assertHidden();",
                          "err": {},
                          "uuid": "2a1215ec-8dd3-4c0a-963f-0c1118642a83",
                          "parentUUID": null,
                          "isHook": false,
                          "skipped": true
                        },
                        {
                          "title": "should clear text field",
                          "fullTitle": " Adding a todo on success response  should clear text field",
                          "timedOut": null,
                          "duration": 0,
                          "state": "skipped",
                          "speed": null,
                          "pass": false,
                          "fail": false,
                          "pending": false,
                          "context": null,
                          "code": "page.newTodoField().should('have.value', '');",
                          "err": {},
                          "uuid": "acf2606f-82b9-488b-bd7a-eca0413e8292",
                          "parentUUID": null,
                          "isHook": false,
                          "skipped": true
                        },
                        {
                          "title": "should focus text field",
                          "fullTitle": " Adding a todo on success response  should focus text field",
                          "timedOut": null,
                          "duration": 0,
                          "state": "skipped",
                          "speed": null,
                          "pass": false,
                          "fail": false,
                          "pending": false,
                          "context": null,
                          "code": "page.newTodoField().should('be.focused');",
                          "err": {},
                          "uuid": "a57ddd7f-f528-4513-867b-d9c1541d1d80",
                          "parentUUID": null,
                          "isHook": false,
                          "skipped": true
                        },
                        {
                          "title": "should allow to add one more todo",
                          "fullTitle": " Adding a todo on success response  should allow to add one more todo",
                          "timedOut": null,
                          "duration": 0,
                          "state": "skipped",
                          "speed": null,
                          "pass": false,
                          "fail": false,
                          "pending": false,
                          "context": null,
                          "code": "page.mockCreate().as('createRequest2');\npage.newTodoField().type('Hello world{enter}');\ncy.wait('@createRequest2');\npage.flushJSTimers();\ntodos.assertCount(7);\n// todos.assertNotLoading(6);\ntodos.assertNotCompleted(6);\ntodos.assertTitle(6, 'Hello world');\npage.todosCounter().should('have.text', '4 items left');",
                          "err": {},
                          "uuid": "496c814d-7dc1-4124-8ccd-06441b25c5a8",
                          "parentUUID": null,
                          "isHook": false,
                          "skipped": true
                        }
                      ],
                      "suites": [],
                      "passes": [],
                      "failures": [],
                      "pending": [],
                      "skipped": [
                        "63b13531-ef3f-4843-9aca-5a1cb7cad93b",
                        "e3e7ea4b-d97a-4ff5-b2c8-3f0d542d8da5",
                        "367d1a46-e402-43cb-98bd-657ba462fdfd",
                        "1b72468a-cda3-47de-971c-3789d0cff06c",
                        "77b72240-619d-47b1-a56d-f2025e1ddb24",
                        "2a1215ec-8dd3-4c0a-963f-0c1118642a83",
                        "acf2606f-82b9-488b-bd7a-eca0413e8292",
                        "a57ddd7f-f528-4513-867b-d9c1541d1d80",
                        "496c814d-7dc1-4124-8ccd-06441b25c5a8"
                      ],
                      "duration": 0,
                      "root": false,
                      "rootEmpty": false,
                      "_timeout": 2000
                    }
                  ],
                  "passes": [],
                  "failures": [],
                  "pending": [],
                  "skipped": [
                    "f1532b8a-b457-472e-b14f-0374c6b0ba78",
                    "8d05cdf6-7c83-4d21-a6d7-6dfdeb824b39"
                  ],
                  "duration": 0,
                  "root": false,
                  "rootEmpty": false,
                  "_timeout": 2000
                },
                {
                  "uuid": "73d86d96-0be3-430e-8477-d2e011d5adcd",
                  "title": "on request fail",
                  "fullFile": "",
                  "file": "",
                  "beforeHooks": [],
                  "afterHooks": [],
                  "tests": [
                    {
                      "title": "should show an error message",
                      "fullTitle": " Adding a todo on request fail should show an error message",
                      "timedOut": null,
                      "duration": 0,
                      "state": "skipped",
                      "speed": null,
                      "pass": false,
                      "fail": false,
                      "pending": false,
                      "context": null,
                      "code": "errorMessage.assertVisible();\nerrorMessage.assertText('Unable to add a todo');",
                      "err": {},
                      "uuid": "dbfc0ada-9bad-4045-be68-e48f271503bf",
                      "parentUUID": null,
                      "isHook": false,
                      "skipped": true
                    },
                    {
                      "title": "should hide an error message in 3 seconds",
                      "fullTitle": " Adding a todo on request fail should hide an error message in 3 seconds",
                      "timedOut": null,
                      "duration": 0,
                      "state": "skipped",
                      "speed": null,
                      "pass": false,
                      "fail": false,
                      "pending": false,
                      "context": null,
                      "code": "// just in case\ncy.wait(50);\ncy.clock();\ncy.tick(2500);\nerrorMessage.assertVisible();\ncy.tick(500);\nerrorMessage.assertHidden();",
                      "err": {},
                      "uuid": "041afeb1-6904-4e0e-a83e-dcf780fd847f",
                      "parentUUID": null,
                      "isHook": false,
                      "skipped": true
                    },
                    {
                      "title": "should remove a temp TodoItem on request fail",
                      "fullTitle": " Adding a todo on request fail should remove a temp TodoItem on request fail",
                      "timedOut": null,
                      "duration": 0,
                      "state": "skipped",
                      "speed": null,
                      "pass": false,
                      "fail": false,
                      "pending": false,
                      "context": null,
                      "code": "todos.assertCount(5);\ntodos.assertTitle(4, 'React');",
                      "err": {},
                      "uuid": "997e4a05-5ba0-4f7d-91e6-9b07036f6508",
                      "parentUUID": null,
                      "isHook": false,
                      "skipped": true
                    },
                    {
                      "title": "should enable the text field on request fail",
                      "fullTitle": " Adding a todo on request fail should enable the text field on request fail",
                      "timedOut": null,
                      "duration": 0,
                      "state": "skipped",
                      "speed": null,
                      "pass": false,
                      "fail": false,
                      "pending": false,
                      "context": null,
                      "code": "page.newTodoField().should('not.be.disabled');",
                      "err": {},
                      "uuid": "fc80f36e-cfa0-417f-83f4-30ae4c56e711",
                      "parentUUID": null,
                      "isHook": false,
                      "skipped": true
                    },
                    {
                      "title": "should keep the entered text on request fail",
                      "fullTitle": " Adding a todo on request fail should keep the entered text on request fail",
                      "timedOut": null,
                      "duration": 0,
                      "state": "skipped",
                      "speed": null,
                      "pass": false,
                      "fail": false,
                      "pending": false,
                      "context": null,
                      "code": "page.newTodoField().should('have.value', 'Test Todo');",
                      "err": {},
                      "uuid": "e28d343f-3621-419a-9b9f-ddb24d8db10b",
                      "parentUUID": null,
                      "isHook": false,
                      "skipped": true
                    },
                    {
                      "title": "should focus text field",
                      "fullTitle": " Adding a todo on request fail should focus text field",
                      "timedOut": null,
                      "duration": 0,
                      "state": "skipped",
                      "speed": null,
                      "pass": false,
                      "fail": false,
                      "pending": false,
                      "context": null,
                      "code": "page.newTodoField().should('be.focused');",
                      "err": {},
                      "uuid": "65c9590b-ed02-4bc7-a537-e95c6f3c9efc",
                      "parentUUID": null,
                      "isHook": false,
                      "skipped": true
                    },
                    {
                      "title": "should not update active counter",
                      "fullTitle": " Adding a todo on request fail should not update active counter",
                      "timedOut": null,
                      "duration": 0,
                      "state": "skipped",
                      "speed": null,
                      "pass": false,
                      "fail": false,
                      "pending": false,
                      "context": null,
                      "code": "page.todosCounter().should('have.text', '2 items left');",
                      "err": {},
                      "uuid": "59591749-1d5d-40d5-a060-9cb058e71de6",
                      "parentUUID": null,
                      "isHook": false,
                      "skipped": true
                    },
                    {
                      "title": "should immediately hide an error message on new request",
                      "fullTitle": " Adding a todo on request fail should immediately hide an error message on new request",
                      "timedOut": null,
                      "duration": 0,
                      "state": "skipped",
                      "speed": null,
                      "pass": false,
                      "fail": false,
                      "pending": false,
                      "context": null,
                      "code": "page.newTodoField().type(`{enter}`);\nerrorMessage.assertHidden();",
                      "err": {},
                      "uuid": "7b40ef66-3014-463a-ac1a-e7ed7f4a699d",
                      "parentUUID": null,
                      "isHook": false,
                      "skipped": true
                    },
                    {
                      "title": "should show an error message again on a next fail",
                      "fullTitle": " Adding a todo on request fail should show an error message again on a next fail",
                      "timedOut": null,
                      "duration": 0,
                      "state": "skipped",
                      "speed": null,
                      "pass": false,
                      "fail": false,
                      "pending": false,
                      "context": null,
                      "code": "// to prevent Cypress from failing the test on uncaught exception\ncy.once('uncaught:exception', () => false);\npage.mockCreate({\n  statusCode: 503,\n  body: 'Service Unavailable'\n}).as('createRequest2');\npage.newTodoField().type(`{enter}`);\ncy.wait('@createRequest2');\nerrorMessage.assertVisible();",
                      "err": {},
                      "uuid": "494a2f75-989c-45db-b1e9-0b91ebcefa60",
                      "parentUUID": null,
                      "isHook": false,
                      "skipped": true
                    },
                    {
                      "title": "should keep an error message for 3s after the last fail",
                      "fullTitle": " Adding a todo on request fail should keep an error message for 3s after the last fail",
                      "timedOut": null,
                      "duration": 0,
                      "state": "skipped",
                      "speed": null,
                      "pass": false,
                      "fail": false,
                      "pending": false,
                      "context": null,
[...]
                          "duration": 0,
                          "state": "skipped",
                          "speed": null,
                          "pass": false,
                          "fail": false,
                          "pending": false,
                          "context": null,
                          "code": "todos.title(0).trigger('dblclick');\ntodos.titleField(0).type('{enter}');\ntodos.titleField(0).should('not.exist');",
                          "err": {},
                          "uuid": "1fb7837d-1de8-4eb9-9d7f-877d5af81580",
                          "parentUUID": null,
                          "isHook": false,
                          "skipped": true
                        },
                        {
                          "title": "should be closed on Escape",
                          "fullTitle": " Renaming Edit Form if title was not changed should be closed on Escape",
                          "timedOut": null,
                          "duration": 0,
                          "state": "skipped",
                          "speed": null,
                          "pass": false,
                          "fail": false,
                          "pending": false,
                          "context": null,
                          "code": "todos.title(0).trigger('dblclick');\ntodos.titleField(0).type('{esc}');\ntodos.titleField(0).should('not.exist');",
                          "err": {},
                          "uuid": "6d4cfffc-555b-471b-ae43-34b62ba8dc9c",
                          "parentUUID": null,
                          "isHook": false,
                          "skipped": true
                        },
                        {
                          "title": "should preserve current title on save",
                          "fullTitle": " Renaming Edit Form if title was not changed should preserve current title on save",
                          "timedOut": null,
                          "duration": 0,
                          "state": "skipped",
                          "speed": null,
                          "pass": false,
                          "fail": false,
                          "pending": false,
                          "context": null,
                          "code": "todos.title(0).trigger('dblclick');\ntodos.titleField(0).type('{enter}');\ntodos.assertTitle(0, 'HTML');",
                          "err": {},
                          "uuid": "e09bd6e9-296c-4b95-9a91-371d73d8b515",
                          "parentUUID": null,
                          "isHook": false,
                          "skipped": true
                        }
                      ],
                      "suites": [],
                      "passes": [],
                      "failures": [],
                      "pending": [],
                      "skipped": [
                        "5a184f49-083f-4b59-a8c9-e56196aa26f0",
                        "1fb7837d-1de8-4eb9-9d7f-877d5af81580",
                        "6d4cfffc-555b-471b-ae43-34b62ba8dc9c",
                        "e09bd6e9-296c-4b95-9a91-371d73d8b515"
                      ],
                      "duration": 0,
                      "root": false,
                      "rootEmpty": false,
                      "_timeout": 2000
                    },
                    {
                      "uuid": "0640311a-37bc-4368-9da7-31001b1cada7",
                      "title": "if title became empty",
                      "fullFile": "",
                      "file": "",
                      "beforeHooks": [],
                      "afterHooks": [],
                      "tests": [
                        {
                          "title": "should not send an update request on enter",
                          "fullTitle": " Renaming Edit Form if title became empty should not send an update request on enter",
                          "timedOut": null,
                          "duration": 0,
                          "state": "skipped",
                          "speed": null,
                          "pass": false,
                          "fail": false,
                          "pending": false,
                          "context": null,
                          "code": "page.mockDelete(257334).as('deleteRequest');\ntodos.titleField(0).type('{enter}');\ncy.get('@renameCallback').should('not.be.called');",
                          "err": {},
                          "uuid": "b439a4f9-ad55-4ca3-a0e2-332dbcbc4ffa",
                          "parentUUID": null,
                          "isHook": false,
                          "skipped": true
                        },
                        {
                          "title": "should send a delete request on enter",
                          "fullTitle": " Renaming Edit Form if title became empty should send a delete request on enter",
                          "timedOut": null,
                          "duration": 0,
                          "state": "skipped",
                          "speed": null,
                          "pass": false,
                          "fail": false,
                          "pending": false,
                          "context": null,
                          "code": "page.mockDelete(257334).as('deleteRequest');\ntodos.titleField(0).type('{enter}');\ncy.wait('@deleteRequest');",
                          "err": {},
                          "uuid": "29aa6aaa-12e9-4e42-8bd9-8f6ce7e6dd99",
                          "parentUUID": null,
                          "isHook": false,
                          "skipped": true
                        },
                        {
                          "title": "should show loading on enter",
                          "fullTitle": " Renaming Edit Form if title became empty should show loading on enter",
                          "timedOut": null,
                          "duration": 0,
                          "state": "skipped",
                          "speed": null,
                          "pass": false,
                          "fail": false,
                          "pending": false,
                          "context": null,
                          "code": "page.mockDelete(257334).as('deleteRequest');\npage.pauseTimers();\ntodos.titleField(0).type('{enter}');\ntodos.assertLoading(0);",
                          "err": {},
                          "uuid": "b47d2aee-2e16-49be-862b-e00976a38507",
                          "parentUUID": null,
                          "isHook": false,
                          "skipped": true
                        },
                        {
                          "title": "should delete a todo on success",
                          "fullTitle": " Renaming Edit Form if title became empty should delete a todo on success",
                          "timedOut": null,
                          "duration": 0,
                          "state": "skipped",
                          "speed": null,
                          "pass": false,
                          "fail": false,
                          "pending": false,
                          "context": null,
                          "code": "page.mockDelete(257334).as('deleteRequest');\ntodos.titleField(0).type('{enter}');\ncy.wait('@deleteRequest');\ntodos.assertCount(4);\ntodos.assertTitle(0, 'CSS');",
                          "err": {},
                          "uuid": "6f0e1ad0-21ed-4dd1-ac5e-13e214dba47d",
                          "parentUUID": null,
                          "isHook": false,
                          "skipped": true
                        },
                        {
                          "title": "should show deleting error message on fail",
                          "fullTitle": " Renaming Edit Form if title became empty should show deleting error message on fail",
                          "timedOut": null,
                          "duration": 0,
                          "state": "skipped",
                          "speed": null,
                          "pass": false,
                          "fail": false,
                          "pending": false,
                          "context": null,
                          "code": "// to prevent Cypress from failing the test on uncaught exception\ncy.once('uncaught:exception', () => false);\npage.mockDelete(257334, {\n  statusCode: 503\n}).as('deleteRequest');\ntodos.titleField(0).type('{enter}');\ncy.wait('@deleteRequest');\nerrorMessage.assertVisible();\nerrorMessage.assertText('Unable to delete a todo');",
                          "err": {},
                          "uuid": "fc3c6cbc-fdd7-4dce-8201-fec614121fde",
                          "parentUUID": null,
                          "isHook": false,
                          "skipped": true
                        },
                        {
                          "title": "should hide loader on fail",
                          "fullTitle": " Renaming Edit Form if title became empty should hide loader on fail",
                          "timedOut": null,
                          "duration": 0,
                          "state": "skipped",
                          "speed": null,
                          "pass": false,
                          "fail": false,
                          "pending": false,
                          "context": null,
                          "code": "// to prevent Cypress from failing the test on uncaught exception\ncy.once('uncaught:exception', () => false);\npage.mockDelete(257334, {\n  statusCode: 503\n}).as('deleteRequest');\ntodos.titleField(0).type('{enter}');\ncy.wait('@deleteRequest');\npage.flushJSTimers();\ntodos.assertNotLoading(0);",
                          "err": {},
                          "uuid": "4ab02b58-ce54-4c72-9e46-4907c93e939a",
                          "parentUUID": null,
                          "isHook": false,
                          "skipped": true
                        },
                        {
                          "title": "should stay open on fail",
                          "fullTitle": " Renaming Edit Form if title became empty should stay open on fail",
                          "timedOut": null,
                          "duration": 0,
                          "state": "skipped",
                          "speed": null,
                          "pass": false,
                          "fail": false,
                          "pending": false,
                          "context": null,
                          "code": "// to prevent Cypress from failing the test on uncaught exception\ncy.once('uncaught:exception', () => false);\npage.mockDelete(257334, {\n  statusCode: 503\n}).as('deleteRequest');\ntodos.titleField(0).type('{enter}');\ncy.wait('@deleteRequest');\ntodos.titleField(0).should('exist');",
                          "err": {},
                          "uuid": "a4a448a4-dd63-4349-9a35-a7def7667bc8",
                          "parentUUID": null,
                          "isHook": false,
                          "skipped": true
                        },
                        {
                          "title": "should be closed on Escape",
                          "fullTitle": " Renaming Edit Form if title became empty should be closed on Escape",
                          "timedOut": null,
                          "duration": 0,
                          "state": "skipped",
                          "speed": null,
                          "pass": false,
                          "fail": false,
                          "pending": false,
                          "context": null,
                          "code": "todos.titleField(0).type('{esc}');\ntodos.titleField(0).should('not.exist');",
                          "err": {},
                          "uuid": "8bbbb367-42b2-4cba-b609-c7db7c1812f2",
                          "parentUUID": null,
                          "isHook": false,
                          "skipped": true
                        },
                        {
                          "title": "should preserve current title on close",
                          "fullTitle": " Renaming Edit Form if title became empty should preserve current title on close",
                          "timedOut": null,
                          "duration": 0,
                          "state": "skipped",
                          "speed": null,
                          "pass": false,
                          "fail": false,
                          "pending": false,
                          "context": null,
                          "code": "todos.titleField(0).type('{esc}');\ntodos.title(0).should('have.text', 'HTML');",
                          "err": {},
                          "uuid": "d901fe20-2f37-4886-b180-b4d5fa4c42d3",
                          "parentUUID": null,
                          "isHook": false,
                          "skipped": true
                        }
                      ],
                      "suites": [],
                      "passes": [],
                      "failures": [],
                      "pending": [],
                      "skipped": [
                        "b439a4f9-ad55-4ca3-a0e2-332dbcbc4ffa",
                        "29aa6aaa-12e9-4e42-8bd9-8f6ce7e6dd99",
                        "b47d2aee-2e16-49be-862b-e00976a38507",
                        "6f0e1ad0-21ed-4dd1-ac5e-13e214dba47d",
                        "fc3c6cbc-fdd7-4dce-8201-fec614121fde",
                        "4ab02b58-ce54-4c72-9e46-4907c93e939a",
                        "a4a448a4-dd63-4349-9a35-a7def7667bc8",
                        "8bbbb367-42b2-4cba-b609-c7db7c1812f2",
                        "d901fe20-2f37-4886-b180-b4d5fa4c42d3"
                      ],
                      "duration": 0,
                      "root": false,
                      "rootEmpty": false,
                      "_timeout": 2000
                    },
                    {
                      "uuid": "1d0bb4a1-600f-4310-b760-25e3e61f67dd",
                      "title": "on Blur",
                      "fullFile": "",
                      "file": "",
                      "beforeHooks": [],
                      "afterHooks": [],
                      "tests": [
                        {
                          "title": "should save",
                          "fullTitle": " Renaming Edit Form on Blur should save",
                          "timedOut": null,
                          "duration": 0,
                          "state": "skipped",
                          "speed": null,
                          "pass": false,
                          "fail": false,
                          "pending": false,
                          "context": null,
                          "code": "page.mockUpdate(257334).as('renameRequest');\ntodos.title(0).trigger('dblclick');\ntodos.titleField(0).clear();\ntodos.titleField(0).type('New title');\ntodos.titleField(0).blur();\ncy.wait('@renameRequest');\n// just in case\npage.flushJSTimers();\ntodos.assertTitle(0, 'New title');",
                          "err": {},
                          "uuid": "96110118-8fd2-4d99-9d11-dbf14e8882f3",
                          "parentUUID": null,
                          "isHook": false,
                          "skipped": true
                        },
                        {
                          "title": "should cancel if title was not changed",
                          "fullTitle": " Renaming Edit Form on Blur should cancel if title was not changed",
                          "timedOut": null,
                          "duration": 0,
                          "state": "skipped",
                          "speed": null,
                          "pass": false,
                          "fail": false,
                          "pending": false,
                          "context": null,
                          "code": "const spy = cy.stub().callsFake(req => req.reply({\n  body: _objectSpread(_objectSpread({}, req.body), {}, {\n    id: 257334\n  })\n})).as('renameCallback');\npage.mockUpdate(257334, spy);\ntodos.title(0).trigger('dblclick');\ntodos.titleField(0).blur();\ncy.get('@renameCallback').should('not.be.called');\npage.flushJSTimers();\ntodos.titleField(0).should('not.exist');\ntodos.assertTitle(0, 'HTML');",
                          "err": {},
                          "uuid": "b78d3057-f78f-4c58-98dc-ea939789b46d",
                          "parentUUID": null,
                          "isHook": false,
                          "skipped": true
                        },
                        {
                          "title": "should delete if title is empty",
                          "fullTitle": " Renaming Edit Form on Blur should delete if title is empty",
                          "timedOut": null,
                          "duration": 0,
                          "state": "skipped",
                          "speed": null,
                          "pass": false,
                          "fail": false,
                          "pending": false,
                          "context": null,
                          "code": "page.mockDelete(257334).as('deleteRequest');\ntodos.title(0).trigger('dblclick');\ntodos.titleField(0).clear();\ntodos.titleField(0).blur();\ncy.wait('@deleteRequest');\ntodos.assertCount(4);\ntodos.assertTitle(0, 'CSS');",
                          "err": {},
                          "uuid": "08881439-e093-44b3-9d83-75e0ece815f2",
                          "parentUUID": null,
                          "isHook": false,
                          "skipped": true
                        }
                      ],
                      "suites": [],
                      "passes": [],
                      "failures": [],
                      "pending": [],
                      "skipped": [
                        "96110118-8fd2-4d99-9d11-dbf14e8882f3",
                        "b78d3057-f78f-4c58-98dc-ea939789b46d",
                        "08881439-e093-44b3-9d83-75e0ece815f2"
                      ],
                      "duration": 0,
                      "root": false,
                      "rootEmpty": false,
                      "_timeout": 2000
                    }
                  ],
                  "passes": [],
                  "failures": [],
                  "pending": [],
                  "skipped": [],
                  "duration": 0,
                  "root": false,
                  "rootEmpty": false,
                  "_timeout": 2000
                }
              ],
              "passes": [],
              "failures": [],
              "pending": [],
              "skipped": [
                "8da303f7-0c77-484c-a518-e121c1f950ed"
              ],
              "duration": 0,
              "root": false,
              "rootEmpty": false,
              "_timeout": 2000
            }
          ],
          "passes": [],
          "failures": [],
          "pending": [],
          "skipped": [],
          "duration": 0,
          "root": false,
          "rootEmpty": false,
          "_timeout": 2000
        }
      ],
      "passes": [],
      "failures": [],
      "pending": [],
      "skipped": [],
      "duration": 0,
      "root": true,
      "rootEmpty": true,
      "_timeout": 2000
    }
  ],
  "meta": {
    "mocha": {
      "version": "7.0.1"
    },
    "mochawesome": {
      "options": {
        "quiet": false,
        "reportFilename": "mochawesome",
        "saveHtml": false,
        "saveJson": true,
        "consoleReporter": "spec",
        "useInlineDiffs": false,
        "code": true
      },
      "version": "7.1.3"
    },
    "marge": {
      "options": {
        "reportDir": "raw_reports",
        "overwrite": false,
        "html": false,
        "json": true
      },
      "version": "6.2.0"
    }
  }
}