{
  "stats": {
    "suites": 19,
    "tests": 81,
    "passes": 80,
    "pending": 1,
    "failures": 0,
    "start": "2025-08-27T09:53:44.336Z",
    "end": "2025-08-27T09:54:21.187Z",
    "duration": 36851,
    "testsRegistered": 179,
    "passPercent": 44.9438202247191,
    "pendingPercent": 0.5586592178770949,
    "other": 1,
    "hasOther": true,
    "skipped": 97,
    "hasSkipped": true
  },
  "results": [
    {
      "uuid": "3a09c59d-630c-42ea-ba7b-9d15c95f874a",
      "title": "",
      "fullFile": "cypress/integration/page.spec.js",
      "file": "cypress/integration/page.spec.js",
      "beforeHooks": [],
      "afterHooks": [],
      "tests": [],
      "suites": [
        {
          "uuid": "fcd8de70-9f94-462b-ab7c-1098e22c7aff",
          "title": "",
          "fullFile": "",
          "file": "",
          "beforeHooks": [],
          "afterHooks": [],
          "tests": [],
          "suites": [
            {
              "uuid": "5d0749b3-7293-4345-9e7a-3e51f8e937b4",
              "title": "Page with no todos",
              "fullFile": "",
              "file": "",
              "beforeHooks": [],
              "afterHooks": [],
              "tests": [
                {
                  "title": "should send 1 todos request",
                  "fullTitle": " Page with no todos should send 1 todos request",
                  "timedOut": null,
                  "duration": 968,
                  "state": "passed",
                  "speed": "fast",
                  "pass": true,
                  "fail": false,
                  "pending": false,
                  "context": null,
                  "code": "const spy = cy.stub().callsFake(req => req.reply({\n  body: []\n})).as('loadCallback');\npage.mockLoad(spy).as('loadRequest');\npage.visit();\ncy.wait('@loadRequest');\ncy.wait(500);\ncy.get('@loadCallback').should('have.callCount', 1);",
                  "err": {},
                  "uuid": "8a4f90a3-824b-4ac4-b9ed-decaba46f963",
                  "parentUUID": "5d0749b3-7293-4345-9e7a-3e51f8e937b4",
                  "isHook": false,
                  "skipped": false
                }
              ],
              "suites": [
                {
                  "uuid": "9f529b6c-d99a-4f73-9fe7-2d90d4748905",
                  "title": "",
                  "fullFile": "",
                  "file": "",
                  "beforeHooks": [],
                  "afterHooks": [],
                  "tests": [
                    {
                      "title": "should have NewTodoField",
                      "fullTitle": " Page with no todos  should have NewTodoField",
                      "timedOut": null,
                      "duration": 84,
                      "state": "passed",
                      "speed": "fast",
                      "pass": true,
                      "fail": false,
                      "pending": false,
                      "context": null,
                      "code": "page.newTodoField().should('exist');",
                      "err": {},
                      "uuid": "42d0ed46-b4e9-4742-99ff-67a337de75b6",
                      "parentUUID": "9f529b6c-d99a-4f73-9fe7-2d90d4748905",
                      "isHook": false,
                      "skipped": false
                    },
                    {
                      "title": "should not have Todos",
                      "fullTitle": " Page with no todos  should not have Todos",
                      "timedOut": null,
                      "duration": 70,
                      "state": "passed",
                      "speed": "fast",
                      "pass": true,
                      "fail": false,
                      "pending": false,
                      "context": null,
                      "code": "todos.assertCount(0);",
                      "err": {},
                      "uuid": "a5f65b08-102e-41f3-826c-ee9127123df3",
                      "parentUUID": "9f529b6c-d99a-4f73-9fe7-2d90d4748905",
                      "isHook": false,
                      "skipped": false
                    },
                    {
                      "title": "should not have Footer",
                      "fullTitle": " Page with no todos  should not have Footer",
                      "timedOut": null,
                      "duration": 71,
                      "state": "passed",
                      "speed": "fast",
                      "pass": true,
                      "fail": false,
                      "pending": false,
                      "context": null,
                      "code": "filter.assertHidden();\npage.clearCompletedButton().should('not.exist');\npage.todosCounter().should('not.exist');",
                      "err": {},
                      "uuid": "e91f8180-cc7a-44ac-8d6e-d419d68de72e",
                      "parentUUID": "9f529b6c-d99a-4f73-9fe7-2d90d4748905",
                      "isHook": false,
                      "skipped": false
                    },
                    {
                      "title": "should not show error message",
                      "fullTitle": " Page with no todos  should not show error message",
                      "timedOut": null,
                      "duration": 71,
                      "state": "passed",
                      "speed": "fast",
                      "pass": true,
                      "fail": false,
                      "pending": false,
                      "context": null,
                      "code": "errorMessage.assertHidden();",
                      "err": {},
                      "uuid": "6c489464-94c1-4ea9-a411-4b32319e2725",
                      "parentUUID": "9f529b6c-d99a-4f73-9fe7-2d90d4748905",
                      "isHook": false,
                      "skipped": false
                    }
                  ],
                  "suites": [],
                  "passes": [
                    "42d0ed46-b4e9-4742-99ff-67a337de75b6",
                    "a5f65b08-102e-41f3-826c-ee9127123df3",
                    "e91f8180-cc7a-44ac-8d6e-d419d68de72e",
                    "6c489464-94c1-4ea9-a411-4b32319e2725"
                  ],
                  "failures": [],
                  "pending": [],
                  "skipped": [],
                  "duration": 296,
                  "root": false,
                  "rootEmpty": false,
                  "_timeout": 2000
                },
                {
                  "uuid": "dfc9a37f-fc1d-413d-934c-37f91f59822e",
                  "title": "on loading error",
                  "fullFile": "",
                  "file": "",
                  "beforeHooks": [],
                  "afterHooks": [],
                  "tests": [
                    {
                      "title": "should show error",
                      "fullTitle": " Page with no todos on loading error should show error",
                      "timedOut": null,
                      "duration": 72,
                      "state": "passed",
                      "speed": "fast",
                      "pass": true,
                      "fail": false,
                      "pending": false,
                      "context": null,
                      "code": "errorMessage.assertVisible();",
                      "err": {},
                      "uuid": "cb4fd422-93f2-4ccf-a0d8-054e0d31c2e3",
                      "parentUUID": "dfc9a37f-fc1d-413d-934c-37f91f59822e",
                      "isHook": false,
                      "skipped": false
                    },
                    {
                      "title": "should show correct message",
                      "fullTitle": " Page with no todos on loading error should show correct message",
                      "timedOut": null,
                      "duration": 71,
                      "state": "passed",
                      "speed": "fast",
                      "pass": true,
                      "fail": false,
                      "pending": false,
                      "context": null,
                      "code": "errorMessage.assertText('Unable to load todos');",
                      "err": {},
                      "uuid": "90348c90-47ae-4db2-96e7-55baa09a206d",
                      "parentUUID": "dfc9a37f-fc1d-413d-934c-37f91f59822e",
                      "isHook": false,
                      "skipped": false
                    },
                    {
                      "title": "should hide error after 3 seconds",
                      "fullTitle": " Page with no todos on loading error should hide error after 3 seconds",
                      "timedOut": null,
                      "duration": 3072,
                      "state": "passed",
                      "speed": "fast",
                      "pass": true,
                      "fail": false,
                      "pending": false,
                      "context": null,
                      "code": "// just in case\ncy.wait(50);\ncy.clock();\ncy.tick(2500);\nerrorMessage.assertVisible();\ncy.tick(500);\nerrorMessage.assertHidden();",
                      "err": {},
                      "uuid": "c4e2dd29-ae64-4948-8c13-7652f33b6074",
                      "parentUUID": "dfc9a37f-fc1d-413d-934c-37f91f59822e",
                      "isHook": false,
                      "skipped": false
                    },
                    {
                      "title": "should hide error on close button click",
                      "fullTitle": " Page with no todos on loading error should hide error on close button click",
                      "timedOut": null,
                      "duration": 150,
                      "state": "passed",
                      "speed": "fast",
                      "pass": true,
                      "fail": false,
                      "pending": false,
                      "context": null,
                      "code": "errorMessage.closeButton().click();\nerrorMessage.assertHidden();",
                      "err": {},
                      "uuid": "1ecc6078-5efe-4de0-b8a7-9cb122adf334",
                      "parentUUID": "dfc9a37f-fc1d-413d-934c-37f91f59822e",
                      "isHook": false,
                      "skipped": false
                    }
                  ],
                  "suites": [],
                  "passes": [
                    "cb4fd422-93f2-4ccf-a0d8-054e0d31c2e3",
                    "90348c90-47ae-4db2-96e7-55baa09a206d",
                    "c4e2dd29-ae64-4948-8c13-7652f33b6074",
                    "1ecc6078-5efe-4de0-b8a7-9cb122adf334"
                  ],
                  "failures": [],
                  "pending": [],
                  "skipped": [],
                  "duration": 3365,
                  "root": false,
                  "rootEmpty": false,
                  "_timeout": 2000
                }
              ],
              "passes": [
                "8a4f90a3-824b-4ac4-b9ed-decaba46f963"
              ],
              "failures": [],
              "pending": [],
              "skipped": [],
              "duration": 968,
              "root": false,
              "rootEmpty": false,
              "_timeout": 2000
            },
            {
              "uuid": "d5c1878b-25d6-4f1a-8c09-261d2ccaaff0",
              "title": "Page with mixed todos",
              "fullFile": "",
              "file": "",
              "beforeHooks": [],
              "afterHooks": [],
              "tests": [
                {
                  "title": "should have NewTodoField",
                  "fullTitle": " Page with mixed todos should have NewTodoField",
                  "timedOut": null,
                  "duration": 79,
                  "state": "passed",
                  "speed": "fast",
                  "pass": true,
                  "fail": false,
                  "pending": false,
                  "context": null,
                  "code": "page.newTodoField().should('exist');",
                  "err": {},
                  "uuid": "b2e26dde-ed3f-410a-871c-f615a7030cce",
                  "parentUUID": "d5c1878b-25d6-4f1a-8c09-261d2ccaaff0",
                  "isHook": false,
                  "skipped": false
                },
                {
                  "title": "should have all loaded todos",
                  "fullTitle": " Page with mixed todos should have all loaded todos",
                  "timedOut": null,
                  "duration": 69,
                  "state": "passed",
                  "speed": "fast",
                  "pass": true,
                  "fail": false,
                  "pending": false,
                  "context": null,
                  "code": "todos.assertCount(5);",
                  "err": {},
                  "uuid": "b873d45f-514d-459f-a779-a50c15356f2d",
                  "parentUUID": "d5c1878b-25d6-4f1a-8c09-261d2ccaaff0",
                  "isHook": false,
                  "skipped": false
                },
                {
                  "title": "should have delete buttons for every todo",
                  "fullTitle": " Page with mixed todos should have delete buttons for every todo",
                  "timedOut": null,
                  "duration": 69,
                  "state": "passed",
                  "speed": "fast",
                  "pass": true,
                  "fail": false,
                  "pending": false,
                  "context": null,
                  "code": "todos.deleteButton(0).should('exist');",
                  "err": {},
                  "uuid": "71cc3eaf-2f09-4b84-ae92-38efca5b6ed3",
                  "parentUUID": "d5c1878b-25d6-4f1a-8c09-261d2ccaaff0",
                  "isHook": false,
                  "skipped": false
                },
                {
                  "title": "should not have loaders",
                  "fullTitle": " Page with mixed todos should not have loaders",
                  "timedOut": null,
                  "duration": 116,
                  "state": "passed",
                  "speed": "fast",
                  "pass": true,
                  "fail": false,
                  "pending": false,
                  "context": null,
                  "code": "todos.assertNotLoading(0);\ntodos.assertNotLoading(1);\ntodos.assertNotLoading(2);\ntodos.assertNotLoading(3);\ntodos.assertNotLoading(4);",
                  "err": {},
                  "uuid": "9de1c8b7-8f6e-4a5b-aec4-59614da392ce",
                  "parentUUID": "d5c1878b-25d6-4f1a-8c09-261d2ccaaff0",
                  "isHook": false,
                  "skipped": false
                },
                {
                  "title": "should have correct todo titles",
                  "fullTitle": " Page with mixed todos should have correct todo titles",
                  "timedOut": null,
                  "duration": 86,
                  "state": "passed",
                  "speed": "fast",
                  "pass": true,
                  "fail": false,
                  "pending": false,
                  "context": null,
                  "code": "todos.assertTitle(0, 'HTML');\ntodos.assertTitle(1, 'CSS');\ntodos.assertTitle(2, 'JS');\ntodos.assertTitle(3, 'TypeScript');\ntodos.assertTitle(4, 'React');",
                  "err": {},
                  "uuid": "e3058991-ec3a-4360-b4a8-a9a10d3763b5",
                  "parentUUID": "d5c1878b-25d6-4f1a-8c09-261d2ccaaff0",
                  "isHook": false,
                  "skipped": false
                },
                {
                  "title": "should higlight all completed todos",
                  "fullTitle": " Page with mixed todos should higlight all completed todos",
                  "timedOut": null,
                  "duration": 76,
                  "state": "passed",
                  "speed": "fast",
                  "pass": true,
                  "fail": false,
                  "pending": false,
                  "context": null,
                  "code": "todos.assertCompleted(0);\ntodos.assertCompleted(1);\ntodos.assertCompleted(2);",
                  "err": {},
                  "uuid": "ee7d20bd-da52-4717-9b5a-a3ae0262cca8",
                  "parentUUID": "d5c1878b-25d6-4f1a-8c09-261d2ccaaff0",
                  "isHook": false,
                  "skipped": false
                },
                {
                  "title": "should not higlight not completed todos",
                  "fullTitle": " Page with mixed todos should not higlight not completed todos",
                  "timedOut": null,
                  "duration": 72,
                  "state": "passed",
                  "speed": "fast",
                  "pass": true,
                  "fail": false,
                  "pending": false,
                  "context": null,
                  "code": "todos.assertNotCompleted(3);\ntodos.assertNotCompleted(4);",
                  "err": {},
                  "uuid": "fd0bd3dc-3954-489d-8a85-b25572c359a4",
                  "parentUUID": "d5c1878b-25d6-4f1a-8c09-261d2ccaaff0",
                  "isHook": false,
                  "skipped": false
                },
                {
                  "title": "should have correct completed statuses",
                  "fullTitle": " Page with mixed todos should have correct completed statuses",
                  "timedOut": null,
                  "duration": 85,
                  "state": "passed",
                  "speed": "fast",
                  "pass": true,
                  "fail": false,
                  "pending": false,
                  "context": null,
                  "code": "todos.statusToggler(0).should('be.checked');\ntodos.statusToggler(1).should('be.checked');\ntodos.statusToggler(2).should('be.checked');\ntodos.statusToggler(3).should('not.be.checked');\ntodos.statusToggler(4).should('not.be.checked');",
                  "err": {},
                  "uuid": "f8f91bc8-5396-402a-9ab8-7cfeeba2da4a",
                  "parentUUID": "d5c1878b-25d6-4f1a-8c09-261d2ccaaff0",
                  "isHook": false,
                  "skipped": false
                },
                {
                  "title": "should have Filter",
                  "fullTitle": " Page with mixed todos should have Filter",
                  "timedOut": null,
                  "duration": 71,
                  "state": "passed",
                  "speed": "fast",
                  "pass": true,
                  "fail": false,
                  "pending": false,
                  "context": null,
                  "code": "filter.assertVisible();",
                  "err": {},
                  "uuid": "84c0d14e-8f56-4a5f-9337-b48925f779b5",
                  "parentUUID": "d5c1878b-25d6-4f1a-8c09-261d2ccaaff0",
                  "isHook": false,
                  "skipped": false
                },
                {
                  "title": "should have todosCounter with a number of not completed todos",
                  "fullTitle": " Page with mixed todos should have todosCounter with a number of not completed todos",
                  "timedOut": null,
                  "duration": 73,
                  "state": "passed",
                  "speed": "fast",
                  "pass": true,
                  "fail": false,
                  "pending": false,
                  "context": null,
                  "code": "page.todosCounter().should('have.text', '2 items left');",
                  "err": {},
                  "uuid": "69151b6a-89d5-46b3-adba-9ebf2c5f59c7",
                  "parentUUID": "d5c1878b-25d6-4f1a-8c09-261d2ccaaff0",
                  "isHook": false,
                  "skipped": false
                },
                {
                  "title": "should have clearCompletedButton",
                  "fullTitle": " Page with mixed todos should have clearCompletedButton",
                  "timedOut": null,
                  "duration": 77,
                  "state": "passed",
                  "speed": "fast",
                  "pass": true,
                  "fail": false,
                  "pending": false,
                  "context": null,
                  "code": "page.clearCompletedButton().should('exist');",
                  "err": {},
                  "uuid": "b0dee6a2-24aa-4400-b607-1ecf07f575f9",
                  "parentUUID": "d5c1878b-25d6-4f1a-8c09-261d2ccaaff0",
                  "isHook": false,
                  "skipped": false
                },
                {
                  "title": "should have Filter",
                  "fullTitle": " Page with mixed todos should have Filter",
                  "timedOut": null,
                  "duration": 80,
                  "state": "passed",
                  "speed": "fast",
                  "pass": true,
                  "fail": false,
                  "pending": false,
                  "context": null,
                  "code": "filter.assertVisible();",
                  "err": {},
                  "uuid": "7fb4e427-8d3f-4583-aa03-59533d314f2d",
                  "parentUUID": "d5c1878b-25d6-4f1a-8c09-261d2ccaaff0",
                  "isHook": false,
                  "skipped": false
                },
                {
                  "title": "should not show error message",
                  "fullTitle": " Page with mixed todos should not show error message",
                  "timedOut": null,
                  "duration": 97,
                  "state": "passed",
                  "speed": "fast",
                  "pass": true,
                  "fail": false,
                  "pending": false,
                  "context": null,
                  "code": "errorMessage.assertHidden();",
                  "err": {},
                  "uuid": "ef92bd9c-48a6-49e4-85f5-5936e6a71a3c",
                  "parentUUID": "d5c1878b-25d6-4f1a-8c09-261d2ccaaff0",
                  "isHook": false,
                  "skipped": false
                }
              ],
              "suites": [],
              "passes": [
                "b2e26dde-ed3f-410a-871c-f615a7030cce",
                "b873d45f-514d-459f-a779-a50c15356f2d",
                "71cc3eaf-2f09-4b84-ae92-38efca5b6ed3",
                "9de1c8b7-8f6e-4a5b-aec4-59614da392ce",
                "e3058991-ec3a-4360-b4a8-a9a10d3763b5",
                "ee7d20bd-da52-4717-9b5a-a3ae0262cca8",
                "fd0bd3dc-3954-489d-8a85-b25572c359a4",
                "f8f91bc8-5396-402a-9ab8-7cfeeba2da4a",
                "84c0d14e-8f56-4a5f-9337-b48925f779b5",
                "69151b6a-89d5-46b3-adba-9ebf2c5f59c7",
                "b0dee6a2-24aa-4400-b607-1ecf07f575f9",
                "7fb4e427-8d3f-4583-aa03-59533d314f2d",
                "ef92bd9c-48a6-49e4-85f5-5936e6a71a3c"
              ],
              "failures": [],
              "pending": [],
              "skipped": [],
              "duration": 1050,
              "root": false,
              "rootEmpty": false,
              "_timeout": 2000
            },
            {
              "uuid": "f047e735-522f-42da-bfe7-4e478414b46b",
              "title": "Filtering",
              "fullFile": "",
              "file": "",
              "beforeHooks": [],
              "afterHooks": [],
              "tests": [],
              "suites": [
                {
                  "uuid": "3e10a647-ef38-4bc6-b2dc-ac20add68778",
                  "title": "with mixed todos",
                  "fullFile": "",
                  "file": "",
                  "beforeHooks": [],
                  "afterHooks": [],
                  "tests": [
                    {
                      "title": "should have only filterLinkAll active",
                      "fullTitle": " Filtering with mixed todos should have only filterLinkAll active",
                      "timedOut": null,
                      "duration": 73,
                      "state": "passed",
                      "speed": "fast",
                      "pass": true,
                      "fail": false,
                      "pending": false,
                      "context": null,
                      "code": "filter.assertSelected('all');\nfilter.assertNotSelected('active');\nfilter.assertNotSelected('completed');",
                      "err": {},
                      "uuid": "481b4733-9584-4525-82f6-9654b5e872d0",
                      "parentUUID": "3e10a647-ef38-4bc6-b2dc-ac20add68778",
                      "isHook": false,
                      "skipped": false
                    },
                    {
                      "title": "should allow to select the active filter",
                      "fullTitle": " Filtering with mixed todos should allow to select the active filter",
                      "timedOut": null,
                      "duration": 144,
                      "state": "passed",
                      "speed": "fast",
                      "pass": true,
                      "fail": false,
                      "pending": false,
                      "context": null,
                      "code": "filter.link('active').click();\nfilter.assertNotSelected('all');\nfilter.assertSelected('active');\nfilter.assertNotSelected('completed');",
                      "err": {},
                      "uuid": "80e39ad6-6b12-4da0-bfbd-85ea73184a17",
                      "parentUUID": "3e10a647-ef38-4bc6-b2dc-ac20add68778",
                      "isHook": false,
                      "skipped": false
                    },
                    {
                      "title": "should show only active todos when active filter is selected",
                      "fullTitle": " Filtering with mixed todos should show only active todos when active filter is selected",
                      "timedOut": null,
                      "duration": 142,
                      "state": "passed",
                      "speed": "fast",
                      "pass": true,
                      "fail": false,
                      "pending": false,
                      "context": null,
                      "code": "filter.link('active').click();\ntodos.assertCount(2);\ntodos.assertTitle(0, 'TypeScript');\ntodos.assertTitle(1, 'React');",
                      "err": {},
                      "uuid": "77e6424d-3a29-43c9-be96-197cf2553d35",
                      "parentUUID": "3e10a647-ef38-4bc6-b2dc-ac20add68778",
                      "isHook": false,
                      "skipped": false
                    },
                    {
                      "title": "should keep footer when active todos are shown",
                      "fullTitle": " Filtering with mixed todos should keep footer when active todos are shown",
                      "timedOut": null,
                      "duration": 141,
                      "state": "passed",
                      "speed": "fast",
                      "pass": true,
                      "fail": false,
                      "pending": false,
                      "context": null,
                      "code": "filter.link('active').click();\npage.todosCounter().should('have.text', '2 items left');\nfilter.assertVisible();\npage.clearCompletedButton().should('exist');",
                      "err": {},
                      "uuid": "5a9175bd-3afa-43f2-9d1e-9751aaf37f3e",
                      "parentUUID": "3e10a647-ef38-4bc6-b2dc-ac20add68778",
                      "isHook": false,
                      "skipped": false
                    },
                    {
                      "title": "should allow to select the completed filter",
                      "fullTitle": " Filtering with mixed todos should allow to select the completed filter",
                      "timedOut": null,
                      "duration": 140,
                      "state": "passed",
                      "speed": "fast",
                      "pass": true,
                      "fail": false,
                      "pending": false,
                      "context": null,
                      "code": "filter.link('completed').click();\nfilter.assertNotSelected('all');\nfilter.assertNotSelected('active');\nfilter.assertSelected('completed');",
                      "err": {},
                      "uuid": "d4100bc0-1f35-435e-a9fb-8ffeba9b4550",
                      "parentUUID": "3e10a647-ef38-4bc6-b2dc-ac20add68778",
                      "isHook": false,
                      "skipped": false
                    },
                    {
                      "title": "should show only completed todos when completed filter is selected",
                      "fullTitle": " Filtering with mixed todos should show only completed todos when completed filter is selected",
                      "timedOut": null,
                      "duration": 149,
                      "state": "passed",
                      "speed": "fast",
                      "pass": true,
                      "fail": false,
                      "pending": false,
                      "context": null,
                      "code": "filter.link('completed').click();\ntodos.assertCount(3);\ntodos.assertTitle(0, 'HTML');\ntodos.assertTitle(1, 'CSS');\ntodos.assertTitle(2, 'JS');",
                      "err": {},
                      "uuid": "ee0f18c4-19ce-4181-941c-5454159a6028",
                      "parentUUID": "3e10a647-ef38-4bc6-b2dc-ac20add68778",
                      "isHook": false,
                      "skipped": false
                    },
                    {
                      "title": "should keep footer when completed todos are shown",
                      "fullTitle": " Filtering with mixed todos should keep footer when completed todos are shown",
                      "timedOut": null,
                      "duration": 138,
                      "state": "passed",
                      "speed": "fast",
                      "pass": true,
                      "fail": false,
                      "pending": false,
                      "context": null,
                      "code": "filter.link('completed').click();\npage.todosCounter().should('have.text', '2 items left');\nfilter.assertVisible();\npage.clearCompletedButton().should('exist');",
                      "err": {},
                      "uuid": "66fbc857-32e3-44b6-877d-1e44e8a002b1",
                      "parentUUID": "3e10a647-ef38-4bc6-b2dc-ac20add68778",
                      "isHook": false,
                      "skipped": false
                    },
                    {
                      "title": "should allow to reset filter",
                      "fullTitle": " Filtering with mixed todos should allow to reset filter",
                      "timedOut": null,
                      "duration": 221,
                      "state": "passed",
                      "speed": "fast",
                      "pass": true,
                      "fail": false,
                      "pending": false,
                      "context": null,
                      "code": "filter.link('completed').click();\nfilter.link('all').click();\ntodos.assertCount(5);\nfilter.assertSelected('all');\nfilter.assertNotSelected('active');\nfilter.assertNotSelected('completed');",
                      "err": {},
                      "uuid": "be08c16c-c372-455b-93d5-fa1a0930379a",
                      "parentUUID": "3e10a647-ef38-4bc6-b2dc-ac20add68778",
                      "isHook": false,
                      "skipped": false
                    }
                  ],
                  "suites": [],
                  "passes": [
                    "481b4733-9584-4525-82f6-9654b5e872d0",
                    "80e39ad6-6b12-4da0-bfbd-85ea73184a17",
                    "77e6424d-3a29-43c9-be96-197cf2553d35",
                    "5a9175bd-3afa-43f2-9d1e-9751aaf37f3e",
                    "d4100bc0-1f35-435e-a9fb-8ffeba9b4550",
                    "ee0f18c4-19ce-4181-941c-5454159a6028",
                    "66fbc857-32e3-44b6-877d-1e44e8a002b1",
                    "be08c16c-c372-455b-93d5-fa1a0930379a"
                  ],
                  "failures": [],
                  "pending": [],
                  "skipped": [],
                  "duration": 1148,
                  "root": false,
                  "rootEmpty": false,
                  "_timeout": 2000
                },
                {
                  "uuid": "1f64e9a1-4ca6-4ee9-a94e-93edf7da3822",
                  "title": "with active todos only",
                  "fullFile": "",
                  "file": "",
                  "beforeHooks": [],
                  "afterHooks": [],
                  "tests": [
                    {
                      "title": "should hide todos on completed selection",
                      "fullTitle": " Filtering with active todos only should hide todos on completed selection",
                      "timedOut": null,
                      "duration": 175,
                      "state": "passed",
                      "speed": "fast",
                      "pass": true,
                      "fail": false,
                      "pending": false,
                      "context": null,
                      "code": "filter.link('completed').click();\ntodos.assertCount(0);",
                      "err": {},
                      "uuid": "702c8d76-4049-4a9c-83a6-f23562f9eaed",
                      "parentUUID": "1f64e9a1-4ca6-4ee9-a94e-93edf7da3822",
                      "isHook": false,
                      "skipped": false
                    },
                    {
                      "title": "should keep footer on completed selection",
                      "fullTitle": " Filtering with active todos only should keep footer on completed selection",
                      "timedOut": null,
                      "duration": 145,
                      "state": "passed",
                      "speed": "fast",
                      "pass": true,
                      "fail": false,
                      "pending": false,
                      "context": null,
                      "code": "filter.link('completed').click();\nfilter.assertVisible();",
                      "err": {},
                      "uuid": "7271ddcc-8df5-4257-9696-3940bff7fb08",
                      "parentUUID": "1f64e9a1-4ca6-4ee9-a94e-93edf7da3822",
                      "isHook": false,
                      "skipped": false
                    },
                    {
                      "title": "should keep todos counter on completed selection",
                      "fullTitle": " Filtering with active todos only should keep todos counter on completed selection",
                      "timedOut": null,
                      "duration": 144,
                      "state": "passed",
                      "speed": "fast",
                      "pass": true,
                      "fail": false,
                      "pending": false,
                      "context": null,
                      "code": "filter.link('completed').click();\npage.todosCounter().should('have.text', '5 items left');",
                      "err": {},
                      "uuid": "82a95f83-3178-4a06-9650-0c746079cce5",
                      "parentUUID": "1f64e9a1-4ca6-4ee9-a94e-93edf7da3822",
                      "isHook": false,
                      "skipped": false
                    }
                  ],
                  "suites": [],
                  "passes": [
                    "702c8d76-4049-4a9c-83a6-f23562f9eaed",
                    "7271ddcc-8df5-4257-9696-3940bff7fb08",
                    "82a95f83-3178-4a06-9650-0c746079cce5"
                  ],
                  "failures": [],
                  "pending": [],
                  "skipped": [],
                  "duration": 464,
                  "root": false,
                  "rootEmpty": false,
                  "_timeout": 2000
                },
                {
                  "uuid": "2b6f3d68-bcda-44fd-bb10-7599ebe3e58a",
                  "title": "with completed todos only",
                  "fullFile": "",
                  "file": "",
                  "beforeHooks": [],
                  "afterHooks": [],
                  "tests": [
                    {
                      "title": "should hide todos on active selection",
                      "fullTitle": " Filtering with completed todos only should hide todos on active selection",
                      "timedOut": null,
                      "duration": 156,
                      "state": "passed",
                      "speed": "fast",
                      "pass": true,
                      "fail": false,
                      "pending": false,
                      "context": null,
                      "code": "filter.link('active').click();\ntodos.assertCount(0);",
                      "err": {},
                      "uuid": "9d49aea2-ae84-44d1-a6f9-7ef4c7911059",
                      "parentUUID": "2b6f3d68-bcda-44fd-bb10-7599ebe3e58a",
                      "isHook": false,
                      "skipped": false
                    },
                    {
                      "title": "should keep footer on active selection",
                      "fullTitle": " Filtering with completed todos only should keep footer on active selection",
                      "timedOut": null,
                      "duration": 146,
                      "state": "passed",
                      "speed": "fast",
                      "pass": true,
                      "fail": false,
                      "pending": false,
                      "context": null,
                      "code": "filter.link('active').click();\nfilter.assertVisible();",
                      "err": {},
                      "uuid": "d420246c-2d4f-489f-97a2-ee1592e53fba",
                      "parentUUID": "2b6f3d68-bcda-44fd-bb10-7599ebe3e58a",
                      "isHook": false,
                      "skipped": false
                    },
                    {
                      "title": "should keep todos counter on active selection",
                      "fullTitle": " Filtering with completed todos only should keep todos counter on active selection",
                      "timedOut": null,
                      "duration": 142,
                      "state": "passed",
                      "speed": "fast",
                      "pass": true,
                      "fail": false,
                      "pending": false,
                      "context": null,
                      "code": "filter.link('active').click();\npage.todosCounter().should('have.text', '0 items left');",
                      "err": {},
                      "uuid": "e0e4705e-259d-4b78-8ffc-7c39bd6bdc23",
                      "parentUUID": "2b6f3d68-bcda-44fd-bb10-7599ebe3e58a",
                      "isHook": false,
                      "skipped": false
                    }
                  ],
                  "suites": [],
                  "passes": [
                    "9d49aea2-ae84-44d1-a6f9-7ef4c7911059",
                    "d420246c-2d4f-489f-97a2-ee1592e53fba",
                    "e0e4705e-259d-4b78-8ffc-7c39bd6bdc23"
                  ],
                  "failures": [],
                  "pending": [],
                  "skipped": [],
                  "duration": 444,
                  "root": false,
                  "rootEmpty": false,
                  "_timeout": 2000
                }
              ],
              "passes": [],
              "failures": [],
              "pending": [],
              "skipped": [],
              "duration": 0,
              "root": false,
              "rootEmpty": false,
              "_timeout": 2000
            },
            {
              "uuid": "9864e526-45b6-49d9-b01c-396919eb9647",
              "title": "Adding a todo",
              "fullFile": "",
              "file": "",
              "beforeHooks": [],
              "afterHooks": [],
              "tests": [
                {
                  "title": "should focus text field by default",
                  "fullTitle": " Adding a todo should focus text field by default",
                  "timedOut": null,
                  "duration": 66,
                  "state": "passed",
                  "speed": "fast",
                  "pass": true,
                  "fail": false,
                  "pending": false,
                  "context": null,
                  "code": "page.newTodoField().should('be.focused');",
                  "err": {},
                  "uuid": "19d3edcb-36a0-40a6-97bd-90e7a55b4d79",
                  "parentUUID": "9864e526-45b6-49d9-b01c-396919eb9647",
                  "isHook": false,
                  "skipped": false
                }
              ],
              "suites": [
                {
                  "uuid": "b8ff61d4-7d25-4b10-9c8c-163489a01d50",
                  "title": "if title is empty",
                  "fullFile": "",
                  "file": "",
                  "beforeHooks": [],
                  "afterHooks": [],
                  "tests": [
                    {
                      "title": "should not send a request",
                      "fullTitle": " Adding a todo if title is empty should not send a request",
                      "timedOut": null,
                      "duration": 141,
                      "state": "passed",
                      "speed": "fast",
                      "pass": true,
                      "fail": false,
                      "pending": false,
                      "context": null,
                      "code": "cy.get('@createCallback').should('not.be.called');",
                      "err": {},
                      "uuid": "ee62856d-4c1e-4129-a090-9f9a2050320b",
                      "parentUUID": "b8ff61d4-7d25-4b10-9c8c-163489a01d50",
                      "isHook": false,
                      "skipped": false
                    },
                    {
                      "title": "should keep text field focused",
                      "fullTitle": " Adding a todo if title is empty should keep text field focused",
                      "timedOut": null,
                      "duration": 135,
                      "state": "passed",
                      "speed": "fast",
                      "pass": true,
                      "fail": false,
                      "pending": false,
                      "context": null,
                      "code": "page.newTodoField().should('be.focused');",
                      "err": {},
                      "uuid": "ace1d855-307d-4b22-91d2-5cc73476841a",
                      "parentUUID": "b8ff61d4-7d25-4b10-9c8c-163489a01d50",
                      "isHook": false,
                      "skipped": false
                    },
                    {
                      "title": "should display an error message",
                      "fullTitle": " Adding a todo if title is empty should display an error message",
                      "timedOut": null,
                      "duration": 142,
                      "state": "passed",
                      "speed": "fast",
                      "pass": true,
                      "fail": false,
                      "pending": false,
                      "context": null,
                      "code": "errorMessage.assertVisible();\nerrorMessage.assertText('Title should not be empty');",
                      "err": {},
                      "uuid": "9ab570ef-9a07-4d43-b454-cf3324b9ae15",
                      "parentUUID": "b8ff61d4-7d25-4b10-9c8c-163489a01d50",
                      "isHook": false,
                      "skipped": false
                    },
                    {
                      "title": "should hide an error message after 3 seconds",
                      "fullTitle": " Adding a todo if title is empty should hide an error message after 3 seconds",
                      "timedOut": null,
                      "duration": 3089,
                      "state": "passed",
                      "speed": "fast",
                      "pass": true,
                      "fail": false,
                      "pending": false,
                      "context": null,
                      "code": "// just in case\ncy.wait(50);\ncy.clock();\ncy.tick(3000);\nerrorMessage.assertHidden();",
                      "err": {},
                      "uuid": "76184482-0706-475c-8a5d-e4555f40ed99",
                      "parentUUID": "b8ff61d4-7d25-4b10-9c8c-163489a01d50",
                      "isHook": false,
                      "skipped": false
                    }
                  ],
                  "suites": [],
                  "passes": [
                    "ee62856d-4c1e-4129-a090-9f9a2050320b",
                    "ace1d855-307d-4b22-91d2-5cc73476841a",
                    "9ab570ef-9a07-4d43-b454-cf3324b9ae15",
                    "76184482-0706-475c-8a5d-e4555f40ed99"
                  ],
                  "failures": [],
                  "pending": [],
                  "skipped": [],
                  "duration": 3507,
                  "root": false,
                  "rootEmpty": false,
                  "_timeout": 2000
                },
                {
                  "uuid": "d6b81d26-73b3-4b03-beaa-bc0b988b8bc2",
                  "title": "if title title has only whitespaces",
                  "fullFile": "",
                  "file": "",
                  "beforeHooks": [],
                  "afterHooks": [],
                  "tests": [
                    {
                      "title": "should not send a request",
                      "fullTitle": " Adding a todo if title title has only whitespaces should not send a request",
                      "timedOut": null,
                      "duration": 204,
                      "state": "passed",
                      "speed": "fast",
                      "pass": true,
                      "fail": false,
                      "pending": false,
                      "context": null,
                      "code": "cy.get('@createCallback').should('not.be.called');",
                      "err": {},
                      "uuid": "574a8c95-40f1-403b-bfa5-4e34a22a73e2",
                      "parentUUID": "d6b81d26-73b3-4b03-beaa-bc0b988b8bc2",
                      "isHook": false,
                      "skipped": false
                    },
                    {
                      "title": "should keep text field focused",
                      "fullTitle": " Adding a todo if title title has only whitespaces should keep text field focused",
                      "timedOut": null,
                      "duration": 207,
                      "state": "passed",
                      "speed": "fast",
                      "pass": true,
                      "fail": false,
                      "pending": false,
                      "context": null,
                      "code": "page.newTodoField().should('be.focused');",
                      "err": {},
                      "uuid": "08244e96-5b3d-465f-8cb8-1cd7f3c72f9d",
                      "parentUUID": "d6b81d26-73b3-4b03-beaa-bc0b988b8bc2",
                      "isHook": false,
                      "skipped": false
                    },
                    {
                      "title": "should display an error message",
                      "fullTitle": " Adding a todo if title title has only whitespaces should display an error message",
                      "timedOut": null,
                      "duration": 207,
                      "state": "passed",
                      "speed": "fast",
                      "pass": true,
                      "fail": false,
                      "pending": false,
                      "context": null,
                      "code": "errorMessage.assertVisible();\nerrorMessage.assertText('Title should not be empty');",
                      "err": {},
                      "uuid": "362061f0-2d0c-44a1-a6c3-ee8cef4763fb",
                      "parentUUID": "d6b81d26-73b3-4b03-beaa-bc0b988b8bc2",
                      "isHook": false,
                      "skipped": false
                    },
                    {
                      "title": "should hide an error message after 3 seconds",
                      "fullTitle": " Adding a todo if title title has only whitespaces should hide an error message after 3 seconds",
                      "timedOut": null,
                      "duration": 3146,
                      "state": "passed",
                      "speed": "fast",
                      "pass": true,
                      "fail": false,
                      "pending": false,
                      "context": null,
                      "code": "// just in case\ncy.wait(50);\ncy.clock();\ncy.tick(3000);\nerrorMessage.assertHidden();",
                      "err": {},
                      "uuid": "8fbc42b8-66dc-4b30-97b6-ee7b6d686af0",
                      "parentUUID": "d6b81d26-73b3-4b03-beaa-bc0b988b8bc2",
                      "isHook": false,
                      "skipped": false
                    }
                  ],
                  "suites": [],
                  "passes": [
                    "574a8c95-40f1-403b-bfa5-4e34a22a73e2",
                    "08244e96-5b3d-465f-8cb8-1cd7f3c72f9d",
                    "362061f0-2d0c-44a1-a6c3-ee8cef4763fb",
                    "8fbc42b8-66dc-4b30-97b6-ee7b6d686af0"
                  ],
                  "failures": [],
                  "pending": [],
                  "skipped": [],
                  "duration": 3764,
                  "root": false,
                  "rootEmpty": false,
                  "_timeout": 2000
                },
                {
                  "uuid": "2d42bb15-7017-47fb-8851-e42f111ca350",
                  "title": "after form submition before response is received",
                  "fullFile": "",
                  "file": "",
                  "beforeHooks": [],
                  "afterHooks": [],
                  "tests": [
                    {
                      "title": "should send a create request",
                      "fullTitle": " Adding a todo after form submition before response is received should send a create request",
                      "timedOut": null,
                      "duration": 271,
                      "state": "passed",
                      "speed": "fast",
                      "pass": true,
                      "fail": false,
                      "pending": false,
                      "context": null,
                      "code": "cy.tick(1000);\ncy.get('@createCallback').should('have.callCount', 1);",
                      "err": {},
                      "uuid": "f3b0dc04-b694-47c9-8763-8af420abaf7f",
                      "parentUUID": "2d42bb15-7017-47fb-8851-e42f111ca350",
                      "isHook": false,
                      "skipped": false
                    },
                    {
                      "title": "should disable the input",
                      "fullTitle": " Adding a todo after form submition before response is received should disable the input",
                      "timedOut": null,
                      "duration": 254,
                      "state": "passed",
                      "speed": "fast",
                      "pass": true,
                      "fail": false,
                      "pending": false,
                      "context": null,
                      "code": "page.newTodoField().should('be.disabled');",
                      "err": {},
                      "uuid": "2145cfef-9535-4976-9ad0-801a09ced8f5",
                      "parentUUID": "2d42bb15-7017-47fb-8851-e42f111ca350",
                      "isHook": false,
                      "skipped": false
                    },
                    {
                      "title": "should keep entered text",
                      "fullTitle": " Adding a todo after form submition before response is received should keep entered text",
                      "timedOut": null,
                      "duration": 246,
                      "state": "passed",
                      "speed": "fast",
                      "pass": true,
                      "fail": false,
                      "pending": false,
                      "context": null,
                      "code": "page.newTodoField().should('have.value', 'Test Todo');",
                      "err": {},
                      "uuid": "b12da349-ecf8-463d-8a2e-06d5e1d6fbf2",
                      "parentUUID": "2d42bb15-7017-47fb-8851-e42f111ca350",
                      "isHook": false,
                      "skipped": false
                    },
                    {
                      "title": "should create and show a temp TodoItem with Loader",
                      "fullTitle": " Adding a todo after form submition before response is received should create and show a temp TodoItem with Loader",
                      "timedOut": null,
                      "duration": 259,
                      "state": "passed",
                      "speed": "fast",
                      "pass": true,
                      "fail": false,
                      "pending": false,
                      "context": null,
                      "code": "todos.assertCount(6);\ntodos.assertLoading(5);",
                      "err": {},
                      "uuid": "49f6722c-0de2-4132-aa6f-c159f8e60ef5",
                      "parentUUID": "2d42bb15-7017-47fb-8851-e42f111ca350",
                      "isHook": false,
                      "skipped": false
                    },
                    {
                      "title": "should show a temp TodoItem with correct title",
                      "fullTitle": " Adding a todo after form submition before response is received should show a temp TodoItem with correct title",
                      "timedOut": null,
                      "duration": 249,
                      "state": "passed",
                      "speed": "fast",
                      "pass": true,
                      "fail": false,
                      "pending": false,
                      "context": null,
                      "code": "todos.assertTitle(5, 'Test Todo');",
                      "err": {},
                      "uuid": "fa9b4f31-0920-405d-b3a0-e2506aa28ac0",
                      "parentUUID": "2d42bb15-7017-47fb-8851-e42f111ca350",
                      "isHook": false,
                      "skipped": false
                    },
                    {
                      "title": "should show a not completed temp TodoItem",
                      "fullTitle": " Adding a todo after form submition before response is received should show a not completed temp TodoItem",
                      "timedOut": null,
                      "duration": 254,
                      "state": "passed",
                      "speed": "fast",
                      "pass": true,
                      "fail": false,
                      "pending": false,
                      "context": null,
                      "code": "todos.assertNotCompleted(5);",
                      "err": {},
                      "uuid": "47c0af4e-8b83-4456-9ddb-74f6af953d23",
                      "parentUUID": "2d42bb15-7017-47fb-8851-e42f111ca350",
                      "isHook": false,
                      "skipped": false
                    },
                    {
                      "title": "should not show loaders for existing todos",
                      "fullTitle": " Adding a todo after form submition before response is received should not show loaders for existing todos",
                      "timedOut": null,
                      "duration": 272,
                      "state": "passed",
                      "speed": "fast",
                      "pass": true,
                      "fail": false,
                      "pending": false,
                      "context": null,
                      "code": "todos.assertNotLoading(0);\ntodos.assertNotLoading(1);\ntodos.assertNotLoading(2);\ntodos.assertNotLoading(3);\ntodos.assertNotLoading(4);",
                      "err": {},
                      "uuid": "98b1a35a-f6ab-494c-8f86-18684b45636d",
                      "parentUUID": "2d42bb15-7017-47fb-8851-e42f111ca350",
                      "isHook": false,
                      "skipped": false
                    },
                    {
                      "title": "should not update active counter",
                      "fullTitle": " Adding a todo after form submition before response is received should not update active counter",
                      "timedOut": null,
                      "duration": 248,
                      "state": "passed",
                      "speed": "fast",
                      "pass": true,
                      "fail": false,
                      "pending": false,
                      "context": null,
                      "code": "page.todosCounter().should('have.text', '2 items left');",
                      "err": {},
                      "uuid": "90f1293f-1024-4ff9-89fa-1693d36c1d4d",
                      "parentUUID": "2d42bb15-7017-47fb-8851-e42f111ca350",
                      "isHook": false,
                      "skipped": false
                    }
                  ],
                  "suites": [],
                  "passes": [
                    "f3b0dc04-b694-47c9-8763-8af420abaf7f",
                    "2145cfef-9535-4976-9ad0-801a09ced8f5",
                    "b12da349-ecf8-463d-8a2e-06d5e1d6fbf2",
                    "49f6722c-0de2-4132-aa6f-c159f8e60ef5",
                    "fa9b4f31-0920-405d-b3a0-e2506aa28ac0",
                    "47c0af4e-8b83-4456-9ddb-74f6af953d23",
                    "98b1a35a-f6ab-494c-8f86-18684b45636d",
                    "90f1293f-1024-4ff9-89fa-1693d36c1d4d"
                  ],
                  "failures": [],
                  "pending": [],
                  "skipped": [],
                  "duration": 2053,
                  "root": false,
                  "rootEmpty": false,
                  "_timeout": 2000
                },
                {
                  "uuid": "8359d0cc-a3e1-4e81-b26a-b781ad132966",
                  "title": "on success response",
                  "fullFile": "",
                  "file": "",
                  "beforeHooks": [],
                  "afterHooks": [],
                  "tests": [
                    {
                      "title": "should add trimmed title",
                      "fullTitle": " Adding a todo on success response should add trimmed title",
                      "timedOut": null,
                      "duration": 410,
                      "state": "passed",
                      "speed": "fast",
                      "pass": true,
                      "fail": false,
                      "pending": false,
                      "context": null,
                      "code": "page.mockCreate().as('createRequest');\npage.newTodoField().type('  Other Title    {enter}');\ncy.wait('@createRequest');\n// just in case\npage.flushJSTimers();\ntodos.assertTitle(5, 'Other Title');",
                      "err": {},
                      "uuid": "cb950a35-4908-4f6c-98bd-cb126ac33557",
                      "parentUUID": "8359d0cc-a3e1-4e81-b26a-b781ad132966",
                      "isHook": false,
                      "skipped": false
                    },
                    {
                      "title": "should keep current filter",
                      "fullTitle": " Adding a todo on success response should keep current filter",
                      "timedOut": null,
                      "duration": 403,
                      "state": "passed",
                      "speed": "fast",
                      "pass": true,
                      "fail": false,
                      "pending": false,
                      "context": null,
                      "code": "page.mockCreate().as('createRequest');\nfilter.link('active').click();\npage.newTodoField().type('Test Todo{enter}');\ncy.wait('@createRequest');\nfilter.assertSelected('active');",
                      "err": {},
                      "uuid": "6129d5d7-61fe-49d0-b01c-6ec3a3e24381",
                      "parentUUID": "8359d0cc-a3e1-4e81-b26a-b781ad132966",
                      "isHook": false,
                      "skipped": false
                    }
                  ],
                  "suites": [
                    {
                      "uuid": "1fde7e61-a80d-46db-bc5f-65dddd2e9368",
                      "title": "",
                      "fullFile": "",
                      "file": "",
                      "beforeHooks": [],
                      "afterHooks": [],
                      "tests": [
                        {
                          "title": "should replace loader with a created todo",
                          "fullTitle": " Adding a todo on success response  should replace loader with a created todo",
                          "timedOut": null,
                          "duration": 0,
                          "state": "pending",
                          "speed": null,
                          "pass": false,
                          "fail": false,
                          "pending": true,
                          "context": null,
                          "code": "page.flushJSTimers();\ntodos.assertCount(6);\ntodos.assertNotLoading(5);",
                          "err": {},
                          "uuid": "9c043834-b328-4f87-a12e-89cefa453db0",
                          "parentUUID": "1fde7e61-a80d-46db-bc5f-65dddd2e9368",
                          "isHook": false,
                          "skipped": false
                        },
                        {
                          "title": "should add a todo with a correct title",
                          "fullTitle": " Adding a todo on success response  should add a todo with a correct title",
                          "timedOut": null,
                          "duration": 256,
                          "state": "passed",
                          "speed": "fast",
                          "pass": true,
                          "fail": false,
                          "pending": false,
                          "context": null,
                          "code": "todos.assertTitle(5, 'Test Todo');",
                          "err": {},
                          "uuid": "c4ca429c-4d2e-473c-b546-7cf0bd902eae",
                          "parentUUID": "1fde7e61-a80d-46db-bc5f-65dddd2e9368",
                          "isHook": false,
                          "skipped": false
                        },
                        {
                          "title": "should add a not completed todo",
                          "fullTitle": " Adding a todo on success response  should add a not completed todo",
                          "timedOut": null,
                          "duration": 256,
                          "state": "passed",
                          "speed": "fast",
                          "pass": true,
                          "fail": false,
                          "pending": false,
                          "context": null,
                          "code": "todos.assertNotCompleted(5);",
                          "err": {},
                          "uuid": "f2215b4f-267c-4085-95ec-984b18e93ce5",
                          "parentUUID": "1fde7e61-a80d-46db-bc5f-65dddd2e9368",
                          "isHook": false,
                          "skipped": false
                        },
                        {
                          "title": "should update active counter",
                          "fullTitle": " Adding a todo on success response  should update active counter",
                          "timedOut": null,
                          "duration": 253,
                          "state": "passed",
                          "speed": "fast",
                          "pass": true,
                          "fail": false,
                          "pending": false,
                          "context": null,
                          "code": "page.todosCounter().should('have.text', '3 items left');",
                          "err": {},
                          "uuid": "18e76ee3-2d10-46fb-a926-57bd1908069a",
                          "parentUUID": "1fde7e61-a80d-46db-bc5f-65dddd2e9368",
                          "isHook": false,
                          "skipped": false
                        },
                        {
                          "title": "should enable the text field",
                          "fullTitle": " Adding a todo on success response  should enable the text field",
                          "timedOut": null,
                          "duration": 247,
                          "state": "passed",
                          "speed": "fast",
                          "pass": true,
                          "fail": false,
                          "pending": false,
                          "context": null,
                          "code": "page.newTodoField().should('not.be.disabled');",
                          "err": {},
                          "uuid": "4a01df69-44eb-42a3-a940-22a62a86fb61",
                          "parentUUID": "1fde7e61-a80d-46db-bc5f-65dddd2e9368",
                          "isHook": false,
                          "skipped": false
                        },
                        {
                          "title": "should not show error message",
                          "fullTitle": " Adding a todo on success response  should not show error message",
                          "timedOut": null,
                          "duration": 255,
                          "state": "passed",
                          "speed": "fast",
                          "pass": true,
                          "fail": false,
                          "pending": false,
                          "context": null,
                          "code": "errorMessage.assertHidden();",
                          "err": {},
                          "uuid": "7dd6c33d-af8a-413d-bbd9-59f3811ecc7c",
                          "parentUUID": "1fde7e61-a80d-46db-bc5f-65dddd2e9368",
                          "isHook": false,
                          "skipped": false
                        },
                        {
                          "title": "should clear text field",
                          "fullTitle": " Adding a todo on success response  should clear text field",
                          "timedOut": null,
                          "duration": 256,
                          "state": "passed",
                          "speed": "fast",
                          "pass": true,
                          "fail": false,
                          "pending": false,
                          "context": null,
                          "code": "page.newTodoField().should('have.value', '');",
                          "err": {},
                          "uuid": "603d8e22-c436-4c30-8305-564eaa0b45e9",
                          "parentUUID": "1fde7e61-a80d-46db-bc5f-65dddd2e9368",
                          "isHook": false,
                          "skipped": false
                        },
                        {
                          "title": "should focus text field",
                          "fullTitle": " Adding a todo on success response  should focus text field",
                          "timedOut": null,
                          "duration": 262,
                          "state": "passed",
                          "speed": "fast",
                          "pass": true,
                          "fail": false,
                          "pending": false,
                          "context": null,
                          "code": "page.newTodoField().should('be.focused');",
                          "err": {},
                          "uuid": "10db0aa0-69d9-4ba9-9fe2-c5f539ec1be8",
                          "parentUUID": "1fde7e61-a80d-46db-bc5f-65dddd2e9368",
                          "isHook": false,
                          "skipped": false
                        },
                        {
                          "title": "should allow to add one more todo",
                          "fullTitle": " Adding a todo on success response  should allow to add one more todo",
                          "timedOut": null,
                          "duration": 514,
                          "state": "passed",
                          "speed": "fast",
                          "pass": true,
                          "fail": false,
                          "pending": false,
                          "context": null,
                          "code": "page.mockCreate().as('createRequest2');\npage.newTodoField().type('Hello world{enter}');\ncy.wait('@createRequest2');\npage.flushJSTimers();\ntodos.assertCount(7);\n// todos.assertNotLoading(6);\ntodos.assertNotCompleted(6);\ntodos.assertTitle(6, 'Hello world');\npage.todosCounter().should('have.text', '4 items left');",
                          "err": {},
                          "uuid": "f8ce359c-e566-4a77-ba6f-1f27fc046c5c",
                          "parentUUID": "1fde7e61-a80d-46db-bc5f-65dddd2e9368",
                          "isHook": false,
                          "skipped": false
                        }
                      ],
                      "suites": [],
                      "passes": [
                        "c4ca429c-4d2e-473c-b546-7cf0bd902eae",
                        "f2215b4f-267c-4085-95ec-984b18e93ce5",
                        "18e76ee3-2d10-46fb-a926-57bd1908069a",
                        "4a01df69-44eb-42a3-a940-22a62a86fb61",
                        "7dd6c33d-af8a-413d-bbd9-59f3811ecc7c",
                        "603d8e22-c436-4c30-8305-564eaa0b45e9",
                        "10db0aa0-69d9-4ba9-9fe2-c5f539ec1be8",
                        "f8ce359c-e566-4a77-ba6f-1f27fc046c5c"
                      ],
                      "failures": [],
                      "pending": [
                        "9c043834-b328-4f87-a12e-89cefa453db0"
                      ],
                      "skipped": [],
                      "duration": 2299,
                      "root": false,
                      "rootEmpty": false,
                      "_timeout": 2000
                    }
                  ],
                  "passes": [
                    "cb950a35-4908-4f6c-98bd-cb126ac33557",
                    "6129d5d7-61fe-49d0-b01c-6ec3a3e24381"
                  ],
                  "failures": [],
                  "pending": [],
                  "skipped": [],
                  "duration": 813,
                  "root": false,
                  "rootEmpty": false,
                  "_timeout": 2000
                },
                {
                  "uuid": "b6aff5cf-a56a-4cef-95e0-3c8609c793e1",
                  "title": "on request fail",
                  "fullFile": "",
                  "file": "",
                  "beforeHooks": [],
                  "afterHooks": [],
                  "tests": [
                    {
                      "title": "should show an error message",
                      "fullTitle": " Adding a todo on request fail should show an error message",
                      "timedOut": null,
                      "duration": 248,
                      "state": "passed",
                      "speed": "fast",
                      "pass": true,
                      "fail": false,
                      "pending": false,
                      "context": null,
                      "code": "errorMessage.assertVisible();\nerrorMessage.assertText('Unable to add a todo');",
                      "err": {},
                      "uuid": "072764b6-6441-4bca-8190-a6c218e6a356",
                      "parentUUID": "b6aff5cf-a56a-4cef-95e0-3c8609c793e1",
                      "isHook": false,
                      "skipped": false
                    },
                    {
                      "title": "should hide an error message in 3 seconds",
                      "fullTitle": " Adding a todo on request fail should hide an error message in 3 seconds",
                      "timedOut": null,
                      "duration": 3208,
                      "state": "passed",
                      "speed": "fast",
                      "pass": true,
                      "fail": false,
                      "pending": false,
                      "context": null,
                      "code": "// just in case\ncy.wait(50);\ncy.clock();\ncy.tick(2500);\nerrorMessage.assertVisible();\ncy.tick(500);\nerrorMessage.assertHidden();",
                      "err": {},
                      "uuid": "1fde3030-71e5-4631-bb51-18b04f9f7498",
                      "parentUUID": "b6aff5cf-a56a-4cef-95e0-3c8609c793e1",
                      "isHook": false,
                      "skipped": false
                    },
                    {
                      "title": "should remove a temp TodoItem on request fail",
                      "fullTitle": " Adding a todo on request fail should remove a temp TodoItem on request fail",
                      "timedOut": null,
                      "duration": 256,
                      "state": "passed",
                      "speed": "fast",
                      "pass": true,
                      "fail": false,
                      "pending": false,
                      "context": null,
                      "code": "todos.assertCount(5);\ntodos.assertTitle(4, 'React');",
                      "err": {},
                      "uuid": "ff62c5f4-eb3c-4ba6-9bc3-b97b220c4281",
                      "parentUUID": "b6aff5cf-a56a-4cef-95e0-3c8609c793e1",
                      "isHook": false,
                      "skipped": false
                    },
                    {
                      "title": "should enable the text field on request fail",
                      "fullTitle": " Adding a todo on request fail should enable the text field on request fail",
                      "timedOut": null,
                      "duration": 257,
                      "state": "passed",
                      "speed": "fast",
                      "pass": true,
                      "fail": false,
                      "pending": false,
                      "context": null,
                      "code": "page.newTodoField().should('not.be.disabled');",
                      "err": {},
                      "uuid": "bd7c5319-c44d-4bb3-890a-78ff975ecefc",
                      "parentUUID": "b6aff5cf-a56a-4cef-95e0-3c8609c793e1",
                      "isHook": false,
                      "skipped": false
                    },
                    {
                      "title": "should keep the entered text on request fail",
                      "fullTitle": " Adding a todo on request fail should keep the entered text on request fail",
                      "timedOut": null,
                      "duration": 251,
                      "state": "passed",
                      "speed": "fast",
                      "pass": true,
                      "fail": false,
                      "pending": false,
                      "context": null,
                      "code": "page.newTodoField().should('have.value', 'Test Todo');",
                      "err": {},
                      "uuid": "66948d85-fd40-4ee7-8e39-3bef5cea1124",
                      "parentUUID": "b6aff5cf-a56a-4cef-95e0-3c8609c793e1",
                      "isHook": false,
                      "skipped": false
                    },
                    {
                      "title": "should focus text field",
                      "fullTitle": " Adding a todo on request fail should focus text field",
                      "timedOut": null,
                      "duration": 250,
                      "state": "passed",
                      "speed": "fast",
                      "pass": true,
                      "fail": false,
                      "pending": false,
                      "context": null,
                      "code": "page.newTodoField().should('be.focused');",
                      "err": {},
                      "uuid": "67b6dee3-8016-4d1d-b43a-a777366b0cc3",
                      "parentUUID": "b6aff5cf-a56a-4cef-95e0-3c8609c793e1",
                      "isHook": false,
                      "skipped": false
                    },
                    {
                      "title": "should not update active counter",
                      "fullTitle": " Adding a todo on request fail should not update active counter",
                      "timedOut": null,
                      "duration": 254,
                      "state": "passed",
                      "speed": "fast",
                      "pass": true,
                      "fail": false,
                      "pending": false,
                      "context": null,
                      "code": "page.todosCounter().should('have.text', '2 items left');",
                      "err": {},
                      "uuid": "1f40dc61-2194-4148-8e2a-6dae19763aee",
                      "parentUUID": "b6aff5cf-a56a-4cef-95e0-3c8609c793e1",
                      "isHook": false,
                      "skipped": false
                    },
                    {
                      "title": "should immediately hide an error message on new request",
                      "fullTitle": " Adding a todo on request fail should immediately hide an error message on new request",
                      "timedOut": null,
                      "duration": 3290,
                      "state": "passed",
                      "speed": "fast",
                      "pass": true,
                      "fail": false,
                      "pending": false,
                      "context": null,
                      "code": "page.newTodoField().type(`{enter}`);\nerrorMessage.assertHidden();",
                      "err": {},
                      "uuid": "39f27835-9ab0-480f-beec-ee01fa51f596",
                      "parentUUID": "b6aff5cf-a56a-4cef-95e0-3c8609c793e1",
                      "isHook": false,
                      "skipped": false
                    },
                    {
                      "title": "should show an error message again on a next fail",
                      "fullTitle": " Adding a todo on request fail should show an error message again on a next fail",
                      "timedOut": null,
                      "duration": 331,
                      "state": "passed",
                      "speed": "fast",
                      "pass": true,
                      "fail": false,
                      "pending": false,
                      "context": null,
                      "code": "// to prevent Cypress from failing the test on uncaught exception\ncy.once('uncaught:exception', () => false);\npage.mockCreate({\n  statusCode: 503,\n  body: 'Service Unavailable'\n}).as('createRequest2');\npage.newTodoField().type(`{enter}`);\ncy.wait('@createRequest2');\nerrorMessage.assertVisible();",
                      "err": {},
                      "uuid": "217ef149-3ddc-4a2c-9165-bef8052f9625",
                      "parentUUID": "b6aff5cf-a56a-4cef-95e0-3c8609c793e1",
                      "isHook": false,
                      "skipped": false
                    },
                    {
                      "title": "should keep an error message for 3s after the last fail",
                      "fullTitle": " Adding a todo on request fail should keep an error message for 3s after the last fail",
                      "timedOut": null,
[...]
                          "duration": 0,
                          "state": "skipped",
                          "speed": null,
                          "pass": false,
                          "fail": false,
                          "pending": false,
                          "context": null,
                          "code": "todos.title(0).trigger('dblclick');\ntodos.titleField(0).type('{enter}');\ntodos.titleField(0).should('not.exist');",
                          "err": {},
                          "uuid": "7bb821d7-ad99-4176-bc59-4f3c5d9b921e",
                          "parentUUID": null,
                          "isHook": false,
                          "skipped": true
                        },
                        {
                          "title": "should be closed on Escape",
                          "fullTitle": " Renaming Edit Form if title was not changed should be closed on Escape",
                          "timedOut": null,
                          "duration": 0,
                          "state": "skipped",
                          "speed": null,
                          "pass": false,
                          "fail": false,
                          "pending": false,
                          "context": null,
                          "code": "todos.title(0).trigger('dblclick');\ntodos.titleField(0).type('{esc}');\ntodos.titleField(0).should('not.exist');",
                          "err": {},
                          "uuid": "affd67ca-4d82-4ed4-9843-9ab951dd78e8",
                          "parentUUID": null,
                          "isHook": false,
                          "skipped": true
                        },
                        {
                          "title": "should preserve current title on save",
                          "fullTitle": " Renaming Edit Form if title was not changed should preserve current title on save",
                          "timedOut": null,
                          "duration": 0,
                          "state": "skipped",
                          "speed": null,
                          "pass": false,
                          "fail": false,
                          "pending": false,
                          "context": null,
                          "code": "todos.title(0).trigger('dblclick');\ntodos.titleField(0).type('{enter}');\ntodos.assertTitle(0, 'HTML');",
                          "err": {},
                          "uuid": "06478c56-b1e8-47e9-b9c0-ede3e0ea9206",
                          "parentUUID": null,
                          "isHook": false,
                          "skipped": true
                        }
                      ],
                      "suites": [],
                      "passes": [],
                      "failures": [],
                      "pending": [],
                      "skipped": [
                        "c1523cd2-3893-4638-a687-dc7f36a0a14c",
                        "7bb821d7-ad99-4176-bc59-4f3c5d9b921e",
                        "affd67ca-4d82-4ed4-9843-9ab951dd78e8",
                        "06478c56-b1e8-47e9-b9c0-ede3e0ea9206"
                      ],
                      "duration": 0,
                      "root": false,
                      "rootEmpty": false,
                      "_timeout": 2000
                    },
                    {
                      "uuid": "69ce6f4f-fd28-4ff6-b0df-280b907a2967",
                      "title": "if title became empty",
                      "fullFile": "",
                      "file": "",
                      "beforeHooks": [],
                      "afterHooks": [],
                      "tests": [
                        {
                          "title": "should not send an update request on enter",
                          "fullTitle": " Renaming Edit Form if title became empty should not send an update request on enter",
                          "timedOut": null,
                          "duration": 0,
                          "state": "skipped",
                          "speed": null,
                          "pass": false,
                          "fail": false,
                          "pending": false,
                          "context": null,
                          "code": "page.mockDelete(257334).as('deleteRequest');\ntodos.titleField(0).type('{enter}');\ncy.get('@renameCallback').should('not.be.called');",
                          "err": {},
                          "uuid": "44c3cbc5-22b9-4585-9937-a3034c63a2e3",
                          "parentUUID": null,
                          "isHook": false,
                          "skipped": true
                        },
                        {
                          "title": "should send a delete request on enter",
                          "fullTitle": " Renaming Edit Form if title became empty should send a delete request on enter",
                          "timedOut": null,
                          "duration": 0,
                          "state": "skipped",
                          "speed": null,
                          "pass": false,
                          "fail": false,
                          "pending": false,
                          "context": null,
                          "code": "page.mockDelete(257334).as('deleteRequest');\ntodos.titleField(0).type('{enter}');\ncy.wait('@deleteRequest');",
                          "err": {},
                          "uuid": "327bbab1-1e6d-4df3-8ecb-e4829c449235",
                          "parentUUID": null,
                          "isHook": false,
                          "skipped": true
                        },
                        {
                          "title": "should show loading on enter",
                          "fullTitle": " Renaming Edit Form if title became empty should show loading on enter",
                          "timedOut": null,
                          "duration": 0,
                          "state": "skipped",
                          "speed": null,
                          "pass": false,
                          "fail": false,
                          "pending": false,
                          "context": null,
                          "code": "page.mockDelete(257334).as('deleteRequest');\npage.pauseTimers();\ntodos.titleField(0).type('{enter}');\ntodos.assertLoading(0);",
                          "err": {},
                          "uuid": "e8ca3ef8-b1b1-49cd-9b00-60d4f89d2c5a",
                          "parentUUID": null,
                          "isHook": false,
                          "skipped": true
                        },
                        {
                          "title": "should delete a todo on success",
                          "fullTitle": " Renaming Edit Form if title became empty should delete a todo on success",
                          "timedOut": null,
                          "duration": 0,
                          "state": "skipped",
                          "speed": null,
                          "pass": false,
                          "fail": false,
                          "pending": false,
                          "context": null,
                          "code": "page.mockDelete(257334).as('deleteRequest');\ntodos.titleField(0).type('{enter}');\ncy.wait('@deleteRequest');\ntodos.assertCount(4);\ntodos.assertTitle(0, 'CSS');",
                          "err": {},
                          "uuid": "730f4142-1848-4a78-be81-4ded80c2c07e",
                          "parentUUID": null,
                          "isHook": false,
                          "skipped": true
                        },
                        {
                          "title": "should show deleting error message on fail",
                          "fullTitle": " Renaming Edit Form if title became empty should show deleting error message on fail",
                          "timedOut": null,
                          "duration": 0,
                          "state": "skipped",
                          "speed": null,
                          "pass": false,
                          "fail": false,
                          "pending": false,
                          "context": null,
                          "code": "// to prevent Cypress from failing the test on uncaught exception\ncy.once('uncaught:exception', () => false);\npage.mockDelete(257334, {\n  statusCode: 503\n}).as('deleteRequest');\ntodos.titleField(0).type('{enter}');\ncy.wait('@deleteRequest');\nerrorMessage.assertVisible();\nerrorMessage.assertText('Unable to delete a todo');",
                          "err": {},
                          "uuid": "1d4ec1d1-6eab-408a-85de-824aa06626b6",
                          "parentUUID": null,
                          "isHook": false,
                          "skipped": true
                        },
                        {
                          "title": "should hide loader on fail",
                          "fullTitle": " Renaming Edit Form if title became empty should hide loader on fail",
                          "timedOut": null,
                          "duration": 0,
                          "state": "skipped",
                          "speed": null,
                          "pass": false,
                          "fail": false,
                          "pending": false,
                          "context": null,
                          "code": "// to prevent Cypress from failing the test on uncaught exception\ncy.once('uncaught:exception', () => false);\npage.mockDelete(257334, {\n  statusCode: 503\n}).as('deleteRequest');\ntodos.titleField(0).type('{enter}');\ncy.wait('@deleteRequest');\npage.flushJSTimers();\ntodos.assertNotLoading(0);",
                          "err": {},
                          "uuid": "8c3c92b5-5c8b-402a-a79e-9f2357d7ed08",
                          "parentUUID": null,
                          "isHook": false,
                          "skipped": true
                        },
                        {
                          "title": "should stay open on fail",
                          "fullTitle": " Renaming Edit Form if title became empty should stay open on fail",
                          "timedOut": null,
                          "duration": 0,
                          "state": "skipped",
                          "speed": null,
                          "pass": false,
                          "fail": false,
                          "pending": false,
                          "context": null,
                          "code": "// to prevent Cypress from failing the test on uncaught exception\ncy.once('uncaught:exception', () => false);\npage.mockDelete(257334, {\n  statusCode: 503\n}).as('deleteRequest');\ntodos.titleField(0).type('{enter}');\ncy.wait('@deleteRequest');\ntodos.titleField(0).should('exist');",
                          "err": {},
                          "uuid": "9e914572-85bd-4fa3-9d42-b51fee89b5ce",
                          "parentUUID": null,
                          "isHook": false,
                          "skipped": true
                        },
                        {
                          "title": "should be closed on Escape",
                          "fullTitle": " Renaming Edit Form if title became empty should be closed on Escape",
                          "timedOut": null,
                          "duration": 0,
                          "state": "skipped",
                          "speed": null,
                          "pass": false,
                          "fail": false,
                          "pending": false,
                          "context": null,
                          "code": "todos.titleField(0).type('{esc}');\ntodos.titleField(0).should('not.exist');",
                          "err": {},
                          "uuid": "67fa6075-1099-436b-b2b3-c29336d3dffa",
                          "parentUUID": null,
                          "isHook": false,
                          "skipped": true
                        },
                        {
                          "title": "should preserve current title on close",
                          "fullTitle": " Renaming Edit Form if title became empty should preserve current title on close",
                          "timedOut": null,
                          "duration": 0,
                          "state": "skipped",
                          "speed": null,
                          "pass": false,
                          "fail": false,
                          "pending": false,
                          "context": null,
                          "code": "todos.titleField(0).type('{esc}');\ntodos.title(0).should('have.text', 'HTML');",
                          "err": {},
                          "uuid": "5e8ac306-f9de-4f76-b454-3b795fb7e07e",
                          "parentUUID": null,
                          "isHook": false,
                          "skipped": true
                        }
                      ],
                      "suites": [],
                      "passes": [],
                      "failures": [],
                      "pending": [],
                      "skipped": [
                        "44c3cbc5-22b9-4585-9937-a3034c63a2e3",
                        "327bbab1-1e6d-4df3-8ecb-e4829c449235",
                        "e8ca3ef8-b1b1-49cd-9b00-60d4f89d2c5a",
                        "730f4142-1848-4a78-be81-4ded80c2c07e",
                        "1d4ec1d1-6eab-408a-85de-824aa06626b6",
                        "8c3c92b5-5c8b-402a-a79e-9f2357d7ed08",
                        "9e914572-85bd-4fa3-9d42-b51fee89b5ce",
                        "67fa6075-1099-436b-b2b3-c29336d3dffa",
                        "5e8ac306-f9de-4f76-b454-3b795fb7e07e"
                      ],
                      "duration": 0,
                      "root": false,
                      "rootEmpty": false,
                      "_timeout": 2000
                    },
                    {
                      "uuid": "ab0d5816-c7e5-4ad6-babc-4a26e80dea34",
                      "title": "on Blur",
                      "fullFile": "",
                      "file": "",
                      "beforeHooks": [],
                      "afterHooks": [],
                      "tests": [
                        {
                          "title": "should save",
                          "fullTitle": " Renaming Edit Form on Blur should save",
                          "timedOut": null,
                          "duration": 0,
                          "state": "skipped",
                          "speed": null,
                          "pass": false,
                          "fail": false,
                          "pending": false,
                          "context": null,
                          "code": "page.mockUpdate(257334).as('renameRequest');\ntodos.title(0).trigger('dblclick');\ntodos.titleField(0).clear();\ntodos.titleField(0).type('New title');\ntodos.titleField(0).blur();\ncy.wait('@renameRequest');\n// just in case\npage.flushJSTimers();\ntodos.assertTitle(0, 'New title');",
                          "err": {},
                          "uuid": "30436fed-b1a2-4c4f-8dbb-5daf234613c5",
                          "parentUUID": null,
                          "isHook": false,
                          "skipped": true
                        },
                        {
                          "title": "should cancel if title was not changed",
                          "fullTitle": " Renaming Edit Form on Blur should cancel if title was not changed",
                          "timedOut": null,
                          "duration": 0,
                          "state": "skipped",
                          "speed": null,
                          "pass": false,
                          "fail": false,
                          "pending": false,
                          "context": null,
                          "code": "const spy = cy.stub().callsFake(req => req.reply({\n  body: _objectSpread(_objectSpread({}, req.body), {}, {\n    id: 257334\n  })\n})).as('renameCallback');\npage.mockUpdate(257334, spy);\ntodos.title(0).trigger('dblclick');\ntodos.titleField(0).blur();\ncy.get('@renameCallback').should('not.be.called');\npage.flushJSTimers();\ntodos.titleField(0).should('not.exist');\ntodos.assertTitle(0, 'HTML');",
                          "err": {},
                          "uuid": "ee5769b5-b508-40c4-918d-583923969a15",
                          "parentUUID": null,
                          "isHook": false,
                          "skipped": true
                        },
                        {
                          "title": "should delete if title is empty",
                          "fullTitle": " Renaming Edit Form on Blur should delete if title is empty",
                          "timedOut": null,
                          "duration": 0,
                          "state": "skipped",
                          "speed": null,
                          "pass": false,
                          "fail": false,
                          "pending": false,
                          "context": null,
                          "code": "page.mockDelete(257334).as('deleteRequest');\ntodos.title(0).trigger('dblclick');\ntodos.titleField(0).clear();\ntodos.titleField(0).blur();\ncy.wait('@deleteRequest');\ntodos.assertCount(4);\ntodos.assertTitle(0, 'CSS');",
                          "err": {},
                          "uuid": "c80592b7-af36-46ae-aced-2dbeb5ef7850",
                          "parentUUID": null,
                          "isHook": false,
                          "skipped": true
                        }
                      ],
                      "suites": [],
                      "passes": [],
                      "failures": [],
                      "pending": [],
                      "skipped": [
                        "30436fed-b1a2-4c4f-8dbb-5daf234613c5",
                        "ee5769b5-b508-40c4-918d-583923969a15",
                        "c80592b7-af36-46ae-aced-2dbeb5ef7850"
                      ],
                      "duration": 0,
                      "root": false,
                      "rootEmpty": false,
                      "_timeout": 2000
                    }
                  ],
                  "passes": [],
                  "failures": [],
                  "pending": [],
                  "skipped": [],
                  "duration": 0,
                  "root": false,
                  "rootEmpty": false,
                  "_timeout": 2000
                }
              ],
              "passes": [],
              "failures": [],
              "pending": [],
              "skipped": [
                "0b78515c-0b8d-432d-8ce0-26383183c792"
              ],
              "duration": 0,
              "root": false,
              "rootEmpty": false,
              "_timeout": 2000
            }
          ],
          "passes": [],
          "failures": [],
          "pending": [],
          "skipped": [],
          "duration": 0,
          "root": false,
          "rootEmpty": false,
          "_timeout": 2000
        }
      ],
      "passes": [],
      "failures": [],
      "pending": [],
      "skipped": [],
      "duration": 0,
      "root": true,
      "rootEmpty": true,
      "_timeout": 2000
    }
  ],
  "meta": {
    "mocha": {
      "version": "7.0.1"
    },
    "mochawesome": {
      "options": {
        "quiet": false,
        "reportFilename": "mochawesome",
        "saveHtml": false,
        "saveJson": true,
        "consoleReporter": "spec",
        "useInlineDiffs": false,
        "code": true
      },
      "version": "7.1.3"
    },
    "marge": {
      "options": {
        "reportDir": "raw_reports",
        "overwrite": false,
        "html": false,
        "json": true
      },
      "version": "6.2.0"
    }
  }
}